$ g++ DisplayImage.cpp && ./a. out
In file included from /usr/include/opencv2/core.hpp:52:0,
                 from /usr/local/include/opencv4/opencv2/opencv.hpp:52,
                 from DisplayImage.cpp:2:
/usr/include/opencv2/core/cvdef.h:740:4: error: #error "OpenCV 4.x+ requires enabled C++11 support"
 #  error "OpenCV 4.x+ requires enabled C++11 support"
    ^
In file included from /usr/include/c++/5/array:35:0,
                 from /usr/include/opencv2/core/cvdef.h:746,
                 from /usr/include/opencv2/core.hpp:52,
                 from /usr/local/include/opencv4/opencv2/opencv.hpp:52,
                 from DisplayImage.cpp:2:
/usr/include/c++/5/bits/c++0x_warning.h:32:2: error: #error This file requires compiler and library support for the ISO C++ 2011 standard. This support must be enabled with the -std=c++11 or -std=gnu++11 compiler options.
 #error This file requires compiler and library support \
  ^
In file included from /usr/include/opencv2/core/cvstd.hpp:81:0,
                 from /usr/include/opencv2/core/base.hpp:58,
                 from /usr/include/opencv2/core.hpp:53,
                 from /usr/local/include/opencv4/opencv2/opencv.hpp:52,
                 from DisplayImage.cpp:2:
/usr/include/opencv2/core/cvstd_wrapper.hpp:16:12: error: ‘std::nullptr_t’ has not been declared
 using std::nullptr_t;
            ^
In file included from /usr/include/opencv2/core/cvstd.hpp:81:0,
                 from /usr/include/opencv2/core/base.hpp:58,
                 from /usr/include/opencv2/core.hpp:53,
                 from /usr/local/include/opencv4/opencv2/opencv.hpp:52,
                 from DisplayImage.cpp:2:
/usr/include/opencv2/core/cvstd_wrapper.hpp:45:30: error: ‘true_type’ in namespace ‘std’ does not name a type
     static CV_CONSTEXPR std::true_type check(typename std::is_same<typename std::decay<decltype(std::declval<T>().operator()(std::declval<Args
                              ^
/usr/include/opencv2/core/cvstd_wrapper.hpp:47:49: error: ‘false_type’ in namespace ‘std’ does not name a type
     template<typename> static CV_CONSTEXPR std::false_type check(...);
                                                 ^
/usr/include/opencv2/core/cvstd_wrapper.hpp:49:22: error: ‘check’ has not been declared
     typedef decltype(check<C>(0)) type;
                      ^
/usr/include/opencv2/core/cvstd_wrapper.hpp:49:27: error: expected ‘,’ or ‘...’ before ‘<’ token
     typedef decltype(check<C>(0)) type;
                           ^
/usr/include/opencv2/core/cvstd_wrapper.hpp:49:33: error: expected ‘;’ at end of member declaration
     typedef decltype(check<C>(0)) type;
                                 ^
/usr/include/opencv2/core/cvstd_wrapper.hpp:49:35: error: ‘type’ does not name a type
     typedef decltype(check<C>(0)) type;
                                   ^
/usr/include/opencv2/core/cvstd_wrapper.hpp:56:30: error: ‘type’ has not been declared
     static const int value = type::value;
                              ^
/usr/include/opencv2/core/cvstd_wrapper.hpp:63:34: error: expected class-name before ‘{’ token
         : public std::false_type {};
                                  ^
/usr/include/opencv2/core/cvstd_wrapper.hpp:68:43: error: ‘enable_if’ in namespace ‘std’ does not name a template type
 struct has_custom_delete<T, typename std::enable_if< sfinae::has_parenthesis_operator<DefaultDeleter<T>, void, T*>::value >::type >
                                           ^
/usr/include/opencv2/core/cvstd_wrapper.hpp:68:52: error: expected template-argument before ‘<’ token
 struct has_custom_delete<T, typename std::enable_if< sfinae::has_parenthesis_operator<DefaultDeleter<T>, void, T*>::value >::type >
                                                    ^
/usr/include/opencv2/core/cvstd_wrapper.hpp:68:52: error: expected ‘>’ before ‘<’ token
/usr/include/opencv2/core/cvstd_wrapper.hpp:68:131: error: template argument 2 is invalid
 struct has_custom_delete<T, typename std::enable_if< sfinae::has_parenthesis_operator<DefaultDeleter<T>, void, T*>::value >::type >
                                                                                                                                   ^
/usr/include/opencv2/core/cvstd_wrapper.hpp:69:9: error: expected ‘::’ before ‘:’ token
         : public std::true_type {};
         ^
/usr/include/opencv2/core/cvstd_wrapper.hpp:69:9: error: expected identifier before ‘:’ token
/usr/include/opencv2/core/cvstd_wrapper.hpp:69:9: error: qualified name does not name a class before ‘:’ token
/usr/include/opencv2/core/cvstd_wrapper.hpp:69:9: error: expected ‘{’ before ‘:’ token
/usr/include/opencv2/core/cvstd_wrapper.hpp:69:9: error: expected unqualified-id before ‘:’ token
/usr/include/opencv2/core/cvstd_wrapper.hpp:73:36: error: expected template-name before ‘<’ token
 struct Ptr : public std::shared_ptr<T>
                                    ^
/usr/include/opencv2/core/cvstd_wrapper.hpp:73:36: error: expected ‘{’ before ‘<’ token
/usr/include/opencv2/core/cvstd_wrapper.hpp:73:36: error: expected unqualified-id before ‘<’ token
/usr/include/opencv2/core/cvstd_wrapper.hpp: In function ‘cv::Ptr<_Tp> cv::makePtr(const A1& ...)’:
/usr/include/opencv2/core/cvstd_wrapper.hpp:146:22: error: ‘make_shared’ is not a member of ‘std’
     return (Ptr<_Tp>)std::make_shared<_Tp>(a1...);
                      ^
/usr/include/opencv2/core/cvstd_wrapper.hpp:146:42: error: expected primary-expression before ‘>’ token
     return (Ptr<_Tp>)std::make_shared<_Tp>(a1...);
                                          ^
/usr/include/opencv2/core/cvstd_wrapper.hpp:146:46: error: expected ‘)’ before ‘...’ token
     return (Ptr<_Tp>)std::make_shared<_Tp>(a1...);
                                              ^
/usr/include/opencv2/core/cvstd_wrapper.hpp:146:49: error: parameter packs not expanded with ‘...’:
     return (Ptr<_Tp>)std::make_shared<_Tp>(a1...);
                                                 ^
/usr/include/opencv2/core/cvstd_wrapper.hpp:146:49: note:         ‘a1’
In file included from /usr/include/opencv2/core.hpp:53:0,
                 from /usr/local/include/opencv4/opencv2/opencv.hpp:52,
                 from DisplayImage.cpp:2:
/usr/include/opencv2/core/base.hpp: In function ‘double cv::cubeRoot(double)’:
/usr/include/opencv2/core/base.hpp:548:12: error: ‘cbrt’ is not a member of ‘std’
     return std::cbrt(val);
            ^
/usr/include/opencv2/core/base.hpp:548:12: note: suggested alternative:
In file included from /usr/include/features.h:367:0,
                 from /usr/include/stdio.h:27,
                 from DisplayImage.cpp:1:
/usr/include/i386-linux-gnu/bits/mathcalls.h:169:1: note:   ‘cbrt’
 __MATHCALL (cbrt,, (_Mdouble_ __x));
 ^
In file included from /usr/include/opencv2/core.hpp:56:0,
                 from /usr/local/include/opencv4/opencv2/opencv.hpp:52,
                 from DisplayImage.cpp:2:
/usr/include/opencv2/core/matx.hpp: At global scope:
/usr/include/opencv2/core/matx.hpp:143:31: error: expected ‘)’ before ‘<’ token
     Matx(std::initializer_list<_Tp>); //!< initialize from an initializer list
                               ^
In file included from /usr/include/opencv2/core.hpp:56:0,
                 from /usr/local/include/opencv4/opencv2/opencv.hpp:52,
                 from DisplayImage.cpp:2:
/usr/include/opencv2/core/matx.hpp:370:30: error: expected ‘)’ before ‘<’ token
     Vec(std::initializer_list<_Tp>);
                              ^
/usr/include/opencv2/core/matx.hpp:677:28: error: ‘cv::Matx<_Tp, m, n>::Matx’ declared as an ‘inline’ variable
 Matx<_Tp, m, n>::Matx(std::initializer_list<_Tp> list)
                            ^
/usr/include/opencv2/core/matx.hpp:677:28: error: ‘int cv::Matx<_Tp, m, n>::Matx’ is not a static data member of ‘class cv::Matx<_Tp, m, n>’
/usr/include/opencv2/core/matx.hpp:677:28: error: template definition of non-template ‘int cv::Matx<_Tp, m, n>::Matx’
/usr/include/opencv2/core/matx.hpp:677:23: error: ‘initializer_list’ is not a member of ‘std’
 Matx<_Tp, m, n>::Matx(std::initializer_list<_Tp> list)
                       ^
/usr/include/opencv2/core/matx.hpp:677:48: error: expected primary-expression before ‘>’ token
 Matx<_Tp, m, n>::Matx(std::initializer_list<_Tp> list)
                                                ^
/usr/include/opencv2/core/matx.hpp:677:50: error: ‘list’ was not declared in this scope
 Matx<_Tp, m, n>::Matx(std::initializer_list<_Tp> list)
                                                  ^
/usr/include/opencv2/core/matx.hpp:1029:24: error: ‘cv::Vec<_Tp, cn>::Vec’ declared as an ‘inline’ variable
 Vec<_Tp, cn>::Vec(std::initializer_list<_Tp> list)
                        ^
/usr/include/opencv2/core/matx.hpp:1029:24: error: ‘int cv::Vec<_Tp, cn>::Vec’ is not a static data member of ‘class cv::Vec<_Tp, cn>’
/usr/include/opencv2/core/matx.hpp:1029:24: error: template definition of non-template ‘int cv::Vec<_Tp, cn>::Vec’
/usr/include/opencv2/core/matx.hpp:1029:19: error: ‘initializer_list’ is not a member of ‘std’
 Vec<_Tp, cn>::Vec(std::initializer_list<_Tp> list)
                   ^
/usr/include/opencv2/core/matx.hpp:1029:44: error: expected primary-expression before ‘>’ token
 Vec<_Tp, cn>::Vec(std::initializer_list<_Tp> list)
                                            ^
/usr/include/opencv2/core/matx.hpp:1029:46: error: ‘list’ was not declared in this scope
 Vec<_Tp, cn>::Vec(std::initializer_list<_Tp> list)
                                              ^
In file included from /usr/include/opencv2/core.hpp:57:0,
                 from /usr/local/include/opencv4/opencv2/opencv.hpp:52,
                 from DisplayImage.cpp:2:
/usr/include/opencv2/core/types.hpp:166:18: error: expected ‘,’ or ‘...’ before ‘&&’ token
     Point_(Point_&& pt) CV_NOEXCEPT;
                  ^
/usr/include/opencv2/core/types.hpp:166:23: error: invalid constructor; you probably meant ‘cv::Point_<_Tp> (const cv::Point_<_Tp>&)’
     Point_(Point_&& pt) CV_NOEXCEPT;
                       ^
/usr/include/opencv2/core/types.hpp:171:31: error: expected ‘,’ or ‘...’ before ‘&&’ token
     Point_& operator = (Point_&& pt) CV_NOEXCEPT;
                               ^
/usr/include/opencv2/core/types.hpp:248:20: error: expected ‘,’ or ‘...’ before ‘&&’ token
     Point3_(Point3_&& pt) CV_NOEXCEPT;
                    ^
/usr/include/opencv2/core/types.hpp:248:25: error: invalid constructor; you probably meant ‘cv::Point3_<_Tp> (const cv::Point3_<_Tp>&)’
     Point3_(Point3_&& pt) CV_NOEXCEPT;
                         ^
/usr/include/opencv2/core/types.hpp:253:33: error: expected ‘,’ or ‘...’ before ‘&&’ token
     Point3_& operator = (Point3_&& pt) CV_NOEXCEPT;
                                 ^
/usr/include/opencv2/core/types.hpp:324:16: error: expected ‘,’ or ‘...’ before ‘&&’ token
     Size_(Size_&& sz) CV_NOEXCEPT;
                ^
/usr/include/opencv2/core/types.hpp:324:21: error: invalid constructor; you probably meant ‘cv::Size_<_Tp> (const cv::Size_<_Tp>&)’
     Size_(Size_&& sz) CV_NOEXCEPT;
                     ^
/usr/include/opencv2/core/types.hpp:328:29: error: expected ‘,’ or ‘...’ before ‘&&’ token
     Size_& operator = (Size_&& sz) CV_NOEXCEPT;
                             ^
/usr/include/opencv2/core/types.hpp:429:16: error: expected ‘,’ or ‘...’ before ‘&&’ token
     Rect_(Rect_&& r) CV_NOEXCEPT;
                ^
/usr/include/opencv2/core/types.hpp:429:20: error: invalid constructor; you probably meant ‘cv::Rect_<_Tp> (const cv::Rect_<_Tp>&)’
     Rect_(Rect_&& r) CV_NOEXCEPT;
                    ^
/usr/include/opencv2/core/types.hpp:434:30: error: expected ‘,’ or ‘...’ before ‘&&’ token
     Rect_& operator = ( Rect_&& r ) CV_NOEXCEPT;
                              ^
In file included from /usr/include/opencv2/core.hpp:57:0,
                 from /usr/local/include/opencv4/opencv2/opencv.hpp:52,
                 from DisplayImage.cpp:2:
/usr/include/opencv2/core/types.hpp:645:20: error: expected ‘,’ or ‘...’ before ‘&&’ token
     Scalar_(Scalar_&& s) CV_NOEXCEPT;
                    ^
/usr/include/opencv2/core/types.hpp:645:24: error: invalid constructor; you probably meant ‘cv::Scalar_<_Tp> (const cv::Scalar_<_Tp>&)’
     Scalar_(Scalar_&& s) CV_NOEXCEPT;
                        ^
/usr/include/opencv2/core/types.hpp:648:31: error: expected ‘,’ or ‘...’ before ‘&&’ token
     Scalar_& operator=(Scalar_&& s) CV_NOEXCEPT;
                               ^
/usr/include/opencv2/core/types.hpp:1172:27: error: expected ‘,’ or ‘...’ before ‘&&’ token
 Point_<_Tp>::Point_(Point_&& pt) CV_NOEXCEPT
                           ^
/usr/include/opencv2/core/types.hpp:1172:1: error: prototype for ‘cv::Point_<_Tp>::Point_(cv::Point_<_Tp>)’ does not match any in class ‘cv::Point_<_Tp>’
 Point_<_Tp>::Point_(Point_&& pt) CV_NOEXCEPT
 ^
In file included from /usr/include/opencv2/core.hpp:57:0,
                 from /usr/local/include/opencv4/opencv2/opencv.hpp:52,
                 from DisplayImage.cpp:2:
/usr/include/opencv2/core/types.hpp:168:5: error: candidates are: cv::Point_<_Tp>::Point_(const cv::Vec<_Tp, 2>&)
     Point_(const Vec<_Tp, 2>& v);
     ^
/usr/include/opencv2/core/types.hpp:167:5: error:                 cv::Point_<_Tp>::Point_(const cv::Size_<_Tp>&)
     Point_(const Size_<_Tp>& sz);
     ^
In file included from /usr/include/opencv2/core.hpp:57:0,
                 from /usr/local/include/opencv4/opencv2/opencv.hpp:52,
                 from DisplayImage.cpp:2:
/usr/include/opencv2/core/types.hpp:1168:1: error:                 cv::Point_<_Tp>::Point_(const cv::Point_<_Tp>&)
 Point_<_Tp>::Point_(const Point_& pt)
 ^
/usr/include/opencv2/core/types.hpp:1164:1: error:                 cv::Point_<_Tp>::Point_(_Tp, _Tp)
 Point_<_Tp>::Point_(_Tp _x, _Tp _y)
 ^
/usr/include/opencv2/core/types.hpp:1160:1: error:                 cv::Point_<_Tp>::Point_()
 Point_<_Tp>::Point_()
 ^
/usr/include/opencv2/core/types.hpp:1191:45: error: expected ‘,’ or ‘...’ before ‘&&’ token
 Point_<_Tp>& Point_<_Tp>::operator = (Point_&& pt) CV_NOEXCEPT
                                             ^
/usr/include/opencv2/core/types.hpp: In member function ‘cv::Point_<_Tp>& cv::Point_<_Tp>::operator=(cv::Point_<_Tp>)’:
/usr/include/opencv2/core/types.hpp:1193:9: error: ‘move’ is not a member of ‘std’
     x = std::move(pt.x); y = std::move(pt.y);
         ^
/usr/include/opencv2/core/types.hpp:1193:19: error: ‘pt’ was not declared in this scope
     x = std::move(pt.x); y = std::move(pt.y);
                   ^
/usr/include/opencv2/core/types.hpp:1193:30: error: ‘move’ is not a member of ‘std’
     x = std::move(pt.x); y = std::move(pt.y);
                              ^
/usr/include/opencv2/core/types.hpp: At global scope:
/usr/include/opencv2/core/types.hpp:1439:30: error: expected ‘,’ or ‘...’ before ‘&&’ token
 Point3_<_Tp>::Point3_(Point3_&& pt) CV_NOEXCEPT
                              ^
/usr/include/opencv2/core/types.hpp:1439:1: error: prototype for ‘cv::Point3_<_Tp>::Point3_(cv::Point3_<_Tp>)’ does not match any in class ‘cv::Point3_<_Tp>’
 Point3_<_Tp>::Point3_(Point3_&& pt) CV_NOEXCEPT
 ^
In file included from /usr/include/opencv2/core.hpp:57:0,
                 from /usr/local/include/opencv4/opencv2/opencv.hpp:52,
                 from DisplayImage.cpp:2:
/usr/include/opencv2/core/types.hpp:250:5: error: candidates are: cv::Point3_<_Tp>::Point3_(const cv::Vec<T2, 3>&)
     Point3_(const Vec<_Tp, 3>& v);
     ^
/usr/include/opencv2/core/types.hpp:249:14: error:                 cv::Point3_<_Tp>::Point3_(const cv::Point_<_Tp>&)
     explicit Point3_(const Point_<_Tp>& pt);
              ^
In file included from /usr/include/opencv2/core.hpp:57:0,
                 from /usr/local/include/opencv4/opencv2/opencv.hpp:52,
                 from DisplayImage.cpp:2:
/usr/include/opencv2/core/types.hpp:1435:1: error:                 cv::Point3_<_Tp>::Point3_(const cv::Point3_<_Tp>&)
 Point3_<_Tp>::Point3_(const Point3_& pt)
 ^
/usr/include/opencv2/core/types.hpp:1431:1: error:                 cv::Point3_<_Tp>::Point3_(_Tp, _Tp, _Tp)
 Point3_<_Tp>::Point3_(_Tp _x, _Tp _y, _Tp _z)
 ^
/usr/include/opencv2/core/types.hpp:1427:1: error:                 cv::Point3_<_Tp>::Point3_()
 Point3_<_Tp>::Point3_()
 ^
/usr/include/opencv2/core/types.hpp:1470:48: error: expected ‘,’ or ‘...’ before ‘&&’ token
 Point3_<_Tp>& Point3_<_Tp>::operator = (Point3_&& pt) CV_NOEXCEPT
                                                ^
/usr/include/opencv2/core/types.hpp: In member function ‘cv::Point3_<_Tp>& cv::Point3_<_Tp>::operator=(cv::Point3_<_Tp>)’:
/usr/include/opencv2/core/types.hpp:1472:9: error: ‘move’ is not a member of ‘std’
     x = std::move(pt.x); y = std::move(pt.y); z = std::move(pt.z);
         ^
/usr/include/opencv2/core/types.hpp:1472:19: error: ‘pt’ was not declared in this scope
     x = std::move(pt.x); y = std::move(pt.y); z = std::move(pt.z);
                   ^
/usr/include/opencv2/core/types.hpp:1472:30: error: ‘move’ is not a member of ‘std’
     x = std::move(pt.x); y = std::move(pt.y); z = std::move(pt.z);
                              ^
/usr/include/opencv2/core/types.hpp:1472:51: error: ‘move’ is not a member of ‘std’
     x = std::move(pt.x); y = std::move(pt.y); z = std::move(pt.z);
                                                   ^
/usr/include/opencv2/core/types.hpp: At global scope:
/usr/include/opencv2/core/types.hpp:1693:24: error: expected ‘,’ or ‘...’ before ‘&&’ token
 Size_<_Tp>::Size_(Size_&& sz) CV_NOEXCEPT
                        ^
/usr/include/opencv2/core/types.hpp:1693:1: error: prototype for ‘cv::Size_<_Tp>::Size_(cv::Size_<_Tp>)’ does not match any in class ‘cv::Size_<_Tp>’
 Size_<_Tp>::Size_(Size_&& sz) CV_NOEXCEPT
 ^
In file included from /usr/include/opencv2/core.hpp:57:0,
                 from /usr/local/include/opencv4/opencv2/opencv.hpp:52,
                 from DisplayImage.cpp:2:
/usr/include/opencv2/core/types.hpp:325:5: error: candidates are: cv::Size_<_Tp>::Size_(const cv::Point_<_Tp>&)
     Size_(const Point_<_Tp>& pt);
     ^
In file included from /usr/include/opencv2/core.hpp:57:0,
                 from /usr/local/include/opencv4/opencv2/opencv.hpp:52,
                 from DisplayImage.cpp:2:
/usr/include/opencv2/core/types.hpp:1689:1: error:                 cv::Size_<_Tp>::Size_(const cv::Size_<_Tp>&)
 Size_<_Tp>::Size_(const Size_& sz)
 ^
/usr/include/opencv2/core/types.hpp:1685:1: error:                 cv::Size_<_Tp>::Size_(_Tp, _Tp)
 Size_<_Tp>::Size_(_Tp _width, _Tp _height)
 ^
/usr/include/opencv2/core/types.hpp:1681:1: error:                 cv::Size_<_Tp>::Size_()
 Size_<_Tp>::Size_()
 ^
/usr/include/opencv2/core/types.hpp:1714:47: error: expected ‘,’ or ‘...’ before ‘&&’ token
 Size_<_Tp>& Size_<_Tp>::operator = (Size_<_Tp>&& sz) CV_NOEXCEPT
                                               ^
/usr/include/opencv2/core/types.hpp: In member function ‘cv::Size_<_Tp>& cv::Size_<_Tp>::operator=(cv::Size_<_Tp>)’:
/usr/include/opencv2/core/types.hpp:1716:13: error: ‘move’ is not a member of ‘std’
     width = std::move(sz.width); height = std::move(sz.height);
             ^
/usr/include/opencv2/core/types.hpp:1716:23: error: ‘sz’ was not declared in this scope
     width = std::move(sz.width); height = std::move(sz.height);
                       ^
/usr/include/opencv2/core/types.hpp:1716:43: error: ‘move’ is not a member of ‘std’
     width = std::move(sz.width); height = std::move(sz.height);
                                           ^
/usr/include/opencv2/core/types.hpp: At global scope:
/usr/include/opencv2/core/types.hpp:1835:29: error: expected ‘,’ or ‘...’ before ‘&&’ token
 Rect_<_Tp>::Rect_(Rect_<_Tp>&& r) CV_NOEXCEPT
                             ^
/usr/include/opencv2/core/types.hpp:1835:1: error: prototype for ‘cv::Rect_<_Tp>::Rect_(cv::Rect_<_Tp>)’ does not match any in class ‘cv::Rect_<_Tp>’
 Rect_<_Tp>::Rect_(Rect_<_Tp>&& r) CV_NOEXCEPT
 ^
In file included from /usr/include/opencv2/core.hpp:57:0,
                 from /usr/local/include/opencv4/opencv2/opencv.hpp:52,
                 from DisplayImage.cpp:2:
/usr/include/opencv2/core/types.hpp:431:5: error: candidates are: cv::Rect_<_Tp>::Rect_(const cv::Point_<_Tp>&, const cv::Point_<_Tp>&)
     Rect_(const Point_<_Tp>& pt1, const Point_<_Tp>& pt2);
     ^
/usr/include/opencv2/core/types.hpp:430:5: error:                 cv::Rect_<_Tp>::Rect_(const cv::Point_<_Tp>&, const cv::Size_<_Tp>&)
     Rect_(const Point_<_Tp>& org, const Size_<_Tp>& sz);
     ^
In file included from /usr/include/opencv2/core.hpp:57:0,
                 from /usr/local/include/opencv4/opencv2/opencv.hpp:52,
                 from DisplayImage.cpp:2:
/usr/include/opencv2/core/types.hpp:1831:1: error:                 cv::Rect_<_Tp>::Rect_(const cv::Rect_<_Tp>&)
 Rect_<_Tp>::Rect_(const Rect_<_Tp>& r)
 ^
/usr/include/opencv2/core/types.hpp:1827:1: error:                 cv::Rect_<_Tp>::Rect_(_Tp, _Tp, _Tp, _Tp)
 Rect_<_Tp>::Rect_(_Tp _x, _Tp _y, _Tp _width, _Tp _height)
 ^
/usr/include/opencv2/core/types.hpp:1823:1: error:                 cv::Rect_<_Tp>::Rect_()
 Rect_<_Tp>::Rect_()
 ^
/usr/include/opencv2/core/types.hpp:1862:48: error: expected ‘,’ or ‘...’ before ‘&&’ token
 Rect_<_Tp>& Rect_<_Tp>::operator = ( Rect_<_Tp>&& r ) CV_NOEXCEPT
                                                ^
/usr/include/opencv2/core/types.hpp: In member function ‘cv::Rect_<_Tp>& cv::Rect_<_Tp>::operator=(cv::Rect_<_Tp>)’:
/usr/include/opencv2/core/types.hpp:1864:9: error: ‘move’ is not a member of ‘std’
     x = std::move(r.x);
         ^
/usr/include/opencv2/core/types.hpp:1864:19: error: ‘r’ was not declared in this scope
     x = std::move(r.x);
                   ^
/usr/include/opencv2/core/types.hpp:1865:9: error: ‘move’ is not a member of ‘std’
     y = std::move(r.y);
         ^
/usr/include/opencv2/core/types.hpp:1866:13: error: ‘move’ is not a member of ‘std’
     width = std::move(r.width);
             ^
/usr/include/opencv2/core/types.hpp:1867:14: error: ‘move’ is not a member of ‘std’
     height = std::move(r.height);
              ^
/usr/include/opencv2/core/types.hpp: At global scope:
/usr/include/opencv2/core/types.hpp:2171:35: error: expected ‘,’ or ‘...’ before ‘&&’ token
 Scalar_<_Tp>::Scalar_(Scalar_<_Tp>&& s) CV_NOEXCEPT {
                                   ^
/usr/include/opencv2/core/types.hpp:2171:1: error: prototype for ‘cv::Scalar_<_Tp>::Scalar_(cv::Scalar_<_Tp>)’ does not match any in class ‘cv::Scalar_<_Tp>’
 Scalar_<_Tp>::Scalar_(Scalar_<_Tp>&& s) CV_NOEXCEPT {
 ^
/usr/include/opencv2/core/types.hpp:651:5: error: candidates are: template<class _Tp> template<class _Tp2, int cn> cv::Scalar_<_Tp>::Scalar_(const cv::Vec<_Tp2, cn>&)
     Scalar_(const Vec<_Tp2, cn>& v);
     ^
/usr/include/opencv2/core/types.hpp:2167:1: error:                 cv::Scalar_<_Tp>::Scalar_(const cv::Scalar_<_Tp>&)
 Scalar_<_Tp>::Scalar_(const Scalar_<_Tp>& s) : Vec<_Tp, 4>(s) {
 ^
/usr/include/opencv2/core/types.hpp:642:5: error:                 cv::Scalar_<_Tp>::Scalar_(_Tp)
     Scalar_(_Tp v0);
     ^
/usr/include/opencv2/core/types.hpp:2158:1: error:                 cv::Scalar_<_Tp>::Scalar_(_Tp, _Tp, _Tp, _Tp)
 Scalar_<_Tp>::Scalar_(_Tp v0, _Tp v1, _Tp v2, _Tp v3)
 ^
/usr/include/opencv2/core/types.hpp:2152:1: error:                 cv::Scalar_<_Tp>::Scalar_()
 Scalar_<_Tp>::Scalar_()
 ^
/usr/include/opencv2/core/types.hpp:2188:51: error: expected ‘,’ or ‘...’ before ‘&&’ token
 Scalar_<_Tp>& Scalar_<_Tp>::operator=(Scalar_<_Tp>&& s) CV_NOEXCEPT {
                                                   ^
/usr/include/opencv2/core/types.hpp: In member function ‘cv::Scalar_<_Tp>& cv::Scalar_<_Tp>::operator=(cv::Scalar_<_Tp>)’:
/usr/include/opencv2/core/types.hpp:2189:20: error: ‘move’ is not a member of ‘std’
     this->val[0] = std::move(s.val[0]);
                    ^
/usr/include/opencv2/core/types.hpp:2189:30: error: ‘s’ was not declared in this scope
     this->val[0] = std::move(s.val[0]);
                              ^
/usr/include/opencv2/core/types.hpp:2190:20: error: ‘move’ is not a member of ‘std’
     this->val[1] = std::move(s.val[1]);
                    ^
/usr/include/opencv2/core/types.hpp:2191:20: error: ‘move’ is not a member of ‘std’
     this->val[2] = std::move(s.val[2]);
                    ^
/usr/include/opencv2/core/types.hpp:2192:20: error: ‘move’ is not a member of ‘std’
     this->val[3] = std::move(s.val[3]);
                    ^
In file included from /usr/include/opencv2/core.hpp:52:0,
                 from /usr/local/include/opencv4/opencv2/opencv.hpp:52,
                 from DisplayImage.cpp:2:
/usr/include/opencv2/core/mat.hpp: In function ‘bool cv::operator!(const cv::AccessFlag&)’:
/usr/include/opencv2/core/mat.hpp:66:1: error: ‘underlying_type’ in namespace ‘std’ does not name a template type
 CV_ENUM_FLAGS(AccessFlag)
 ^
/usr/include/opencv2/core/mat.hpp:66:1: error: ‘UnderlyingType’ does not name a type
 CV_ENUM_FLAGS(AccessFlag)
 ^
/usr/include/opencv2/core/mat.hpp: In function ‘cv::AccessFlag cv::operator~(const cv::AccessFlag&)’:
/usr/include/opencv2/core/mat.hpp:66:1: error: ‘underlying_type’ in namespace ‘std’ does not name a template type
 CV_ENUM_FLAGS(AccessFlag)
 ^
/usr/include/opencv2/core/mat.hpp:66:1: error: ‘UnderlyingType’ does not name a type
 CV_ENUM_FLAGS(AccessFlag)
 ^
/usr/include/opencv2/core/mat.hpp: In function ‘cv::AccessFlag cv::operator|(const cv::AccessFlag&, const cv::AccessFlag&)’:
/usr/include/opencv2/core/mat.hpp:66:1: error: ‘underlying_type’ in namespace ‘std’ does not name a template type
 CV_ENUM_FLAGS(AccessFlag)
 ^
/usr/include/opencv2/core/mat.hpp:66:1: error: ‘UnderlyingType’ does not name a type
 CV_ENUM_FLAGS(AccessFlag)
 ^
/usr/include/opencv2/core/mat.hpp:66:1: error: ‘UnderlyingType’ does not name a type
 CV_ENUM_FLAGS(AccessFlag)
 ^
/usr/include/opencv2/core/mat.hpp: In function ‘cv::AccessFlag cv::operator&(const cv::AccessFlag&, const cv::AccessFlag&)’:
/usr/include/opencv2/core/mat.hpp:66:1: error: ‘underlying_type’ in namespace ‘std’ does not name a template type
 CV_ENUM_FLAGS(AccessFlag)
 ^
/usr/include/opencv2/core/mat.hpp:66:1: error: ‘UnderlyingType’ does not name a type
 CV_ENUM_FLAGS(AccessFlag)
 ^
/usr/include/opencv2/core/mat.hpp:66:1: error: ‘UnderlyingType’ does not name a type
 CV_ENUM_FLAGS(AccessFlag)
 ^
/usr/include/opencv2/core/mat.hpp: In function ‘cv::AccessFlag cv::operator^(const cv::AccessFlag&, const cv::AccessFlag&)’:
/usr/include/opencv2/core/mat.hpp:66:1: error: ‘underlying_type’ in namespace ‘std’ does not name a template type
 CV_ENUM_FLAGS(AccessFlag)
 ^
/usr/include/opencv2/core/mat.hpp:66:1: error: ‘UnderlyingType’ does not name a type
 CV_ENUM_FLAGS(AccessFlag)
 ^
/usr/include/opencv2/core/mat.hpp:66:1: error: ‘UnderlyingType’ does not name a type
 CV_ENUM_FLAGS(AccessFlag)
 ^
/usr/include/opencv2/core/mat.hpp: In function ‘cv::AccessFlag cv::operator&(const int&, const cv::AccessFlag&)’:
/usr/include/opencv2/core/mat.hpp:67:1: error: ‘underlying_type’ in namespace ‘std’ does not name a template type
 __CV_ENUM_FLAGS_BITWISE_AND(AccessFlag, int, AccessFlag)
 ^
/usr/include/opencv2/core/mat.hpp:67:1: error: ‘UnderlyingType’ does not name a type
 __CV_ENUM_FLAGS_BITWISE_AND(AccessFlag, int, AccessFlag)
 ^
/usr/include/opencv2/core/mat.hpp:67:1: error: ‘UnderlyingType’ does not name a type
 __CV_ENUM_FLAGS_BITWISE_AND(AccessFlag, int, AccessFlag)
 ^
In file included from /usr/include/opencv2/core.hpp:58:0,
                 from /usr/local/include/opencv4/opencv2/opencv.hpp:52,
                 from DisplayImage.cpp:2:
/usr/include/opencv2/core/mat.hpp: At global scope:
/usr/include/opencv2/core/mat.hpp:211:68: error: ‘array’ in namespace ‘std’ does not name a template type
     template<typename _Tp, std::size_t _Nm> _InputArray(const std::array<_Tp, _Nm>& arr);
                                                                    ^
/usr/include/opencv2/core/mat.hpp:211:73: error: expected ‘,’ or ‘...’ before ‘<’ token
     template<typename _Tp, std::size_t _Nm> _InputArray(const std::array<_Tp, _Nm>& arr);
                                                                         ^
/usr/include/opencv2/core/mat.hpp:212:54: error: ‘array’ in namespace ‘std’ does not name a template type
     template<std::size_t _Nm> _InputArray(const std::array<Mat, _Nm>& arr);
                                                      ^
/usr/include/opencv2/core/mat.hpp:212:59: error: expected ‘,’ or ‘...’ before ‘<’ token
     template<std::size_t _Nm> _InputArray(const std::array<Mat, _Nm>& arr);
                                                           ^
/usr/include/opencv2/core/mat.hpp:215:81: error: ‘array’ in namespace ‘std’ does not name a template type
     template<typename _Tp, std::size_t _Nm> static _InputArray rawIn(const std::array<_Tp, _Nm>& arr);
                                                                                 ^
/usr/include/opencv2/core/mat.hpp:215:86: error: expected ‘,’ or ‘...’ before ‘<’ token
     template<typename _Tp, std::size_t _Nm> static _InputArray rawIn(const std::array<_Tp, _Nm>& arr);
                                                                                      ^
In file included from /usr/include/opencv2/core.hpp:52:0,
                 from /usr/local/include/opencv4/opencv2/opencv.hpp:52,
                 from DisplayImage.cpp:2:
/usr/include/opencv2/core/mat.hpp: In function ‘bool cv::operator!(const cv::_InputArray::KindFlag&)’:
/usr/include/opencv2/core/mat.hpp:266:1: error: ‘underlying_type’ in namespace ‘std’ does not name a template type
 CV_ENUM_FLAGS(_InputArray::KindFlag)
 ^
/usr/include/opencv2/core/mat.hpp:266:1: error: ‘UnderlyingType’ does not name a type
 CV_ENUM_FLAGS(_InputArray::KindFlag)
 ^
/usr/include/opencv2/core/mat.hpp: In function ‘cv::_InputArray::KindFlag cv::operator~(const cv::_InputArray::KindFlag&)’:
/usr/include/opencv2/core/mat.hpp:266:1: error: ‘underlying_type’ in namespace ‘std’ does not name a template type
 CV_ENUM_FLAGS(_InputArray::KindFlag)
 ^
/usr/include/opencv2/core/mat.hpp:266:1: error: ‘UnderlyingType’ does not name a type
 CV_ENUM_FLAGS(_InputArray::KindFlag)
 ^
/usr/include/opencv2/core/mat.hpp: In function ‘cv::_InputArray::KindFlag cv::operator|(const cv::_InputArray::KindFlag&, const cv::_InputArray::KindFlag&)’:
/usr/include/opencv2/core/mat.hpp:266:1: error: ‘underlying_type’ in namespace ‘std’ does not name a template type
 CV_ENUM_FLAGS(_InputArray::KindFlag)
 ^
/usr/include/opencv2/core/mat.hpp:266:1: error: ‘UnderlyingType’ does not name a type
 CV_ENUM_FLAGS(_InputArray::KindFlag)
 ^
/usr/include/opencv2/core/mat.hpp:266:1: error: ‘UnderlyingType’ does not name a type
 CV_ENUM_FLAGS(_InputArray::KindFlag)
 ^
/usr/include/opencv2/core/mat.hpp: In function ‘cv::_InputArray::KindFlag cv::operator&(const cv::_InputArray::KindFlag&, const cv::_InputArray::KindFlag&)’:
/usr/include/opencv2/core/mat.hpp:266:1: error: ‘underlying_type’ in namespace ‘std’ does not name a template type
 CV_ENUM_FLAGS(_InputArray::KindFlag)
 ^
/usr/include/opencv2/core/mat.hpp:266:1: error: ‘UnderlyingType’ does not name a type
 CV_ENUM_FLAGS(_InputArray::KindFlag)
 ^
/usr/include/opencv2/core/mat.hpp:266:1: error: ‘UnderlyingType’ does not name a type
 CV_ENUM_FLAGS(_InputArray::KindFlag)
 ^
/usr/include/opencv2/core/mat.hpp: In function ‘cv::_InputArray::KindFlag cv::operator^(const cv::_InputArray::KindFlag&, const cv::_InputArray::KindFlag&)’:
/usr/include/opencv2/core/mat.hpp:266:1: error: ‘underlying_type’ in namespace ‘std’ does not name a template type
 CV_ENUM_FLAGS(_InputArray::KindFlag)
 ^
/usr/include/opencv2/core/mat.hpp:266:1: error: ‘UnderlyingType’ does not name a type
 CV_ENUM_FLAGS(_InputArray::KindFlag)
 ^
/usr/include/opencv2/core/mat.hpp:266:1: error: ‘UnderlyingType’ does not name a type
 CV_ENUM_FLAGS(_InputArray::KindFlag)
 ^
/usr/include/opencv2/core/mat.hpp: In function ‘cv::_InputArray::KindFlag cv::operator&(const int&, const cv::_InputArray::KindFlag&)’:
/usr/include/opencv2/core/mat.hpp:267:1: error: ‘underlying_type’ in namespace ‘std’ does not name a template type
 __CV_ENUM_FLAGS_BITWISE_AND(_InputArray::KindFlag, int, _InputArray::KindFlag)
 ^
/usr/include/opencv2/core/mat.hpp:267:1: error: ‘UnderlyingType’ does not name a type
 __CV_ENUM_FLAGS_BITWISE_AND(_InputArray::KindFlag, int, _InputArray::KindFlag)
 ^
/usr/include/opencv2/core/mat.hpp:267:1: error: ‘UnderlyingType’ does not name a type
 __CV_ENUM_FLAGS_BITWISE_AND(_InputArray::KindFlag, int, _InputArray::KindFlag)
 ^
In file included from /usr/include/opencv2/core.hpp:58:0,
                 from /usr/local/include/opencv4/opencv2/opencv.hpp:52,
                 from DisplayImage.cpp:2:
/usr/include/opencv2/core/mat.hpp: At global scope:
/usr/include/opencv2/core/mat.hpp:349:68: error: expected ‘)’ before ‘<’ token
     template<typename _Tp, std::size_t _Nm> _OutputArray(std::array<_Tp, _Nm>& arr);
                                                                    ^
/usr/include/opencv2/core/mat.hpp:350:69: error: ‘array’ in namespace ‘std’ does not name a template type
     template<typename _Tp, std::size_t _Nm> _OutputArray(const std::array<_Tp, _Nm>& arr);
                                                                     ^
/usr/include/opencv2/core/mat.hpp:350:74: error: expected ‘,’ or ‘...’ before ‘<’ token
     template<typename _Tp, std::size_t _Nm> _OutputArray(const std::array<_Tp, _Nm>& arr);
                                                                          ^
/usr/include/opencv2/core/mat.hpp:351:54: error: expected ‘)’ before ‘<’ token
     template<std::size_t _Nm> _OutputArray(std::array<Mat, _Nm>& arr);
                                                      ^
/usr/include/opencv2/core/mat.hpp:352:55: error: ‘array’ in namespace ‘std’ does not name a template type
     template<std::size_t _Nm> _OutputArray(const std::array<Mat, _Nm>& arr);
                                                       ^
/usr/include/opencv2/core/mat.hpp:352:60: error: expected ‘,’ or ‘...’ before ‘<’ token
     template<std::size_t _Nm> _OutputArray(const std::array<Mat, _Nm>& arr);
                                                            ^
/usr/include/opencv2/core/mat.hpp:355:77: error: ‘std::array’ has not been declared
     template<typename _Tp, std::size_t _Nm> static _OutputArray rawOut(std::array<_Tp, _Nm>& arr);
                                                                             ^
/usr/include/opencv2/core/mat.hpp:355:82: error: expected ‘,’ or ‘...’ before ‘<’ token
     template<typename _Tp, std::size_t _Nm> static _OutputArray rawOut(std::array<_Tp, _Nm>& arr);
                                                                                  ^
In file included from /usr/include/opencv2/core.hpp:58:0,
                 from /usr/local/include/opencv4/opencv2/opencv.hpp:52,
                 from DisplayImage.cpp:2:
/usr/include/opencv2/core/mat.hpp:422:73: error: expected ‘)’ before ‘<’ token
     template<typename _Tp, std::size_t _Nm> _InputOutputArray(std::array<_Tp, _Nm>& arr);
                                                                         ^
/usr/include/opencv2/core/mat.hpp:423:74: error: ‘array’ in namespace ‘std’ does not name a template type
     template<typename _Tp, std::size_t _Nm> _InputOutputArray(const std::array<_Tp, _Nm>& arr);
                                                                          ^
/usr/include/opencv2/core/mat.hpp:423:79: error: expected ‘,’ or ‘...’ before ‘<’ token
     template<typename _Tp, std::size_t _Nm> _InputOutputArray(const std::array<_Tp, _Nm>& arr);
                                                                               ^
/usr/include/opencv2/core/mat.hpp:424:59: error: expected ‘)’ before ‘<’ token
     template<std::size_t _Nm> _InputOutputArray(std::array<Mat, _Nm>& arr);
                                                           ^
/usr/include/opencv2/core/mat.hpp:425:60: error: ‘array’ in namespace ‘std’ does not name a template type
     template<std::size_t _Nm> _InputOutputArray(const std::array<Mat, _Nm>& arr);
                                                            ^
/usr/include/opencv2/core/mat.hpp:425:65: error: expected ‘,’ or ‘...’ before ‘<’ token
     template<std::size_t _Nm> _InputOutputArray(const std::array<Mat, _Nm>& arr);
                                                                 ^
/usr/include/opencv2/core/mat.hpp:428:77: error: ‘std::array’ has not been declared
     template<typename _Tp, std::size_t _Nm> _InputOutputArray rawInOut(std::array<_Tp, _Nm>& arr);
                                                                             ^
/usr/include/opencv2/core/mat.hpp:428:82: error: expected ‘,’ or ‘...’ before ‘<’ token
     template<typename _Tp, std::size_t _Nm> _InputOutputArray rawInOut(std::array<_Tp, _Nm>& arr);
                                                                                  ^
/usr/include/opencv2/core/mat.hpp:572:10: error: ‘shared_ptr’ in namespace ‘std’ does not name a template type
     std::shared_ptr<void> allocatorContext;
          ^
In file included from /usr/include/opencv2/core.hpp:52:0,
                 from /usr/local/include/opencv4/opencv2/opencv.hpp:52,
                 from DisplayImage.cpp:2:
/usr/include/opencv2/core/mat.hpp: In function ‘bool cv::operator!(const cv::UMatData::MemoryFlag&)’:
/usr/include/opencv2/core/mat.hpp:574:1: error: ‘underlying_type’ in namespace ‘std’ does not name a template type
 CV_ENUM_FLAGS(UMatData::MemoryFlag)
 ^
/usr/include/opencv2/core/mat.hpp:574:1: error: ‘UnderlyingType’ does not name a type
 CV_ENUM_FLAGS(UMatData::MemoryFlag)
 ^
/usr/include/opencv2/core/mat.hpp: In function ‘cv::UMatData::MemoryFlag cv::operator~(const cv::UMatData::MemoryFlag&)’:
/usr/include/opencv2/core/mat.hpp:574:1: error: ‘underlying_type’ in namespace ‘std’ does not name a template type
 CV_ENUM_FLAGS(UMatData::MemoryFlag)
 ^
/usr/include/opencv2/core/mat.hpp:574:1: error: ‘UnderlyingType’ does not name a type
 CV_ENUM_FLAGS(UMatData::MemoryFlag)
 ^
/usr/include/opencv2/core/mat.hpp: In function ‘cv::UMatData::MemoryFlag cv::operator|(const cv::UMatData::MemoryFlag&, const cv::UMatData::MemoryFlag&)’:
/usr/include/opencv2/core/mat.hpp:574:1: error: ‘underlying_type’ in namespace ‘std’ does not name a template type
 CV_ENUM_FLAGS(UMatData::MemoryFlag)
 ^
/usr/include/opencv2/core/mat.hpp:574:1: error: ‘UnderlyingType’ does not name a type
 CV_ENUM_FLAGS(UMatData::MemoryFlag)
 ^
/usr/include/opencv2/core/mat.hpp:574:1: error: ‘UnderlyingType’ does not name a type
 CV_ENUM_FLAGS(UMatData::MemoryFlag)
 ^
/usr/include/opencv2/core/mat.hpp: In function ‘cv::UMatData::MemoryFlag cv::operator&(const cv::UMatData::MemoryFlag&, const cv::UMatData::MemoryFlag&)’:
/usr/include/opencv2/core/mat.hpp:574:1: error: ‘underlying_type’ in namespace ‘std’ does not name a template type
 CV_ENUM_FLAGS(UMatData::MemoryFlag)
 ^
/usr/include/opencv2/core/mat.hpp:574:1: error: ‘UnderlyingType’ does not name a type
 CV_ENUM_FLAGS(UMatData::MemoryFlag)
 ^
/usr/include/opencv2/core/mat.hpp:574:1: error: ‘UnderlyingType’ does not name a type
 CV_ENUM_FLAGS(UMatData::MemoryFlag)
 ^
/usr/include/opencv2/core/mat.hpp: In function ‘cv::UMatData::MemoryFlag cv::operator^(const cv::UMatData::MemoryFlag&, const cv::UMatData::MemoryFlag&)’:
/usr/include/opencv2/core/mat.hpp:574:1: error: ‘underlying_type’ in namespace ‘std’ does not name a template type
 CV_ENUM_FLAGS(UMatData::MemoryFlag)
 ^
/usr/include/opencv2/core/mat.hpp:574:1: error: ‘UnderlyingType’ does not name a type
 CV_ENUM_FLAGS(UMatData::MemoryFlag)
 ^
/usr/include/opencv2/core/mat.hpp:574:1: error: ‘UnderlyingType’ does not name a type
 CV_ENUM_FLAGS(UMatData::MemoryFlag)
 ^
In file included from /usr/include/opencv2/core.hpp:58:0,
                 from /usr/local/include/opencv4/opencv2/opencv.hpp:52,
                 from DisplayImage.cpp:2:
/usr/include/opencv2/core/mat.hpp: At global scope:
/usr/include/opencv2/core/mat.hpp:1019:53: error: ‘enable_if’ in namespace ‘std’ does not name a template type
     template<typename _Tp, typename = typename std::enable_if<std::is_arithmetic<_Tp>::value>::type>
                                                     ^
/usr/include/opencv2/core/mat.hpp:1019:62: error: expected ‘>’ before ‘<’ token
     template<typename _Tp, typename = typename std::enable_if<std::is_arithmetic<_Tp>::value>::type>
                                                              ^
/usr/include/opencv2/core/mat.hpp:1020:29: error: ‘initializer_list’ in namespace ‘std’ does not name a template type
     explicit Mat(const std::initializer_list<_Tp> list);
                             ^
/usr/include/opencv2/core/mat.hpp:1020:45: error: expected ‘,’ or ‘...’ before ‘<’ token
     explicit Mat(const std::initializer_list<_Tp> list);
                                             ^
/usr/include/opencv2/core/mat.hpp:1020:55: error: default template arguments may not be used in function templates without -std=c++11 or -std=gnu++11
     explicit Mat(const std::initializer_list<_Tp> list);
                                                       ^
/usr/include/opencv2/core/mat.hpp:1024:52: error: ‘initializer_list’ in namespace ‘std’ does not name a template type
     template<typename _Tp> explicit Mat(const std::initializer_list<int> sizes, const std::initializer_list<_Tp> list);
                                                    ^
/usr/include/opencv2/core/mat.hpp:1024:68: error: expected ‘,’ or ‘...’ before ‘<’ token
     template<typename _Tp> explicit Mat(const std::initializer_list<int> sizes, const std::initializer_list<_Tp> list);
                                                                    ^
/usr/include/opencv2/core/mat.hpp:1028:64: error: ‘array’ in namespace ‘std’ does not name a template type
     template<typename _Tp, size_t _Nm> explicit Mat(const std::array<_Tp, _Nm>& arr, bool copyData=false);
                                                                ^
/usr/include/opencv2/core/mat.hpp:1028:69: error: expected ‘,’ or ‘...’ before ‘<’ token
     template<typename _Tp, size_t _Nm> explicit Mat(const std::array<_Tp, _Nm>& arr, bool copyData=false);
                                                                     ^
/usr/include/opencv2/core/mat.hpp:1656:59: error: ‘array’ in namespace ‘std’ does not name a template type
     template<typename _Tp, std::size_t _Nm> operator std::array<_Tp, _Nm>() const;
                                                           ^
/usr/include/opencv2/core/mat.hpp:2016:66: error: ‘>>’ should be ‘> >’ within a nested template argument list
     template<typename _Tp> std::reverse_iterator<MatIterator_<_Tp>> rbegin();
                                                                  ^
/usr/include/opencv2/core/mat.hpp:2017:71: error: ‘>>’ should be ‘> >’ within a nested template argument list
     template<typename _Tp> std::reverse_iterator<MatConstIterator_<_Tp>> rbegin() const;
                                                                       ^
/usr/include/opencv2/core/mat.hpp:2029:67: error: ‘>>’ should be ‘> >’ within a nested template argument list
     template<typename _Tp> std::reverse_iterator< MatIterator_<_Tp>> rend();
                                                                   ^
/usr/include/opencv2/core/mat.hpp:2030:72: error: ‘>>’ should be ‘> >’ within a nested template argument list
     template<typename _Tp> std::reverse_iterator< MatConstIterator_<_Tp>> rend() const;
                                                                        ^
/usr/include/opencv2/core/mat.hpp:2091:12: error: expected ‘,’ or ‘...’ before ‘&&’ token
     Mat(Mat&& m);
            ^
/usr/include/opencv2/core/mat.hpp:2091:16: error: invalid constructor; you probably meant ‘cv::Mat (const cv::Mat&)’
     Mat(Mat&& m);
                ^
/usr/include/opencv2/core/mat.hpp:2092:25: error: expected ‘,’ or ‘...’ before ‘&&’ token
     Mat& operator = (Mat&& m);
                         ^
/usr/include/opencv2/core/mat.hpp:2246:31: error: expected ‘)’ before ‘<’ token
     Mat_(std::initializer_list<_Tp> values);
                               ^
/usr/include/opencv2/core/mat.hpp:2247:30: error: ‘initializer_list’ in namespace ‘std’ does not name a template type
     explicit Mat_(const std::initializer_list<int> sizes, const std::initializer_list<_Tp> values);
                              ^
/usr/include/opencv2/core/mat.hpp:2247:46: error: expected ‘,’ or ‘...’ before ‘<’ token
     explicit Mat_(const std::initializer_list<int> sizes, const std::initializer_list<_Tp> values);
                                              ^
/usr/include/opencv2/core/mat.hpp:2249:57: error: ‘array’ in namespace ‘std’ does not name a template type
     template <std::size_t _Nm> explicit Mat_(const std::array<_Tp, _Nm>& arr, bool copyData=false);
                                                         ^
/usr/include/opencv2/core/mat.hpp:2249:62: error: expected ‘,’ or ‘...’ before ‘<’ token
     template <std::size_t _Nm> explicit Mat_(const std::array<_Tp, _Nm>& arr, bool copyData=false);
                                                              ^
/usr/include/opencv2/core/mat.hpp:2354:45: error: ‘array’ in namespace ‘std’ does not name a template type
     template<std::size_t _Nm> operator std::array<_Tp, _Nm>() const;
                                             ^
/usr/include/opencv2/core/mat.hpp:2361:14: error: expected ‘,’ or ‘...’ before ‘&&’ token
     Mat_(Mat_&& m);
              ^
/usr/include/opencv2/core/mat.hpp:2361:18: error: invalid constructor; you probably meant ‘cv::Mat_<_Tp> (const cv::Mat_<_Tp>&)’
     Mat_(Mat_&& m);
                  ^
/usr/include/opencv2/core/mat.hpp:2362:27: error: expected ‘,’ or ‘...’ before ‘&&’ token
     Mat_& operator = (Mat_&& m);
                           ^
/usr/include/opencv2/core/mat.hpp:2364:13: error: expected ‘,’ or ‘...’ before ‘&&’ token
     Mat_(Mat&& m);
             ^
/usr/include/opencv2/core/mat.hpp:2365:26: error: expected ‘,’ or ‘...’ before ‘&&’ token
     Mat_& operator = (Mat&& m);
                          ^
/usr/include/opencv2/core/mat.hpp:2367:17: error: expected ‘,’ or ‘...’ before ‘&&’ token
     Mat_(MatExpr&& e);
                 ^
/usr/include/opencv2/core/mat.hpp:2564:14: error: expected ‘,’ or ‘...’ before ‘&&’ token
     UMat(UMat&& m);
              ^
/usr/include/opencv2/core/mat.hpp:2564:18: error: invalid constructor; you probably meant ‘cv::UMat (const cv::UMat&)’
     UMat(UMat&& m);
                  ^
/usr/include/opencv2/core/mat.hpp:2565:27: error: expected ‘,’ or ‘...’ before ‘&&’ token
     UMat& operator = (UMat&& m);
                           ^
In file included from /usr/include/opencv2/core/mat.hpp:3764:0,
                 from /usr/include/opencv2/core.hpp:58,
                 from /usr/local/include/opencv4/opencv2/opencv.hpp:52,
                 from DisplayImage.cpp:2:
/usr/include/opencv2/core/mat.inl.hpp: In member function ‘void cv::_InputArray::init(int, const void*, cv::Size)’:
/usr/include/opencv2/core/mat.inl.hpp:95:41: error: ambiguous overload for ‘operator=’ (operand types are ‘cv::Size {aka cv::Size_<int>}’ and ‘cv::Size {aka cv::Size_<int>}’)
 { flags = _flags; obj = (void*)_obj; sz = _sz; }
                                         ^
In file included from /usr/include/opencv2/core.hpp:57:0,
                 from /usr/local/include/opencv4/opencv2/opencv.hpp:52,
                 from DisplayImage.cpp:2:
/usr/include/opencv2/core/types.hpp:1707:13: note: candidate: cv::Size_<_Tp>& cv::Size_<_Tp>::operator=(const cv::Size_<_Tp>&) [with _Tp = int]
 Size_<_Tp>& Size_<_Tp>::operator = (const Size_<_Tp>& sz)
             ^
/usr/include/opencv2/core/types.hpp:1714:13: note: candidate: cv::Size_<_Tp>& cv::Size_<_Tp>::operator=(cv::Size_<_Tp>) [with _Tp = int]
 Size_<_Tp>& Size_<_Tp>::operator = (Size_<_Tp>&& sz) CV_NOEXCEPT
             ^
In file included from /usr/include/opencv2/core/mat.hpp:3764:0,
                 from /usr/include/opencv2/core.hpp:58,
                 from /usr/local/include/opencv4/opencv2/opencv.hpp:52,
                 from DisplayImage.cpp:2:
/usr/include/opencv2/core/mat.inl.hpp: At global scope:
/usr/include/opencv2/core/mat.inl.hpp:113:37: error: ‘array’ in namespace ‘std’ does not name a template type
 _InputArray::_InputArray(const std::array<_Tp, _Nm>& arr)
                                     ^
/usr/include/opencv2/core/mat.inl.hpp:113:42: error: expected ‘,’ or ‘...’ before ‘<’ token
 _InputArray::_InputArray(const std::array<_Tp, _Nm>& arr)
                                          ^
/usr/include/opencv2/core/mat.inl.hpp: In constructor ‘cv::_InputArray::_InputArray(int)’:
/usr/include/opencv2/core/mat.inl.hpp:114:81: error: ‘arr’ was not declared in this scope
 { init(FIXED_TYPE + FIXED_SIZE + MATX + traits::Type<_Tp>::value + ACCESS_READ, arr.data(), Size(1, _Nm)); }
                                                                                 ^
/usr/include/opencv2/core/mat.inl.hpp: At global scope:
/usr/include/opencv2/core/mat.inl.hpp:117:37: error: ‘array’ in namespace ‘std’ does not name a template type
 _InputArray::_InputArray(const std::array<Mat, _Nm>& arr)
                                     ^
/usr/include/opencv2/core/mat.inl.hpp:117:42: error: expected ‘,’ or ‘...’ before ‘<’ token
 _InputArray::_InputArray(const std::array<Mat, _Nm>& arr)
                                          ^
/usr/include/opencv2/core/mat.inl.hpp: In constructor ‘cv::_InputArray::_InputArray(int)’:
/usr/include/opencv2/core/mat.inl.hpp:118:37: error: ‘arr’ was not declared in this scope
 { init(STD_ARRAY_MAT + ACCESS_READ, arr.data(), Size(1, _Nm)); }
                                     ^
/usr/include/opencv2/core/mat.inl.hpp: At global scope:
/usr/include/opencv2/core/mat.inl.hpp:169:43: error: ‘array’ in namespace ‘std’ does not name a template type
 _InputArray _InputArray::rawIn(const std::array<_Tp, _Nm>& arr)
                                           ^
/usr/include/opencv2/core/mat.inl.hpp:169:48: error: expected ‘,’ or ‘...’ before ‘<’ token
 _InputArray _InputArray::rawIn(const std::array<_Tp, _Nm>& arr)
                                                ^
/usr/include/opencv2/core/mat.inl.hpp: In static member function ‘static cv::_InputArray cv::_InputArray::rawIn(int)’:
/usr/include/opencv2/core/mat.inl.hpp:173:20: error: ‘arr’ was not declared in this scope
     v.obj = (void*)arr.data();
                    ^
/usr/include/opencv2/core/mat.inl.hpp: At global scope:
/usr/include/opencv2/core/mat.inl.hpp:212:33: error: ‘cv::_OutputArray::_OutputArray’ declared as an ‘inline’ variable
 _OutputArray::_OutputArray(std::array<_Tp, _Nm>& arr)
                                 ^
/usr/include/opencv2/core/mat.inl.hpp:212:33: error: ‘int cv::_OutputArray::_OutputArray’ is not a static data member of ‘class cv::_OutputArray’
/usr/include/opencv2/core/mat.inl.hpp:212:33: error: template definition of non-template ‘int cv::_OutputArray::_OutputArray’
/usr/include/opencv2/core/mat.inl.hpp:212:28: error: ‘array’ is not a member of ‘std’
 _OutputArray::_OutputArray(std::array<_Tp, _Nm>& arr)
                            ^
/usr/include/opencv2/core/mat.inl.hpp:212:42: error: expected primary-expression before ‘,’ token
 _OutputArray::_OutputArray(std::array<_Tp, _Nm>& arr)
                                          ^
/usr/include/opencv2/core/mat.inl.hpp:212:50: error: ‘arr’ was not declared in this scope
 _OutputArray::_OutputArray(std::array<_Tp, _Nm>& arr)
                                                  ^
/usr/include/opencv2/core/mat.inl.hpp:216:33: error: ‘cv::_OutputArray::_OutputArray’ declared as an ‘inline’ variable
 _OutputArray::_OutputArray(std::array<Mat, _Nm>& arr)
                                 ^
/usr/include/opencv2/core/mat.inl.hpp:216:33: error: ‘int cv::_OutputArray::_OutputArray’ is not a static data member of ‘class cv::_OutputArray’
/usr/include/opencv2/core/mat.inl.hpp:216:33: error: template definition of non-template ‘int cv::_OutputArray::_OutputArray’
/usr/include/opencv2/core/mat.inl.hpp:216:28: error: ‘array’ is not a member of ‘std’
 _OutputArray::_OutputArray(std::array<Mat, _Nm>& arr)
                            ^
/usr/include/opencv2/core/mat.inl.hpp:216:42: error: expected primary-expression before ‘,’ token
 _OutputArray::_OutputArray(std::array<Mat, _Nm>& arr)
                                          ^
/usr/include/opencv2/core/mat.inl.hpp:216:50: error: ‘arr’ was not declared in this scope
 _OutputArray::_OutputArray(std::array<Mat, _Nm>& arr)
                                                  ^
/usr/include/opencv2/core/mat.inl.hpp:244:39: error: ‘array’ in namespace ‘std’ does not name a template type
 _OutputArray::_OutputArray(const std::array<_Tp, _Nm>& arr)
                                       ^
/usr/include/opencv2/core/mat.inl.hpp:244:44: error: expected ‘,’ or ‘...’ before ‘<’ token
 _OutputArray::_OutputArray(const std::array<_Tp, _Nm>& arr)
                                            ^
/usr/include/opencv2/core/mat.inl.hpp: In constructor ‘cv::_OutputArray::_OutputArray(int)’:
/usr/include/opencv2/core/mat.inl.hpp:245:82: error: ‘arr’ was not declared in this scope
 { init(FIXED_TYPE + FIXED_SIZE + MATX + traits::Type<_Tp>::value + ACCESS_WRITE, arr.data(), Size(1, _Nm)); }
                                                                                  ^
/usr/include/opencv2/core/mat.inl.hpp: At global scope:
/usr/include/opencv2/core/mat.inl.hpp:248:39: error: ‘array’ in namespace ‘std’ does not name a template type
 _OutputArray::_OutputArray(const std::array<Mat, _Nm>& arr)
                                       ^
/usr/include/opencv2/core/mat.inl.hpp:248:44: error: expected ‘,’ or ‘...’ before ‘<’ token
 _OutputArray::_OutputArray(const std::array<Mat, _Nm>& arr)
                                            ^
/usr/include/opencv2/core/mat.inl.hpp: In constructor ‘cv::_OutputArray::_OutputArray(int)’:
/usr/include/opencv2/core/mat.inl.hpp:249:51: error: ‘arr’ was not declared in this scope
 { init(FIXED_SIZE + STD_ARRAY_MAT + ACCESS_WRITE, arr.data(), Size(1, _Nm)); }
                                                   ^
/usr/include/opencv2/core/mat.inl.hpp: At global scope:
/usr/include/opencv2/core/mat.inl.hpp:315:40: error: ‘cv::_OutputArray::rawOut’ declared as an ‘inline’ variable
 _OutputArray _OutputArray::rawOut(std::array<_Tp, _Nm>& arr)
                                        ^
/usr/include/opencv2/core/mat.inl.hpp:315:40: error: ‘cv::_OutputArray cv::_OutputArray::rawOut’ is not a static data member of ‘class cv::_OutputArray’
/usr/include/opencv2/core/mat.inl.hpp:315:40: error: template definition of non-template ‘cv::_OutputArray cv::_OutputArray::rawOut’
/usr/include/opencv2/core/mat.inl.hpp:315:35: error: ‘array’ is not a member of ‘std’
 _OutputArray _OutputArray::rawOut(std::array<_Tp, _Nm>& arr)
                                   ^
/usr/include/opencv2/core/mat.inl.hpp:315:49: error: expected primary-expression before ‘,’ token
 _OutputArray _OutputArray::rawOut(std::array<_Tp, _Nm>& arr)
                                                 ^
/usr/include/opencv2/core/mat.inl.hpp:315:57: error: ‘arr’ was not declared in this scope
 _OutputArray _OutputArray::rawOut(std::array<_Tp, _Nm>& arr)
                                                         ^
/usr/include/opencv2/core/mat.inl.hpp:338:43: error: ‘cv::_InputOutputArray::_InputOutputArray’ declared as an ‘inline’ variable
 _InputOutputArray::_InputOutputArray(std::array<_Tp, _Nm>& arr)
                                           ^
/usr/include/opencv2/core/mat.inl.hpp:338:43: error: ‘int cv::_InputOutputArray::_InputOutputArray’ is not a static data member of ‘class cv::_InputOutputArray’
/usr/include/opencv2/core/mat.inl.hpp:338:43: error: template definition of non-template ‘int cv::_InputOutputArray::_InputOutputArray’
/usr/include/opencv2/core/mat.inl.hpp:338:38: error: ‘array’ is not a member of ‘std’
 _InputOutputArray::_InputOutputArray(std::array<_Tp, _Nm>& arr)
                                      ^
/usr/include/opencv2/core/mat.inl.hpp:338:52: error: expected primary-expression before ‘,’ token
 _InputOutputArray::_InputOutputArray(std::array<_Tp, _Nm>& arr)
                                                    ^
/usr/include/opencv2/core/mat.inl.hpp:338:60: error: ‘arr’ was not declared in this scope
 _InputOutputArray::_InputOutputArray(std::array<_Tp, _Nm>& arr)
                                                            ^
/usr/include/opencv2/core/mat.inl.hpp:342:43: error: ‘cv::_InputOutputArray::_InputOutputArray’ declared as an ‘inline’ variable
 _InputOutputArray::_InputOutputArray(std::array<Mat, _Nm>& arr)
                                           ^
/usr/include/opencv2/core/mat.inl.hpp:342:43: error: ‘int cv::_InputOutputArray::_InputOutputArray’ is not a static data member of ‘class cv::_InputOutputArray’
/usr/include/opencv2/core/mat.inl.hpp:342:43: error: template definition of non-template ‘int cv::_InputOutputArray::_InputOutputArray’
/usr/include/opencv2/core/mat.inl.hpp:342:38: error: ‘array’ is not a member of ‘std’
 _InputOutputArray::_InputOutputArray(std::array<Mat, _Nm>& arr)
                                      ^
/usr/include/opencv2/core/mat.inl.hpp:342:52: error: expected primary-expression before ‘,’ token
 _InputOutputArray::_InputOutputArray(std::array<Mat, _Nm>& arr)
                                                    ^
/usr/include/opencv2/core/mat.inl.hpp:342:60: error: ‘arr’ was not declared in this scope
 _InputOutputArray::_InputOutputArray(std::array<Mat, _Nm>& arr)
                                                            ^
/usr/include/opencv2/core/mat.inl.hpp:370:49: error: ‘array’ in namespace ‘std’ does not name a template type
 _InputOutputArray::_InputOutputArray(const std::array<_Tp, _Nm>& arr)
                                                 ^
/usr/include/opencv2/core/mat.inl.hpp:370:54: error: expected ‘,’ or ‘...’ before ‘<’ token
 _InputOutputArray::_InputOutputArray(const std::array<_Tp, _Nm>& arr)
                                                      ^
/usr/include/opencv2/core/mat.inl.hpp: In constructor ‘cv::_InputOutputArray::_InputOutputArray(int)’:
/usr/include/opencv2/core/mat.inl.hpp:371:79: error: ‘arr’ was not declared in this scope
 { init(FIXED_TYPE + FIXED_SIZE + MATX + traits::Type<_Tp>::value + ACCESS_RW, arr.data(), Size(1, _Nm)); }
                                                                               ^
/usr/include/opencv2/core/mat.inl.hpp: At global scope:
/usr/include/opencv2/core/mat.inl.hpp:374:49: error: ‘array’ in namespace ‘std’ does not name a template type
 _InputOutputArray::_InputOutputArray(const std::array<Mat, _Nm>& arr)
                                                 ^
/usr/include/opencv2/core/mat.inl.hpp:374:54: error: expected ‘,’ or ‘...’ before ‘<’ token
 _InputOutputArray::_InputOutputArray(const std::array<Mat, _Nm>& arr)
                                                      ^
/usr/include/opencv2/core/mat.inl.hpp: In constructor ‘cv::_InputOutputArray::_InputOutputArray(int)’:
/usr/include/opencv2/core/mat.inl.hpp:375:48: error: ‘arr’ was not declared in this scope
 { init(FIXED_SIZE + STD_ARRAY_MAT + ACCESS_RW, arr.data(), Size(1, _Nm)); }
                                                ^
/usr/include/opencv2/core/mat.inl.hpp: At global scope:
/usr/include/opencv2/core/mat.inl.hpp:443:52: error: ‘cv::_InputOutputArray::rawInOut’ declared as an ‘inline’ variable
 _InputOutputArray _InputOutputArray::rawInOut(std::array<_Tp, _Nm>& arr)
                                                    ^
/usr/include/opencv2/core/mat.inl.hpp:443:52: error: ‘cv::_InputOutputArray cv::_InputOutputArray::rawInOut’ is not a static data member of ‘class cv::_InputOutputArray’
/usr/include/opencv2/core/mat.inl.hpp:443:52: error: template definition of non-template ‘cv::_InputOutputArray cv::_InputOutputArray::rawInOut’
/usr/include/opencv2/core/mat.inl.hpp:443:47: error: ‘array’ is not a member of ‘std’
 _InputOutputArray _InputOutputArray::rawInOut(std::array<_Tp, _Nm>& arr)
                                               ^
/usr/include/opencv2/core/mat.inl.hpp:443:61: error: expected primary-expression before ‘,’ token
 _InputOutputArray _InputOutputArray::rawInOut(std::array<_Tp, _Nm>& arr)
                                                             ^
/usr/include/opencv2/core/mat.inl.hpp:443:69: error: ‘arr’ was not declared in this scope
 _InputOutputArray _InputOutputArray::rawInOut(std::array<_Tp, _Nm>& arr)
                                                                     ^
/usr/include/opencv2/core/mat.inl.hpp:479:21: error: ‘initializer_list’ in namespace ‘std’ does not name a template type
 Mat::Mat(const std::initializer_list<_Tp> list)
                     ^
/usr/include/opencv2/core/mat.inl.hpp:479:37: error: expected ‘,’ or ‘...’ before ‘<’ token
 Mat::Mat(const std::initializer_list<_Tp> list)
                                     ^
In file included from /usr/include/opencv2/core.hpp:53:0,
                 from /usr/local/include/opencv4/opencv2/opencv.hpp:52,
                 from DisplayImage.cpp:2:
/usr/include/opencv2/core/mat.inl.hpp: In constructor ‘cv::Mat::Mat(int)’:
/usr/include/opencv2/core/mat.inl.hpp:482:5: error: ‘list’ was not declared in this scope
     CV_Assert(list.size() != 0);
     ^
In file included from /usr/include/opencv2/core/mat.hpp:3764:0,
                 from /usr/include/opencv2/core.hpp:58,
                 from /usr/local/include/opencv4/opencv2/opencv.hpp:52,
                 from DisplayImage.cpp:2:
/usr/include/opencv2/core/mat.inl.hpp:483:14: error: ‘list’ was not declared in this scope
     Mat((int)list.size(), 1, traits::Type<_Tp>::value, (uchar*)list.begin()).copyTo(*this);
              ^
/usr/include/opencv2/core/mat.inl.hpp: At global scope:
/usr/include/opencv2/core/mat.inl.hpp:487:21: error: ‘initializer_list’ in namespace ‘std’ does not name a template type
 Mat::Mat(const std::initializer_list<int> sizes, const std::initializer_list<_Tp> list)
                     ^
/usr/include/opencv2/core/mat.inl.hpp:487:37: error: expected ‘,’ or ‘...’ before ‘<’ token
 Mat::Mat(const std::initializer_list<int> sizes, const std::initializer_list<_Tp> list)
                                     ^
/usr/include/opencv2/core/mat.inl.hpp: In constructor ‘cv::Mat::Mat(int)’:
/usr/include/opencv2/core/mat.inl.hpp:491:14: error: ‘s’ does not name a type
     for(auto s : sizes)
              ^
In file included from /usr/include/opencv2/core.hpp:53:0,
                 from /usr/local/include/opencv4/opencv2/opencv.hpp:52,
                 from DisplayImage.cpp:2:
/usr/include/opencv2/core/mat.inl.hpp:493:5: error: expected ‘;’ before ‘do’
     CV_Assert(list.size() != 0);
     ^
/usr/include/opencv2/core/mat.inl.hpp:493:5: error: expected primary-expression before ‘do’
/usr/include/opencv2/core/mat.inl.hpp:493:5: error: expected ‘;’ before ‘do’
/usr/include/opencv2/core/mat.inl.hpp:493:5: error: expected primary-expression before ‘do’
/usr/include/opencv2/core/mat.inl.hpp:493:5: error: expected ‘)’ before ‘do’
/usr/include/opencv2/core/mat.inl.hpp:493:5: error: ‘list’ was not declared in this scope
     CV_Assert(list.size() != 0);
     ^
/usr/include/opencv2/core/mat.inl.hpp:494:5: error: ‘list’ was not declared in this scope
     CV_Assert(size_total == list.size());
     ^
In file included from /usr/include/opencv2/core/mat.hpp:3764:0,
                 from /usr/include/opencv2/core.hpp:58,
                 from /usr/local/include/opencv4/opencv2/opencv.hpp:52,
                 from DisplayImage.cpp:2:
/usr/include/opencv2/core/mat.inl.hpp:495:14: error: ‘sizes’ was not declared in this scope
     Mat((int)sizes.size(), (int*)sizes.begin(), traits::Type<_Tp>::value, (uchar*)list.begin()).copyTo(*this);
              ^
/usr/include/opencv2/core/mat.inl.hpp:495:83: error: ‘list’ was not declared in this scope
     Mat((int)sizes.size(), (int*)sizes.begin(), traits::Type<_Tp>::value, (uchar*)list.begin()).copyTo(*this);
                                                                                   ^
/usr/include/opencv2/core/mat.inl.hpp: At global scope:
/usr/include/opencv2/core/mat.inl.hpp:499:21: error: ‘array’ in namespace ‘std’ does not name a template type
 Mat::Mat(const std::array<_Tp, _Nm>& arr, bool copyData)
                     ^
/usr/include/opencv2/core/mat.inl.hpp:499:26: error: expected ‘,’ or ‘...’ before ‘<’ token
 Mat::Mat(const std::array<_Tp, _Nm>& arr, bool copyData)
                          ^
/usr/include/opencv2/core/mat.inl.hpp: In constructor ‘cv::Mat::Mat(int)’:
/usr/include/opencv2/core/mat.inl.hpp:500:90: error: ‘arr’ was not declared in this scope
     : flags(MAGIC_VAL + traits::Type<_Tp>::value + CV_MAT_CONT_FLAG), dims(2), rows((int)arr.size()),
                                                                                          ^
/usr/include/opencv2/core/mat.inl.hpp:505:10: error: ‘copyData’ was not declared in this scope
     if( !copyData )
          ^
/usr/include/opencv2/core/mat.inl.hpp: At global scope:
/usr/include/opencv2/core/mat.inl.hpp:1019:44: error: ‘>>’ should be ‘> >’ within a nested template argument list
 std::reverse_iterator<MatConstIterator_<_Tp>> Mat::rbegin() const
                                            ^
/usr/include/opencv2/core/mat.inl.hpp: In member function ‘std::reverse_iterator<cv::MatConstIterator_<_Tp> > cv::Mat::rbegin() const’:
/usr/include/opencv2/core/mat.inl.hpp:1022:59: error: ‘>>’ should be ‘> >’ within a nested template argument list
         return std::reverse_iterator<MatConstIterator_<_Tp>>();
                                                           ^
/usr/include/opencv2/core/mat.inl.hpp:1026:55: error: ‘>>’ should be ‘> >’ within a nested template argument list
     return std::reverse_iterator<MatConstIterator_<_Tp>> (it);
                                                       ^
/usr/include/opencv2/core/mat.inl.hpp: At global scope:
/usr/include/opencv2/core/mat.inl.hpp:1041:44: error: ‘>>’ should be ‘> >’ within a nested template argument list
 std::reverse_iterator<MatConstIterator_<_Tp>> Mat::rend() const
                                            ^
/usr/include/opencv2/core/mat.inl.hpp: In member function ‘std::reverse_iterator<cv::MatConstIterator_<_Tp> > cv::Mat::rend() const’:
/usr/include/opencv2/core/mat.inl.hpp:1044:59: error: ‘>>’ should be ‘> >’ within a nested template argument list
         return std::reverse_iterator<MatConstIterator_<_Tp>>();
                                                           ^
/usr/include/opencv2/core/mat.inl.hpp:1046:55: error: ‘>>’ should be ‘> >’ within a nested template argument list
     return std::reverse_iterator<MatConstIterator_<_Tp>>((const Mat_<_Tp>*)this);
                                                       ^
/usr/include/opencv2/core/mat.inl.hpp: At global scope:
/usr/include/opencv2/core/mat.inl.hpp:1059:39: error: ‘>>’ should be ‘> >’ within a nested template argument list
 std::reverse_iterator<MatIterator_<_Tp>> Mat::rbegin()
                                       ^
/usr/include/opencv2/core/mat.inl.hpp: In member function ‘std::reverse_iterator<cv::MatIterator_<_Tp> > cv::Mat::rbegin()’:
/usr/include/opencv2/core/mat.inl.hpp:1062:54: error: ‘>>’ should be ‘> >’ within a nested template argument list
         return std::reverse_iterator<MatIterator_<_Tp>>();
                                                      ^
/usr/include/opencv2/core/mat.inl.hpp:1066:50: error: ‘>>’ should be ‘> >’ within a nested template argument list
     return std::reverse_iterator<MatIterator_<_Tp>>(it);
                                                  ^
/usr/include/opencv2/core/mat.inl.hpp: At global scope:
/usr/include/opencv2/core/mat.inl.hpp:1081:39: error: ‘>>’ should be ‘> >’ within a nested template argument list
 std::reverse_iterator<MatIterator_<_Tp>> Mat::rend()
                                       ^
/usr/include/opencv2/core/mat.inl.hpp: In member function ‘std::reverse_iterator<cv::MatIterator_<_Tp> > cv::Mat::rend()’:
/usr/include/opencv2/core/mat.inl.hpp:1084:54: error: ‘>>’ should be ‘> >’ within a nested template argument list
         return std::reverse_iterator<MatIterator_<_Tp>>();
                                                      ^
/usr/include/opencv2/core/mat.inl.hpp:1086:50: error: ‘>>’ should be ‘> >’ within a nested template argument list
     return std::reverse_iterator<MatIterator_<_Tp>>(MatIterator_<_Tp>((Mat_<_Tp>*)this));
                                                  ^
/usr/include/opencv2/core/mat.inl.hpp: At global scope:
/usr/include/opencv2/core/mat.inl.hpp:1109:20: error: ‘array’ in namespace ‘std’ does not name a template type
 Mat::operator std::array<_Tp, _Nm>() const
                    ^
/usr/include/opencv2/core/mat.inl.hpp:1411:22: error: ‘cv::Mat_<_Tp>::Mat_’ declared as an ‘inline’ variable
 Mat_<_Tp>::Mat_(std::initializer_list<_Tp> list)
                      ^
/usr/include/opencv2/core/mat.inl.hpp:1411:22: error: ‘int cv::Mat_<_Tp>::Mat_’ is not a static data member of ‘class cv::Mat_<_Tp>’
/usr/include/opencv2/core/mat.inl.hpp:1411:22: error: template definition of non-template ‘int cv::Mat_<_Tp>::Mat_’
/usr/include/opencv2/core/mat.inl.hpp:1411:17: error: ‘initializer_list’ is not a member of ‘std’
 Mat_<_Tp>::Mat_(std::initializer_list<_Tp> list)
                 ^
/usr/include/opencv2/core/mat.inl.hpp:1411:42: error: expected primary-expression before ‘>’ token
 Mat_<_Tp>::Mat_(std::initializer_list<_Tp> list)
                                          ^
/usr/include/opencv2/core/mat.inl.hpp:1411:44: error: ‘list’ was not declared in this scope
 Mat_<_Tp>::Mat_(std::initializer_list<_Tp> list)
                                            ^
/usr/include/opencv2/core/mat.inl.hpp:1416:28: error: ‘initializer_list’ in namespace ‘std’ does not name a template type
 Mat_<_Tp>::Mat_(const std::initializer_list<int> sizes, std::initializer_list<_Tp> list)
                            ^
/usr/include/opencv2/core/mat.inl.hpp:1416:44: error: expected ‘,’ or ‘...’ before ‘<’ token
 Mat_<_Tp>::Mat_(const std::initializer_list<int> sizes, std::initializer_list<_Tp> list)
                                            ^
/usr/include/opencv2/core/mat.inl.hpp: In constructor ‘cv::Mat_<_Tp>::Mat_(int)’:
/usr/include/opencv2/core/mat.inl.hpp:1417:11: error: ‘sizes’ was not declared in this scope
     : Mat(sizes, list)
           ^
/usr/include/opencv2/core/mat.inl.hpp:1417:18: error: ‘list’ was not declared in this scope
     : Mat(sizes, list)
                  ^
/usr/include/opencv2/core/mat.inl.hpp: At global scope:
/usr/include/opencv2/core/mat.inl.hpp:1421:28: error: ‘array’ in namespace ‘std’ does not name a template type
 Mat_<_Tp>::Mat_(const std::array<_Tp, _Nm>& arr, bool copyData)
                            ^
/usr/include/opencv2/core/mat.inl.hpp:1421:33: error: expected ‘,’ or ‘...’ before ‘<’ token
 Mat_<_Tp>::Mat_(const std::array<_Tp, _Nm>& arr, bool copyData)
                                 ^
/usr/include/opencv2/core/mat.inl.hpp: In constructor ‘cv::Mat_<_Tp>::Mat_(int)’:
/usr/include/opencv2/core/mat.inl.hpp:1422:11: error: ‘arr’ was not declared in this scope
     : Mat(arr, copyData)
           ^
/usr/include/opencv2/core/mat.inl.hpp:1422:16: error: ‘copyData’ was not declared in this scope
     : Mat(arr, copyData)
                ^
/usr/include/opencv2/core/mat.inl.hpp: At global scope:
/usr/include/opencv2/core/mat.inl.hpp:1715:26: error: ‘array’ in namespace ‘std’ does not name a template type
 Mat_<_Tp>::operator std::array<_Tp, _Nm>() const
                          ^
In file included from /usr/include/opencv2/core/mat.hpp:3764:0,
                 from /usr/include/opencv2/core.hpp:58,
                 from /usr/local/include/opencv4/opencv2/opencv.hpp:52,
                 from DisplayImage.cpp:2:
/usr/include/opencv2/core/mat.inl.hpp:1757:44: error: ‘>>’ should be ‘> >’ within a nested template argument list
 std::reverse_iterator<MatConstIterator_<_Tp>> Mat_<_Tp>::rbegin() const
                                            ^
/usr/include/opencv2/core/mat.inl.hpp:1769:44: error: ‘>>’ should be ‘> >’ within a nested template argument list
 std::reverse_iterator<MatConstIterator_<_Tp>> Mat_<_Tp>::rend() const
                                            ^
/usr/include/opencv2/core/mat.inl.hpp:1781:39: error: ‘>>’ should be ‘> >’ within a nested template argument list
 std::reverse_iterator<MatIterator_<_Tp>> Mat_<_Tp>::rbegin()
                                       ^
/usr/include/opencv2/core/mat.inl.hpp:1793:39: error: ‘>>’ should be ‘> >’ within a nested template argument list
 std::reverse_iterator<MatIterator_<_Tp>> Mat_<_Tp>::rend()
                                       ^
/usr/include/opencv2/core/mat.inl.hpp:1809:21: error: expected ‘,’ or ‘...’ before ‘&&’ token
 Mat_<_Tp>::Mat_(Mat_&& m)
                     ^
/usr/include/opencv2/core/mat.inl.hpp:1809:1: error: prototype for ‘cv::Mat_<_Tp>::Mat_(cv::Mat_<_Tp>)’ does not match any in class ‘cv::Mat_<_Tp>’
 Mat_<_Tp>::Mat_(Mat_&& m)
 ^
In file included from /usr/include/opencv2/core.hpp:58:0,
                 from /usr/local/include/opencv4/opencv2/opencv.hpp:52,
                 from DisplayImage.cpp:2:
/usr/include/opencv2/core/mat.hpp:2367:5: error: candidates are: cv::Mat_<_Tp>::Mat_(cv::MatExpr)
     Mat_(MatExpr&& e);
     ^
/usr/include/opencv2/core/mat.hpp:2364:5: error:                 cv::Mat_<_Tp>::Mat_(cv::Mat)
     Mat_(Mat&& m);
     ^
/usr/include/opencv2/core/mat.hpp:2249:41: error:                 template<class _Tp> template<unsigned int _Nm> cv::Mat_<_Tp>::Mat_(int)
     template <std::size_t _Nm> explicit Mat_(const std::array<_Tp, _Nm>& arr, bool copyData=false);
                                         ^
In file included from /usr/include/opencv2/core/mat.hpp:3764:0,
                 from /usr/include/opencv2/core.hpp:58,
                 from /usr/local/include/opencv4/opencv2/opencv.hpp:52,
                 from DisplayImage.cpp:2:
/usr/include/opencv2/core/mat.inl.hpp:1416:1: error:                 cv::Mat_<_Tp>::Mat_(int)
 Mat_<_Tp>::Mat_(const std::initializer_list<int> sizes, std::initializer_list<_Tp> list)
 ^
/usr/include/opencv2/core/mat.inl.hpp:1401:1: error:                 cv::Mat_<_Tp>::Mat_(const cv::MatCommaInitializer_<_Tp>&)
 Mat_<_Tp>::Mat_(const MatCommaInitializer_<_Tp>& commaInitializer)
 ^
/usr/include/opencv2/core/mat.inl.hpp:1392:1: error:                 cv::Mat_<_Tp>::Mat_(const cv::Point3_<typename cv::DataType<_Tp>::channel_type>&, bool)
 Mat_<_Tp>::Mat_(const Point3_<typename DataType<_Tp>::channel_type>& pt, bool copyData)
 ^
/usr/include/opencv2/core/mat.inl.hpp:1383:1: error:                 cv::Mat_<_Tp>::Mat_(const cv::Point_<typename cv::DataType<_Tp>::channel_type>&, bool)
 Mat_<_Tp>::Mat_(const Point_<typename DataType<_Tp>::channel_type>& pt, bool copyData)
 ^
In file included from /usr/include/opencv2/core.hpp:58:0,
                 from /usr/local/include/opencv4/opencv2/opencv.hpp:52,
                 from DisplayImage.cpp:2:
/usr/include/opencv2/core/mat.hpp:2241:37: error:                 template<class _Tp> template<int m, int n> cv::Mat_<_Tp>::Mat_(const cv::Matx<typename cv::DataType<_Tp>::channel_type, m, n>&, bool)
     template<int m, int n> explicit Mat_(const Matx<typename DataType<_Tp>::channel_type, m, n>& mtx, bool copyData=true);
                                     ^
/usr/include/opencv2/core/mat.hpp:2240:30: error:                 template<class _Tp> template<int n> cv::Mat_<_Tp>::Mat_(const cv::Vec<typename cv::DataType<_Tp>::channel_type, n>&, bool)
     template<int n> explicit Mat_(const Vec<typename DataType<_Tp>::channel_type, n>& vec, bool copyData=true);
                              ^
In file included from /usr/include/opencv2/core/mat.hpp:3764:0,
                 from /usr/include/opencv2/core.hpp:58,
                 from /usr/local/include/opencv4/opencv2/opencv.hpp:52,
                 from DisplayImage.cpp:2:
/usr/include/opencv2/core/mat.inl.hpp:1406:1: error:                 cv::Mat_<_Tp>::Mat_(const std::vector<_Tp>&, bool)
 Mat_<_Tp>::Mat_(const std::vector<_Tp>& vec, bool copyData)
 ^
In file included from /usr/include/opencv2/core.hpp:58:0,
                 from /usr/local/include/opencv4/opencv2/opencv.hpp:52,
                 from DisplayImage.cpp:2:
/usr/include/opencv2/core/mat.hpp:2237:14: error:                 cv::Mat_<_Tp>::Mat_(const cv::MatExpr&)
     explicit Mat_(const MatExpr& e);
              ^
In file included from /usr/include/opencv2/core/mat.hpp:3764:0,
                 from /usr/include/opencv2/core.hpp:58,
                 from /usr/local/include/opencv4/opencv2/opencv.hpp:52,
                 from DisplayImage.cpp:2:
/usr/include/opencv2/core/mat.inl.hpp:1332:1: error:                 cv::Mat_<_Tp>::Mat_(const cv::Mat_<_Tp>&, const std::vector<cv::Range>&)
 Mat_<_Tp>::Mat_(const Mat_<_Tp>& m, const std::vector<Range>& ranges)
 ^
/usr/include/opencv2/core/mat.inl.hpp:1327:1: error:                 cv::Mat_<_Tp>::Mat_(const cv::Mat_<_Tp>&, const cv::Range*)
 Mat_<_Tp>::Mat_(const Mat_<_Tp>& m, const Range* ranges)
 ^
/usr/include/opencv2/core/mat.inl.hpp:1360:1: error:                 cv::Mat_<_Tp>::Mat_(const cv::Mat_<_Tp>&, const Rect&)
 Mat_<_Tp>::Mat_(const Mat_& m, const Rect& roi)
 ^
/usr/include/opencv2/core/mat.inl.hpp:1355:1: error:                 cv::Mat_<_Tp>::Mat_(const cv::Mat_<_Tp>&, const cv::Range&, const cv::Range&)
 Mat_<_Tp>::Mat_(const Mat_& m, const Range& _rowRange, const Range& _colRange)
 ^
/usr/include/opencv2/core/mat.inl.hpp:1322:1: error:                 cv::Mat_<_Tp>::Mat_(int, const int*, _Tp*, const size_t*)
 Mat_<_Tp>::Mat_(int _dims, const int* _sz, _Tp* _data, const size_t* _steps)
 ^
/usr/include/opencv2/core/mat.inl.hpp:1350:1: error:                 cv::Mat_<_Tp>::Mat_(int, int, _Tp*, size_t)
 Mat_<_Tp>::Mat_(int _rows, int _cols, _Tp* _data, size_t steps)
 ^
/usr/include/opencv2/core/mat.inl.hpp:1345:1: error:                 cv::Mat_<_Tp>::Mat_(const cv::Mat_<_Tp>&)
 Mat_<_Tp>::Mat_(const Mat_& m)
 ^
/usr/include/opencv2/core/mat.inl.hpp:1337:1: error:                 cv::Mat_<_Tp>::Mat_(const cv::Mat&)
 Mat_<_Tp>::Mat_(const Mat& m)
 ^
/usr/include/opencv2/core/mat.inl.hpp:1317:1: error:                 cv::Mat_<_Tp>::Mat_(int, const int*, const _Tp&)
 Mat_<_Tp>::Mat_(int _dims, const int* _sz, const _Tp& _s)
 ^
/usr/include/opencv2/core/mat.inl.hpp:1312:1: error:                 cv::Mat_<_Tp>::Mat_(int, const int*)
 Mat_<_Tp>::Mat_(int _dims, const int* _sz)
 ^
/usr/include/opencv2/core/mat.inl.hpp:1305:1: error:                 cv::Mat_<_Tp>::Mat_(cv::Size, const _Tp&)
 Mat_<_Tp>::Mat_(Size _sz, const _Tp& value)
 ^
/usr/include/opencv2/core/mat.inl.hpp:1300:1: error:                 cv::Mat_<_Tp>::Mat_(cv::Size)
 Mat_<_Tp>::Mat_(Size _sz)
 ^
/usr/include/opencv2/core/mat.inl.hpp:1293:1: error:                 cv::Mat_<_Tp>::Mat_(int, int, const _Tp&)
 Mat_<_Tp>::Mat_(int _rows, int _cols, const _Tp& value)
 ^
/usr/include/opencv2/core/mat.inl.hpp:1287:1: error:                 cv::Mat_<_Tp>::Mat_(int, int)
 Mat_<_Tp>::Mat_(int _rows, int _cols)
 ^
/usr/include/opencv2/core/mat.inl.hpp:1280:1: error:                 cv::Mat_<_Tp>::Mat_()
 Mat_<_Tp>::Mat_() CV_NOEXCEPT
 ^
In file included from /usr/include/opencv2/core/mat.hpp:3764:0,
                 from /usr/include/opencv2/core.hpp:58,
                 from /usr/local/include/opencv4/opencv2/opencv.hpp:52,
                 from DisplayImage.cpp:2:
/usr/include/opencv2/core/mat.inl.hpp:1815:39: error: expected ‘,’ or ‘...’ before ‘&&’ token
 Mat_<_Tp>& Mat_<_Tp>::operator = (Mat_&& m)
                                       ^
/usr/include/opencv2/core/mat.inl.hpp: In member function ‘cv::Mat_<_Tp>& cv::Mat_<_Tp>::operator=(cv::Mat_<_Tp>)’:
/usr/include/opencv2/core/mat.inl.hpp:1817:22: error: ‘move’ is not a member of ‘std’
     Mat::operator = (std::move(m));
                      ^
/usr/include/opencv2/core/mat.inl.hpp:1817:32: error: ‘m’ was not declared in this scope
     Mat::operator = (std::move(m));
                                ^
/usr/include/opencv2/core/mat.inl.hpp: At global scope:
/usr/include/opencv2/core/mat.inl.hpp:1822:20: error: expected ‘,’ or ‘...’ before ‘&&’ token
 Mat_<_Tp>::Mat_(Mat&& m)
                    ^
/usr/include/opencv2/core/mat.inl.hpp: In constructor ‘cv::Mat_<_Tp>::Mat_(cv::Mat)’:
/usr/include/opencv2/core/mat.inl.hpp:1826:13: error: ‘move’ is not a member of ‘std’
     *this = std::move(m);
             ^
/usr/include/opencv2/core/mat.inl.hpp:1826:23: error: ‘m’ was not declared in this scope
     *this = std::move(m);
                       ^
/usr/include/opencv2/core/mat.inl.hpp: At global scope:
/usr/include/opencv2/core/mat.inl.hpp:1830:38: error: expected ‘,’ or ‘...’ before ‘&&’ token
 Mat_<_Tp>& Mat_<_Tp>::operator = (Mat&& m)
                                      ^
/usr/include/opencv2/core/mat.inl.hpp: In member function ‘cv::Mat_<_Tp>& cv::Mat_<_Tp>::operator=(cv::Mat)’:
/usr/include/opencv2/core/mat.inl.hpp:1832:9: error: ‘m’ was not declared in this scope
     if (m.empty())
         ^
/usr/include/opencv2/core/mat.inl.hpp:1837:37: error: ‘m’ was not declared in this scope
     if( traits::Type<_Tp>::value == m.type() )
                                     ^
/usr/include/opencv2/core/mat.inl.hpp:1839:30: error: expected primary-expression before ‘&&’ token
         Mat::operator = ((Mat&&)m);
                              ^
/usr/include/opencv2/core/mat.inl.hpp:1839:32: error: expected primary-expression before ‘)’ token
         Mat::operator = ((Mat&&)m);
                                ^
/usr/include/opencv2/core/mat.inl.hpp:1842:38: error: ‘m’ was not declared in this scope
     if( traits::Depth<_Tp>::value == m.depth() )
                                      ^
/usr/include/opencv2/core/mat.inl.hpp:1844:30: error: expected primary-expression before ‘&&’ token
         Mat::operator = ((Mat&&)m.reshape(DataType<_Tp>::channels, m.dims, 0));
                              ^
/usr/include/opencv2/core/mat.inl.hpp:1844:32: error: expected primary-expression before ‘)’ token
         Mat::operator = ((Mat&&)m.reshape(DataType<_Tp>::channels, m.dims, 0));
                                ^
/usr/include/opencv2/core/mat.inl.hpp:1848:5: error: ‘m’ was not declared in this scope
     m.convertTo(*this, type());
     ^
/usr/include/opencv2/core/mat.inl.hpp: At global scope:
/usr/include/opencv2/core/mat.inl.hpp:1853:24: error: expected ‘,’ or ‘...’ before ‘&&’ token
 Mat_<_Tp>::Mat_(MatExpr&& e)
                        ^
/usr/include/opencv2/core/mat.inl.hpp: In constructor ‘cv::Mat_<_Tp>::Mat_(cv::MatExpr)’:
/usr/include/opencv2/core/mat.inl.hpp:1857:17: error: ‘e’ was not declared in this scope
     *this = Mat(e);
                 ^
In file included from /usr/include/opencv2/core.hpp:59:0,
                 from /usr/local/include/opencv4/opencv2/opencv.hpp:52,
                 from DisplayImage.cpp:2:
/usr/include/opencv2/core/persistence.hpp: At global scope:
/usr/include/opencv2/core/persistence.hpp:466:15: error: field ‘p’ has incomplete type ‘cv::Ptr<cv::FileStorage::Impl>’
     Ptr<Impl> p;
               ^
In file included from /usr/include/opencv2/core/cvstd.hpp:81:0,
                 from /usr/include/opencv2/core/base.hpp:58,
                 from /usr/include/opencv2/core.hpp:53,
                 from /usr/local/include/opencv4/opencv2/opencv.hpp:52,
                 from DisplayImage.cpp:2:
/usr/include/opencv2/core/cvstd_wrapper.hpp:73:8: note: declaration of ‘struct cv::Ptr<cv::FileStorage::Impl>’
 struct Ptr : public std::shared_ptr<T>
        ^
In file included from /usr/include/opencv2/core.hpp:59:0,
                 from /usr/local/include/opencv4/opencv2/opencv.hpp:52,
                 from DisplayImage.cpp:2:
/usr/include/opencv2/core/persistence.hpp:1079:38: error: ‘enable_if’ in namespace ‘std’ does not name a template type
 template<typename _Tp, typename std::enable_if< std::is_enum<_Tp>::value >::type* = nullptr>
                                      ^
/usr/include/opencv2/core/persistence.hpp:1079:47: error: expected ‘>’ before ‘<’ token
 template<typename _Tp, typename std::enable_if< std::is_enum<_Tp>::value >::type* = nullptr>
                                               ^
/usr/include/opencv2/core/persistence.hpp:1173:38: error: ‘enable_if’ in namespace ‘std’ does not name a template type
 template<typename _Tp, typename std::enable_if< std::is_enum<_Tp>::value >::type* = nullptr>
                                      ^
/usr/include/opencv2/core/persistence.hpp:1173:47: error: expected ‘>’ before ‘<’ token
 template<typename _Tp, typename std::enable_if< std::is_enum<_Tp>::value >::type* = nullptr>
                                               ^
In file included from /usr/local/include/opencv4/opencv2/opencv.hpp:52:0,
                 from DisplayImage.cpp:2:
/usr/include/opencv2/core.hpp: In function ‘cv::String& cv::operator<<(cv::String&, cv::Ptr<cv::Formatted>)’:
/usr/include/opencv2/core.hpp:3058:50: error: ‘fmtd’ has incomplete type
 String& operator << (String& out, Ptr<Formatted> fmtd)
                                                  ^
In file included from /usr/include/opencv2/core/cvstd.hpp:81:0,
                 from /usr/include/opencv2/core/base.hpp:58,
                 from /usr/include/opencv2/core.hpp:53,
                 from /usr/local/include/opencv4/opencv2/opencv.hpp:52,
                 from DisplayImage.cpp:2:
/usr/include/opencv2/core/cvstd_wrapper.hpp:73:8: note: declaration of ‘struct cv::Ptr<cv::Formatted>’
 struct Ptr : public std::shared_ptr<T>
        ^
In file included from /usr/local/include/opencv4/opencv2/opencv.hpp:52:0,
                 from DisplayImage.cpp:2:
/usr/include/opencv2/core.hpp: In function ‘cv::String& cv::operator<<(cv::String&, const cv::Mat&)’:
/usr/include/opencv2/core.hpp:3069:34: error: invalid use of incomplete type ‘struct cv::Ptr<cv::Formatter>’
     return out << Formatter::get()->format(mtx);
                                  ^
In file included from /usr/include/opencv2/core/cvstd.hpp:81:0,
                 from /usr/include/opencv2/core/base.hpp:58,
                 from /usr/include/opencv2/core.hpp:53,
                 from /usr/local/include/opencv4/opencv2/opencv.hpp:52,
                 from DisplayImage.cpp:2:
/usr/include/opencv2/core/cvstd_wrapper.hpp:73:8: note: declaration of ‘struct cv::Ptr<cv::Formatter>’
 struct Ptr : public std::shared_ptr<T>
        ^
In file included from /usr/local/include/opencv4/opencv2/opencv.hpp:52:0,
                 from DisplayImage.cpp:2:
/usr/include/opencv2/core.hpp: At global scope:
/usr/include/opencv2/core.hpp:3201:31: error: ‘Param’ is not a class or namespace
     static const Param type = Param::BOOLEAN;
                               ^
/usr/include/opencv2/core.hpp:3209:31: error: ‘Param’ is not a class or namespace
     static const Param type = Param::INT;
                               ^
/usr/include/opencv2/core.hpp:3217:31: error: ‘Param’ is not a class or namespace
     static const Param type = Param::REAL;
                               ^
/usr/include/opencv2/core.hpp:3225:31: error: ‘Param’ is not a class or namespace
     static const Param type = Param::STRING;
                               ^
/usr/include/opencv2/core.hpp:3233:31: error: ‘Param’ is not a class or namespace
     static const Param type = Param::MAT;
                               ^
/usr/include/opencv2/core.hpp:3241:31: error: ‘Param’ is not a class or namespace
     static const Param type = Param::MAT_VECTOR;
                               ^
/usr/include/opencv2/core.hpp:3249:31: error: ‘Param’ is not a class or namespace
     static const Param type = Param::ALGORITHM;
                               ^
/usr/include/opencv2/core.hpp:3257:31: error: ‘Param’ is not a class or namespace
     static const Param type = Param::FLOAT;
                               ^
/usr/include/opencv2/core.hpp:3265:31: error: ‘Param’ is not a class or namespace
     static const Param type = Param::UNSIGNED_INT;
                               ^
/usr/include/opencv2/core.hpp:3273:31: error: ‘Param’ is not a class or namespace
     static const Param type = Param::UINT64;
                               ^
/usr/include/opencv2/core.hpp:3281:31: error: ‘Param’ is not a class or namespace
     static const Param type = Param::UCHAR;
                               ^
/usr/include/opencv2/core.hpp:3289:31: error: ‘Param’ is not a class or namespace
     static const Param type = Param::SCALAR;
                               ^
/usr/include/opencv2/core.hpp:3293:37: error: ‘enable_if’ in namespace ‘std’ does not name a template type
 struct ParamType<_Tp, typename std::enable_if< std::is_enum<_Tp>::value >::type>
                                     ^
/usr/include/opencv2/core.hpp:3293:46: error: expected template-argument before ‘<’ token
 struct ParamType<_Tp, typename std::enable_if< std::is_enum<_Tp>::value >::type>
                                              ^
/usr/include/opencv2/core.hpp:3293:46: error: expected ‘>’ before ‘<’ token
/usr/include/opencv2/core.hpp:3293:80: error: template argument 2 is invalid
 struct ParamType<_Tp, typename std::enable_if< std::is_enum<_Tp>::value >::type>
                                                                                ^
/usr/include/opencv2/core.hpp:3294:1: error: expected ‘::’ before ‘{’ token
 {
 ^
/usr/include/opencv2/core.hpp:3294:1: error: expected identifier before ‘{’ token
/usr/include/opencv2/core.hpp:3294:1: error: qualified name does not name a class before ‘{’ token
In file included from /usr/include/opencv2/core.hpp:3305:0,
                 from /usr/local/include/opencv4/opencv2/opencv.hpp:52,
                 from DisplayImage.cpp:2:
/usr/include/opencv2/core/operations.hpp: In function ‘cv::Ptr<cv::Formatted> cv::format(cv::InputArray, cv::Formatter::FormatType)’:
/usr/include/opencv2/core/operations.hpp:435:64: error: return type ‘struct cv::Ptr<cv::Formatted>’ is incomplete
 Ptr<Formatted> format(InputArray mtx, Formatter::FormatType fmt)
                                                                ^
/usr/include/opencv2/core/operations.hpp:437:30: error: invalid use of incomplete type ‘struct cv::Ptr<cv::Formatter>’
     return Formatter::get(fmt)->format(mtx.getMat());
                              ^
In file included from /usr/include/opencv2/core/cvstd.hpp:81:0,
                 from /usr/include/opencv2/core/base.hpp:58,
                 from /usr/include/opencv2/core.hpp:53,
                 from /usr/local/include/opencv4/opencv2/opencv.hpp:52,
                 from DisplayImage.cpp:2:
/usr/include/opencv2/core/cvstd_wrapper.hpp:73:8: note: declaration of ‘struct cv::Ptr<cv::Formatter>’
 struct Ptr : public std::shared_ptr<T>
        ^
In file included from /usr/include/opencv2/core.hpp:3305:0,
                 from /usr/local/include/opencv4/opencv2/opencv.hpp:52,
                 from DisplayImage.cpp:2:
/usr/include/opencv2/core/operations.hpp: In function ‘int cv::print(cv::Ptr<cv::Formatted>, FILE*)’:
/usr/include/opencv2/core/operations.hpp:441:26: error: ‘fmtd’ has incomplete type
 int print(Ptr<Formatted> fmtd, FILE* stream = stdout)
                          ^
In file included from /usr/include/opencv2/core/cvstd.hpp:81:0,
                 from /usr/include/opencv2/core/base.hpp:58,
                 from /usr/include/opencv2/core.hpp:53,
                 from /usr/local/include/opencv4/opencv2/opencv.hpp:52,
                 from DisplayImage.cpp:2:
/usr/include/opencv2/core/cvstd_wrapper.hpp:73:8: note: declaration of ‘struct cv::Ptr<cv::Formatted>’
 struct Ptr : public std::shared_ptr<T>
        ^
In file included from /usr/include/opencv2/core.hpp:3305:0,
                 from /usr/local/include/opencv4/opencv2/opencv.hpp:52,
                 from DisplayImage.cpp:2:
/usr/include/opencv2/core/operations.hpp: In function ‘int cv::print(const cv::Mat&, FILE*)’:
/usr/include/opencv2/core/operations.hpp:454:33: error: invalid use of incomplete type ‘struct cv::Ptr<cv::Formatter>’
     return print(Formatter::get()->format(mtx), stream);
                                 ^
In file included from /usr/include/opencv2/core/cvstd.hpp:81:0,
                 from /usr/include/opencv2/core/base.hpp:58,
                 from /usr/include/opencv2/core.hpp:53,
                 from /usr/local/include/opencv4/opencv2/opencv.hpp:52,
                 from DisplayImage.cpp:2:
/usr/include/opencv2/core/cvstd_wrapper.hpp:73:8: note: declaration of ‘struct cv::Ptr<cv::Formatter>’
 struct Ptr : public std::shared_ptr<T>
        ^
In file included from /usr/include/opencv2/core.hpp:3305:0,
                 from /usr/local/include/opencv4/opencv2/opencv.hpp:52,
                 from DisplayImage.cpp:2:
/usr/include/opencv2/core/operations.hpp: In function ‘int cv::print(const cv::UMat&, FILE*)’:
/usr/include/opencv2/core/operations.hpp:460:33: error: invalid use of incomplete type ‘struct cv::Ptr<cv::Formatter>’
     return print(Formatter::get()->format(mtx.getMat(ACCESS_READ)), stream);
                                 ^
In file included from /usr/include/opencv2/core/cvstd.hpp:81:0,
                 from /usr/include/opencv2/core/base.hpp:58,
                 from /usr/include/opencv2/core.hpp:53,
                 from /usr/local/include/opencv4/opencv2/opencv.hpp:52,
                 from DisplayImage.cpp:2:
/usr/include/opencv2/core/cvstd_wrapper.hpp:73:8: note: declaration of ‘struct cv::Ptr<cv::Formatter>’
 struct Ptr : public std::shared_ptr<T>
        ^
In file included from /usr/include/opencv2/core.hpp:3305:0,
                 from /usr/local/include/opencv4/opencv2/opencv.hpp:52,
                 from DisplayImage.cpp:2:
/usr/include/opencv2/core/operations.hpp: In function ‘int cv::print(const std::vector<cv::Point_<_Tp> >&, FILE*)’:
/usr/include/opencv2/core/operations.hpp:466:34: error: base operand of ‘->’ has non-pointer type ‘cv::Ptr<cv::Formatter>’
     return print(Formatter::get()->format(Mat(vec)), stream);
                                  ^
/usr/include/opencv2/core/operations.hpp: In function ‘int cv::print(const std::vector<cv::Point3_<_Tp> >&, FILE*)’:
/usr/include/opencv2/core/operations.hpp:472:34: error: base operand of ‘->’ has non-pointer type ‘cv::Ptr<cv::Formatter>’
     return print(Formatter::get()->format(Mat(vec)), stream);
                                  ^
/usr/include/opencv2/core/operations.hpp: In function ‘int cv::print(const cv::Matx<_Tp, m, n>&, FILE*)’:
/usr/include/opencv2/core/operations.hpp:478:34: error: base operand of ‘->’ has non-pointer type ‘cv::Ptr<cv::Formatter>’
     return print(Formatter::get()->format(cv::Mat(matx)), stream);
                                  ^
In file included from /usr/include/opencv2/core.hpp:3306:0,
                 from /usr/local/include/opencv4/opencv2/opencv.hpp:52,
                 from DisplayImage.cpp:2:
/usr/include/opencv2/core/cvstd.inl.hpp: In function ‘std::ostream& cv::operator<<(std::ostream&, cv::Ptr<cv::Formatted>)’:
/usr/include/opencv2/core/cvstd.inl.hpp:78:62: error: ‘fmtd’ has incomplete type
 std::ostream& operator << (std::ostream& out, Ptr<Formatted> fmtd)
                                                              ^
In file included from /usr/include/opencv2/core/cvstd.hpp:81:0,
                 from /usr/include/opencv2/core/base.hpp:58,
                 from /usr/include/opencv2/core.hpp:53,
                 from /usr/local/include/opencv4/opencv2/opencv.hpp:52,
                 from DisplayImage.cpp:2:
/usr/include/opencv2/core/cvstd_wrapper.hpp:73:8: note: declaration of ‘struct cv::Ptr<cv::Formatted>’
 struct Ptr : public std::shared_ptr<T>
        ^
In file included from /usr/include/opencv2/core.hpp:3306:0,
                 from /usr/local/include/opencv4/opencv2/opencv.hpp:52,
                 from DisplayImage.cpp:2:
/usr/include/opencv2/core/cvstd.inl.hpp: In function ‘std::ostream& cv::operator<<(std::ostream&, const cv::Mat&)’:
/usr/include/opencv2/core/cvstd.inl.hpp:89:34: error: invalid use of incomplete type ‘struct cv::Ptr<cv::Formatter>’
     return out << Formatter::get()->format(mtx);
                                  ^
In file included from /usr/include/opencv2/core/cvstd.hpp:81:0,
                 from /usr/include/opencv2/core/base.hpp:58,
                 from /usr/include/opencv2/core.hpp:53,
                 from /usr/local/include/opencv4/opencv2/opencv.hpp:52,
                 from DisplayImage.cpp:2:
/usr/include/opencv2/core/cvstd_wrapper.hpp:73:8: note: declaration of ‘struct cv::Ptr<cv::Formatter>’
 struct Ptr : public std::shared_ptr<T>
        ^
In file included from /usr/include/opencv2/core.hpp:3306:0,
                 from /usr/local/include/opencv4/opencv2/opencv.hpp:52,
                 from DisplayImage.cpp:2:
/usr/include/opencv2/core/cvstd.inl.hpp: In function ‘std::ostream& cv::operator<<(std::ostream&, const std::vector<cv::Point_<_Tp> >&)’:
/usr/include/opencv2/core/cvstd.inl.hpp:107:35: error: base operand of ‘->’ has non-pointer type ‘cv::Ptr<cv::Formatter>’
     return out << Formatter::get()->format(Mat(vec));
                                   ^
/usr/include/opencv2/core/cvstd.inl.hpp: In function ‘std::ostream& cv::operator<<(std::ostream&, const std::vector<cv::Point3_<_Tp> >&)’:
/usr/include/opencv2/core/cvstd.inl.hpp:114:35: error: base operand of ‘->’ has non-pointer type ‘cv::Ptr<cv::Formatter>’
     return out << Formatter::get()->format(Mat(vec));
                                   ^
/usr/include/opencv2/core/cvstd.inl.hpp: In function ‘std::ostream& cv::operator<<(std::ostream&, const cv::Matx<_Tp, m, n>&)’:
/usr/include/opencv2/core/cvstd.inl.hpp:121:35: error: base operand of ‘->’ has non-pointer type ‘cv::Ptr<cv::Formatter>’
     return out << Formatter::get()->format(Mat(matx));
                                   ^
In file included from /usr/include/opencv2/core.hpp:3307:0,
                 from /usr/local/include/opencv4/opencv2/opencv.hpp:52,
                 from DisplayImage.cpp:2:
/usr/include/opencv2/core/utility.hpp: At global scope:
/usr/include/opencv2/core/utility.hpp:593:10: error: ‘function’ in namespace ‘std’ does not name a template type
     std::function<void(const Range&)> m_functor;
          ^
/usr/include/opencv2/core/utility.hpp:596:48: error: expected ‘)’ before ‘<’ token
     ParallelLoopBodyLambdaWrapper(std::function<void(const Range&)> functor)
                                                ^
/usr/include/opencv2/core/utility.hpp: In member function ‘virtual void cv::ParallelLoopBodyLambdaWrapper::operator()(const cv::Range&) const’:
/usr/include/opencv2/core/utility.hpp:604:24: error: ‘m_functor’ was not declared in this scope
         m_functor(range);
                        ^
/usr/include/opencv2/core/utility.hpp: At global scope:
/usr/include/opencv2/core/utility.hpp:610:45: error: ‘std::function’ has not been declared
 void parallel_for_(const Range& range, std::function<void(const Range&)> functor, double nstripes=-1.)
                                             ^
/usr/include/opencv2/core/utility.hpp:610:53: error: expected ‘,’ or ‘...’ before ‘<’ token
 void parallel_for_(const Range& range, std::function<void(const Range&)> functor, double nstripes=-1.)
                                                     ^
/usr/include/opencv2/core/utility.hpp: In function ‘void cv::parallel_for_(const cv::Range&, int)’:
/usr/include/opencv2/core/utility.hpp:612:56: error: ‘functor’ was not declared in this scope
     parallel_for_(range, ParallelLoopBodyLambdaWrapper(functor), nstripes);
                                                        ^
/usr/include/opencv2/core/utility.hpp:612:66: error: ‘nstripes’ was not declared in this scope
     parallel_for_(range, ParallelLoopBodyLambdaWrapper(functor), nstripes);
                                                                  ^
/usr/include/opencv2/core/utility.hpp: At global scope:
/usr/include/opencv2/core/utility.hpp:718:14: error: ‘recursive_mutex’ in namespace ‘std’ does not name a type
 typedef std::recursive_mutex Mutex;
              ^
/usr/include/opencv2/core/utility.hpp:719:14: error: ‘lock_guard’ in namespace ‘std’ does not name a template type
 typedef std::lock_guard<cv::Mutex> AutoLock;
              ^
In file included from /usr/include/opencv2/core.hpp:3308:0,
                 from /usr/local/include/opencv4/opencv2/opencv.hpp:52,
                 from DisplayImage.cpp:2:
/usr/include/opencv2/core/optim.hpp:198:112: error: invalid use of incomplete type ‘struct cv::Ptr<cv::MinProblemSolver::Function>’
     static Ptr<DownhillSolver> create(const Ptr<MinProblemSolver::Function>& f=Ptr<MinProblemSolver::Function>(),
                                                                                                                ^
In file included from /usr/include/opencv2/core/cvstd.hpp:81:0,
                 from /usr/include/opencv2/core/base.hpp:58,
                 from /usr/include/opencv2/core.hpp:53,
                 from /usr/local/include/opencv4/opencv2/opencv.hpp:52,
                 from DisplayImage.cpp:2:
/usr/include/opencv2/core/cvstd_wrapper.hpp:73:8: note: declaration of ‘struct cv::Ptr<cv::MinProblemSolver::Function>’
 struct Ptr : public std::shared_ptr<T>
        ^
In file included from /usr/include/opencv2/core.hpp:3308:0,
                 from /usr/local/include/opencv4/opencv2/opencv.hpp:52,
                 from DisplayImage.cpp:2:
/usr/include/opencv2/core/optim.hpp:252:110: error: invalid use of incomplete type ‘struct cv::Ptr<cv::MinProblemSolver::Function>’
     static Ptr<ConjGradSolver> create(const Ptr<MinProblemSolver::Function>& f=Ptr<ConjGradSolver::Function>(),
                                                                                                              ^
In file included from /usr/include/opencv2/core/cvstd.hpp:81:0,
                 from /usr/include/opencv2/core/base.hpp:58,
                 from /usr/include/opencv2/core.hpp:53,
                 from /usr/local/include/opencv4/opencv2/opencv.hpp:52,
                 from DisplayImage.cpp:2:
/usr/include/opencv2/core/cvstd_wrapper.hpp:73:8: note: declaration of ‘struct cv::Ptr<cv::MinProblemSolver::Function>’
 struct Ptr : public std::shared_ptr<T>
        ^
In file included from /usr/include/opencv2/calib3d.hpp:48:0,
                 from /usr/local/include/opencv4/opencv2/opencv.hpp:56,
                 from DisplayImage.cpp:2:
/usr/include/opencv2/features2d.hpp:1259:29: error: field ‘indexParams’ has incomplete type ‘cv::Ptr<cv::flann::IndexParams>’
     Ptr<flann::IndexParams> indexParams;
                             ^
In file included from /usr/include/opencv2/core/cvstd.hpp:81:0,
                 from /usr/include/opencv2/core/base.hpp:58,
                 from /usr/include/opencv2/core.hpp:53,
                 from /usr/local/include/opencv4/opencv2/opencv.hpp:52,
                 from DisplayImage.cpp:2:
/usr/include/opencv2/core/cvstd_wrapper.hpp:73:8: note: declaration of ‘struct cv::Ptr<cv::flann::IndexParams>’
 struct Ptr : public std::shared_ptr<T>
        ^
In file included from /usr/include/opencv2/calib3d.hpp:48:0,
                 from /usr/local/include/opencv4/opencv2/opencv.hpp:56,
                 from DisplayImage.cpp:2:
/usr/include/opencv2/features2d.hpp:1260:30: error: field ‘searchParams’ has incomplete type ‘cv::Ptr<cv::flann::SearchParams>’
     Ptr<flann::SearchParams> searchParams;
                              ^
In file included from /usr/include/opencv2/core/cvstd.hpp:81:0,
                 from /usr/include/opencv2/core/base.hpp:58,
                 from /usr/include/opencv2/core.hpp:53,
                 from /usr/local/include/opencv4/opencv2/opencv.hpp:52,
                 from DisplayImage.cpp:2:
/usr/include/opencv2/core/cvstd_wrapper.hpp:73:8: note: declaration of ‘struct cv::Ptr<cv::flann::SearchParams>’
 struct Ptr : public std::shared_ptr<T>
        ^
In file included from /usr/include/opencv2/calib3d.hpp:48:0,
                 from /usr/local/include/opencv4/opencv2/opencv.hpp:56,
                 from DisplayImage.cpp:2:
/usr/include/opencv2/features2d.hpp:1261:23: error: field ‘flannIndex’ has incomplete type ‘cv::Ptr<cv::flann::Index>’
     Ptr<flann::Index> flannIndex;
                       ^
In file included from /usr/include/opencv2/core/cvstd.hpp:81:0,
                 from /usr/include/opencv2/core/base.hpp:58,
                 from /usr/include/opencv2/core.hpp:53,
                 from /usr/local/include/opencv4/opencv2/opencv.hpp:52,
                 from DisplayImage.cpp:2:
/usr/include/opencv2/core/cvstd_wrapper.hpp:73:8: note: declaration of ‘struct cv::Ptr<cv::flann::Index>’
 struct Ptr : public std::shared_ptr<T>
        ^
In file included from /usr/include/opencv2/calib3d.hpp:48:0,
                 from /usr/local/include/opencv4/opencv2/opencv.hpp:56,
                 from DisplayImage.cpp:2:
/usr/include/opencv2/features2d.hpp:1232:109: error: invalid use of incomplete type ‘struct cv::Ptr<cv::flann::KDTreeIndexParams>’
     CV_WRAP FlannBasedMatcher( const Ptr<flann::IndexParams>& indexParams=makePtr<flann::KDTreeIndexParams>(),
                                                                                                             ^
In file included from /usr/include/opencv2/core/cvstd.hpp:81:0,
                 from /usr/include/opencv2/core/base.hpp:58,
                 from /usr/include/opencv2/core.hpp:53,
                 from /usr/local/include/opencv4/opencv2/opencv.hpp:52,
                 from DisplayImage.cpp:2:
/usr/include/opencv2/core/cvstd_wrapper.hpp:73:8: note: declaration of ‘struct cv::Ptr<cv::flann::KDTreeIndexParams>’
 struct Ptr : public std::shared_ptr<T>
        ^
In file included from /usr/include/opencv2/calib3d.hpp:48:0,
                 from /usr/local/include/opencv4/opencv2/opencv.hpp:56,
                 from DisplayImage.cpp:2:
/usr/include/opencv2/features2d.hpp:1233:98: error: invalid use of incomplete type ‘struct cv::Ptr<cv::flann::SearchParams>’
                        const Ptr<flann::SearchParams>& searchParams=makePtr<flann::SearchParams>() );
                                                                                                  ^
In file included from /usr/include/opencv2/core/cvstd.hpp:81:0,
                 from /usr/include/opencv2/core/base.hpp:58,
                 from /usr/include/opencv2/core.hpp:53,
                 from /usr/local/include/opencv4/opencv2/opencv.hpp:52,
                 from DisplayImage.cpp:2:
/usr/include/opencv2/core/cvstd_wrapper.hpp:73:8: note: declaration of ‘struct cv::Ptr<cv::flann::SearchParams>’
 struct Ptr : public std::shared_ptr<T>
        ^
In file included from /usr/include/opencv2/core.hpp:52:0,
                 from /usr/local/include/opencv4/opencv2/opencv.hpp:52,
                 from DisplayImage.cpp:2:
/usr/include/opencv2/features2d.hpp: In function ‘bool cv::operator!(const cv::DrawMatchesFlags&)’:
/usr/include/opencv2/features2d.hpp:1291:1: error: ‘underlying_type’ in namespace ‘std’ does not name a template type
 CV_ENUM_FLAGS(DrawMatchesFlags)
 ^
/usr/include/opencv2/features2d.hpp:1291:1: error: ‘UnderlyingType’ does not name a type
 CV_ENUM_FLAGS(DrawMatchesFlags)
 ^
/usr/include/opencv2/features2d.hpp: In function ‘cv::DrawMatchesFlags cv::operator~(const cv::DrawMatchesFlags&)’:
/usr/include/opencv2/features2d.hpp:1291:1: error: ‘underlying_type’ in namespace ‘std’ does not name a template type
 CV_ENUM_FLAGS(DrawMatchesFlags)
 ^
/usr/include/opencv2/features2d.hpp:1291:1: error: ‘UnderlyingType’ does not name a type
 CV_ENUM_FLAGS(DrawMatchesFlags)
 ^
/usr/include/opencv2/features2d.hpp: In function ‘cv::DrawMatchesFlags cv::operator|(const cv::DrawMatchesFlags&, const cv::DrawMatchesFlags&)’:
/usr/include/opencv2/features2d.hpp:1291:1: error: ‘underlying_type’ in namespace ‘std’ does not name a template type
 CV_ENUM_FLAGS(DrawMatchesFlags)
 ^
/usr/include/opencv2/features2d.hpp:1291:1: error: ‘UnderlyingType’ does not name a type
 CV_ENUM_FLAGS(DrawMatchesFlags)
 ^
/usr/include/opencv2/features2d.hpp:1291:1: error: ‘UnderlyingType’ does not name a type
 CV_ENUM_FLAGS(DrawMatchesFlags)
 ^
/usr/include/opencv2/features2d.hpp: In function ‘cv::DrawMatchesFlags cv::operator&(const cv::DrawMatchesFlags&, const cv::DrawMatchesFlags&)’:
/usr/include/opencv2/features2d.hpp:1291:1: error: ‘underlying_type’ in namespace ‘std’ does not name a template type
 CV_ENUM_FLAGS(DrawMatchesFlags)
 ^
/usr/include/opencv2/features2d.hpp:1291:1: error: ‘UnderlyingType’ does not name a type
 CV_ENUM_FLAGS(DrawMatchesFlags)
 ^
/usr/include/opencv2/features2d.hpp:1291:1: error: ‘UnderlyingType’ does not name a type
 CV_ENUM_FLAGS(DrawMatchesFlags)
 ^
/usr/include/opencv2/features2d.hpp: In function ‘cv::DrawMatchesFlags cv::operator^(const cv::DrawMatchesFlags&, const cv::DrawMatchesFlags&)’:
/usr/include/opencv2/features2d.hpp:1291:1: error: ‘underlying_type’ in namespace ‘std’ does not name a template type
 CV_ENUM_FLAGS(DrawMatchesFlags)
 ^
/usr/include/opencv2/features2d.hpp:1291:1: error: ‘UnderlyingType’ does not name a type
 CV_ENUM_FLAGS(DrawMatchesFlags)
 ^
/usr/include/opencv2/features2d.hpp:1291:1: error: ‘UnderlyingType’ does not name a type
 CV_ENUM_FLAGS(DrawMatchesFlags)
 ^
In file included from /usr/include/opencv2/calib3d.hpp:48:0,
                 from /usr/local/include/opencv4/opencv2/opencv.hpp:56,
                 from DisplayImage.cpp:2:
/usr/include/opencv2/features2d.hpp: At global scope:
/usr/include/opencv2/features2d.hpp:1309:92: error: ‘DrawMatchesFlags’ is not a class or namespace
                                const Scalar& color=Scalar::all(-1), DrawMatchesFlags flags=DrawMatchesFlags::DEFAULT );
                                                                                            ^
/usr/include/opencv2/features2d.hpp:1337:111: error: ‘DrawMatchesFlags’ is not a class or namespace
                              const std::vector<char>& matchesMask=std::vector<char>(), DrawMatchesFlags flags=DrawMatchesFlags::DEFAULT );
                                                                                                               ^
/usr/include/opencv2/features2d.hpp:1345:53: error: ‘DrawMatchesFlags’ is not a class or namespace
                              DrawMatchesFlags flags=DrawMatchesFlags::DEFAULT );
                                                     ^
/usr/include/opencv2/features2d.hpp:1351:139: error: ‘DrawMatchesFlags’ is not a class or namespace
                       const std::vector<std::vector<char> >& matchesMask=std::vector<std::vector<char> >(), DrawMatchesFlags flags=DrawMatches
                                                                                                                                    ^
/usr/include/opencv2/features2d.hpp:1362:101: error: invalid use of incomplete type ‘struct cv::Ptr<cv::Feature2D>’
                                          const Ptr<FeatureDetector>& fdetector=Ptr<FeatureDetector>() );
                                                                                                     ^
In file included from /usr/include/opencv2/core/cvstd.hpp:81:0,
                 from /usr/include/opencv2/core/base.hpp:58,
                 from /usr/include/opencv2/core.hpp:53,
                 from /usr/local/include/opencv4/opencv2/opencv.hpp:52,
                 from DisplayImage.cpp:2:
/usr/include/opencv2/core/cvstd_wrapper.hpp:73:8: note: declaration of ‘struct cv::Ptr<cv::Feature2D>’
 struct Ptr : public std::shared_ptr<T>
        ^
In file included from /usr/include/opencv2/calib3d.hpp:48:0,
                 from /usr/local/include/opencv4/opencv2/opencv.hpp:56,
                 from DisplayImage.cpp:2:
/usr/include/opencv2/features2d.hpp:1525:30: error: field ‘dextractor’ has incomplete type ‘cv::Ptr<cv::Feature2D>’
     Ptr<DescriptorExtractor> dextractor;
                              ^
In file included from /usr/include/opencv2/core/cvstd.hpp:81:0,
                 from /usr/include/opencv2/core/base.hpp:58,
                 from /usr/include/opencv2/core.hpp:53,
                 from /usr/local/include/opencv4/opencv2/opencv.hpp:52,
                 from DisplayImage.cpp:2:
/usr/include/opencv2/core/cvstd_wrapper.hpp:73:8: note: declaration of ‘struct cv::Ptr<cv::Feature2D>’
 struct Ptr : public std::shared_ptr<T>
        ^
In file included from /usr/include/opencv2/calib3d.hpp:48:0,
                 from /usr/local/include/opencv4/opencv2/opencv.hpp:56,
                 from DisplayImage.cpp:2:
/usr/include/opencv2/features2d.hpp:1526:28: error: field ‘dmatcher’ has incomplete type ‘cv::Ptr<cv::DescriptorMatcher>’
     Ptr<DescriptorMatcher> dmatcher;
                            ^
In file included from /usr/include/opencv2/core/cvstd.hpp:81:0,
                 from /usr/include/opencv2/core/base.hpp:58,
                 from /usr/include/opencv2/core.hpp:53,
                 from /usr/local/include/opencv4/opencv2/opencv.hpp:52,
                 from DisplayImage.cpp:2:
/usr/include/opencv2/core/cvstd_wrapper.hpp:73:8: note: declaration of ‘struct cv::Ptr<cv::DescriptorMatcher>’
 struct Ptr : public std::shared_ptr<T>
        ^
In file included from /usr/local/include/opencv4/opencv2/opencv.hpp:56:0,
                 from DisplayImage.cpp:2:
/usr/include/opencv2/calib3d.hpp:1702:106: error: invalid use of incomplete type ‘struct cv::Ptr<cv::SimpleBlobDetector>’
                                    const Ptr<FeatureDetector> &blobDetector = SimpleBlobDetector::create());
                                                                                                          ^
In file included from /usr/include/opencv2/core/cvstd.hpp:81:0,
                 from /usr/include/opencv2/core/base.hpp:58,
                 from /usr/include/opencv2/core.hpp:53,
                 from /usr/local/include/opencv4/opencv2/opencv.hpp:52,
                 from DisplayImage.cpp:2:
/usr/include/opencv2/core/cvstd_wrapper.hpp:73:8: note: declaration of ‘struct cv::Ptr<cv::SimpleBlobDetector>’
 struct Ptr : public std::shared_ptr<T>
        ^
In file included from /usr/local/include/opencv4/opencv2/opencv.hpp:56:0,
                 from DisplayImage.cpp:2:
/usr/include/opencv2/calib3d.hpp:3200:64: error: ‘nullptr’ was not declared in this scope
                                         CV_OUT double* scale = nullptr, bool force_rotation = true);
                                                                ^
In file included from /usr/include/opencv2/dnn/dnn.hpp:51:0,
                 from /usr/include/opencv2/dnn.hpp:76,
                 from /usr/local/include/opencv4/opencv2/opencv.hpp:62,
                 from DisplayImage.cpp:2:
/usr/include/opencv2/dnn/dict.hpp: In constructor ‘cv::dnn::dnn4_v20210608::DictValue::DictValue(bool)’:
/usr/include/opencv2/dnn/dict.hpp:63:40: error: ‘Param’ is not a class or namespace
     DictValue(bool i)           : type(Param::INT), pi(new AutoBuffer<int64,1>) { (*pi)[0] = i ? 1 : 0; }       //!< Constructs integer scalar
                                        ^
In file included from /usr/include/opencv2/dnn/dnn.hpp:51:0,
                 from /usr/include/opencv2/dnn.hpp:76,
                 from /usr/local/include/opencv4/opencv2/opencv.hpp:62,
                 from DisplayImage.cpp:2:
/usr/include/opencv2/dnn/dict.hpp: In constructor ‘cv::dnn::dnn4_v20210608::DictValue::DictValue(int64)’:
/usr/include/opencv2/dnn/dict.hpp:64:40: error: ‘Param’ is not a class or namespace
     DictValue(int64 i = 0)      : type(Param::INT), pi(new AutoBuffer<int64,1>) { (*pi)[0] = i; }       //!< Constructs integer scalar
                                        ^
/usr/include/opencv2/dnn/dict.hpp: In constructor ‘cv::dnn::dnn4_v20210608::DictValue::DictValue(int)’:
/usr/include/opencv2/dnn/dict.hpp:65:40: error: ‘Param’ is not a class or namespace
     CV_WRAP DictValue(int i)    : type(Param::INT), pi(new AutoBuffer<int64,1>) { (*pi)[0] = i; }       //!< Constructs integer scalar
                                        ^
/usr/include/opencv2/dnn/dict.hpp: In constructor ‘cv::dnn::dnn4_v20210608::DictValue::DictValue(unsigned int)’:
/usr/include/opencv2/dnn/dict.hpp:66:40: error: ‘Param’ is not a class or namespace
     DictValue(unsigned p)       : type(Param::INT), pi(new AutoBuffer<int64,1>) { (*pi)[0] = p; }       //!< Constructs integer scalar
                                        ^
/usr/include/opencv2/dnn/dict.hpp: In constructor ‘cv::dnn::dnn4_v20210608::DictValue::DictValue(double)’:
/usr/include/opencv2/dnn/dict.hpp:67:48: error: ‘Param’ is not a class or namespace
     CV_WRAP DictValue(double p)         : type(Param::REAL), pd(new AutoBuffer<double,1>) { (*pd)[0] = p; }     //!< Constructs floating point
                                                ^
/usr/include/opencv2/dnn/dict.hpp: In constructor ‘cv::dnn::dnn4_v20210608::DictValue::DictValue(const String&)’:
/usr/include/opencv2/dnn/dict.hpp:68:48: error: ‘Param’ is not a class or namespace
     CV_WRAP DictValue(const String &s)  : type(Param::STRING), ps(new AutoBuffer<String,1>) { (*ps)[0] = s; }   //!< Constructs string scalar
                                                ^
/usr/include/opencv2/dnn/dict.hpp: In constructor ‘cv::dnn::dnn4_v20210608::DictValue::DictValue(const char*)’:
/usr/include/opencv2/dnn/dict.hpp:69:48: error: ‘Param’ is not a class or namespace
     DictValue(const char *s)            : type(Param::STRING), ps(new AutoBuffer<String,1>) { (*ps)[0] = s; }   //!< @overload
                                                ^
In file included from /usr/include/opencv2/dnn.hpp:76:0,
                 from /usr/local/include/opencv4/opencv2/opencv.hpp:62,
                 from DisplayImage.cpp:2:
/usr/include/opencv2/dnn/dnn.hpp: At global scope:
/usr/include/opencv2/dnn/dnn.hpp:319:49: error: ‘>>’ should be ‘> >’ within a nested template argument list
             const std::vector<Ptr<BackendWrapper>>& inputs,
                                                 ^
/usr/include/opencv2/dnn/dnn.hpp:320:49: error: ‘>>’ should be ‘> >’ within a nested template argument list
             const std::vector<Ptr<BackendWrapper>>& outputs
                                                 ^
/usr/include/opencv2/dnn/dnn.hpp:798:19: error: field ‘impl’ has incomplete type ‘cv::Ptr<cv::dnn::dnn4_v20210608::Net::Impl>’
         Ptr<Impl> impl;
                   ^
In file included from /usr/include/opencv2/core/cvstd.hpp:81:0,
                 from /usr/include/opencv2/core/base.hpp:58,
                 from /usr/include/opencv2/core.hpp:53,
                 from /usr/local/include/opencv4/opencv2/opencv.hpp:52,
                 from DisplayImage.cpp:2:
/usr/include/opencv2/core/cvstd_wrapper.hpp:73:8: note: declaration of ‘struct cv::Ptr<cv::dnn::dnn4_v20210608::Net::Impl>’
 struct Ptr : public std::shared_ptr<T>
        ^
In file included from /usr/include/opencv2/dnn.hpp:76:0,
                 from /usr/local/include/opencv4/opencv2/opencv.hpp:62,
                 from DisplayImage.cpp:2:
/usr/include/opencv2/dnn/dnn.hpp:1147:21: error: expected ‘,’ or ‘...’ before ‘&&’ token
          Model(Model&&) = default;
                     ^
/usr/include/opencv2/dnn/dnn.hpp:1147:27: error: invalid constructor; you probably meant ‘cv::dnn::dnn4_v20210608::Model (const cv::dnn::dnn4_v20210608::Model&)’
          Model(Model&&) = default;
                           ^
/usr/include/opencv2/dnn/dnn.hpp:1149:32: error: expected ‘,’ or ‘...’ before ‘&&’ token
          Model& operator=(Model&&) = default;
                                ^
/usr/include/opencv2/dnn/dnn.hpp:1238:20: error: field ‘impl’ has incomplete type ‘cv::Ptr<cv::dnn::dnn4_v20210608::Model::Impl>’
          Ptr<Impl> impl;
                    ^
In file included from /usr/include/opencv2/core/cvstd.hpp:81:0,
                 from /usr/include/opencv2/core/base.hpp:58,
                 from /usr/include/opencv2/core.hpp:53,
                 from /usr/local/include/opencv4/opencv2/opencv.hpp:52,
                 from DisplayImage.cpp:2:
/usr/include/opencv2/core/cvstd_wrapper.hpp:73:8: note: declaration of ‘struct cv::Ptr<cv::dnn::dnn4_v20210608::Model::Impl>’
 struct Ptr : public std::shared_ptr<T>
        ^
In file included from /usr/include/opencv2/dnn.hpp:76:0,
                 from /usr/local/include/opencv4/opencv2/opencv.hpp:62,
                 from DisplayImage.cpp:2:
/usr/include/opencv2/dnn/dnn.hpp:1149:17: error: defaulted declaration ‘cv::dnn::dnn4_v20210608::Model& cv::dnn::dnn4_v20210608::Model::operator=(cv::dnn::dnn4_v20210608::Model)’
          Model& operator=(Model&&) = default;
                 ^
/usr/include/opencv2/dnn/dnn.hpp:1149:17: error: does not match expected signature ‘cv::dnn::dnn4_v20210608::Model& cv::dnn::dnn4_v20210608::Model::operator=(cv::dnn::dnn4_v20210608::Model&)’
In file included from /usr/include/opencv2/dnn/dnn.hpp:1655:0,
                 from /usr/include/opencv2/dnn.hpp:76,
                 from /usr/local/include/opencv4/opencv2/opencv.hpp:62,
                 from DisplayImage.cpp:2:
/usr/include/opencv2/dnn/dnn.inl.hpp: In static member function ‘static cv::dnn::dnn4_v20210608::DictValue cv::dnn::dnn4_v20210608::DictValue::arrayInt(TypeIter, int)’:
/usr/include/opencv2/dnn/dnn.inl.hpp:54:29: error: expected unqualified-id before ‘,’ token
     DictValue res(Param::INT, new AutoBuffer<int64, 1>(size));
                             ^
/usr/include/opencv2/dnn/dnn.inl.hpp:54:29: error: expected ‘)’ before ‘,’ token
/usr/include/opencv2/dnn/dnn.inl.hpp:54:31: error: expected unqualified-id before ‘new’
     DictValue res(Param::INT, new AutoBuffer<int64, 1>(size));
                               ^
/usr/include/opencv2/dnn/dnn.inl.hpp: In static member function ‘static cv::dnn::dnn4_v20210608::DictValue cv::dnn::dnn4_v20210608::DictValue::arrayReal(TypeIter, int)’:
/usr/include/opencv2/dnn/dnn.inl.hpp:63:30: error: expected unqualified-id before ‘,’ token
     DictValue res(Param::REAL, new AutoBuffer<double, 1>(size));
                              ^
/usr/include/opencv2/dnn/dnn.inl.hpp:63:30: error: expected ‘)’ before ‘,’ token
/usr/include/opencv2/dnn/dnn.inl.hpp:63:32: error: expected unqualified-id before ‘new’
     DictValue res(Param::REAL, new AutoBuffer<double, 1>(size));
                                ^
/usr/include/opencv2/dnn/dnn.inl.hpp: In static member function ‘static cv::dnn::dnn4_v20210608::DictValue cv::dnn::dnn4_v20210608::DictValue::arrayString(TypeIter, int)’:
/usr/include/opencv2/dnn/dnn.inl.hpp:72:32: error: expected unqualified-id before ‘,’ token
     DictValue res(Param::STRING, new AutoBuffer<String, 1>(size));
                                ^
/usr/include/opencv2/dnn/dnn.inl.hpp:72:32: error: expected ‘)’ before ‘,’ token
/usr/include/opencv2/dnn/dnn.inl.hpp:72:34: error: expected unqualified-id before ‘new’
     DictValue res(Param::STRING, new AutoBuffer<String, 1>(size));
                                  ^
/usr/include/opencv2/dnn/dnn.inl.hpp: In member function ‘T cv::dnn::dnn4_v20210608::DictValue::get(int) const [with T = long long int]’:
/usr/include/opencv2/dnn/dnn.inl.hpp:91:17: error: ‘Param’ is not a class or namespace
     if (type == Param::INT)
                 ^
/usr/include/opencv2/dnn/dnn.inl.hpp:95:22: error: ‘Param’ is not a class or namespace
     else if (type == Param::REAL)
                      ^
/usr/include/opencv2/dnn/dnn.inl.hpp:105:22: error: ‘Param’ is not a class or namespace
     else if (type == Param::STRING)
                      ^
/usr/include/opencv2/dnn/dnn.inl.hpp: In member function ‘T cv::dnn::dnn4_v20210608::DictValue::get(int) const [with T = double]’:
/usr/include/opencv2/dnn/dnn.inl.hpp:145:17: error: ‘Param’ is not a class or namespace
     if (type == Param::REAL)
                 ^
/usr/include/opencv2/dnn/dnn.inl.hpp:149:22: error: ‘Param’ is not a class or namespace
     else if (type == Param::INT)
                      ^
/usr/include/opencv2/dnn/dnn.inl.hpp:153:22: error: ‘Param’ is not a class or namespace
     else if (type == Param::STRING)
                      ^
/usr/include/opencv2/dnn/dnn.inl.hpp: In member function ‘void cv::dnn::dnn4_v20210608::DictValue::release()’:
/usr/include/opencv2/dnn/dnn.inl.hpp:193:10: error: ‘Param’ is not a class or namespace
     case Param::INT:
          ^
/usr/include/opencv2/dnn/dnn.inl.hpp:196:10: error: ‘Param’ is not a class or namespace
     case Param::STRING:
          ^
/usr/include/opencv2/dnn/dnn.inl.hpp:199:10: error: ‘Param’ is not a class or namespace
     case Param::REAL:
          ^
/usr/include/opencv2/dnn/dnn.inl.hpp:202:10: error: ‘Param’ is not a class or namespace
     case Param::BOOLEAN:
          ^
/usr/include/opencv2/dnn/dnn.inl.hpp:203:10: error: ‘Param’ is not a class or namespace
     case Param::MAT:
          ^
/usr/include/opencv2/dnn/dnn.inl.hpp:204:10: error: ‘Param’ is not a class or namespace
     case Param::MAT_VECTOR:
          ^
/usr/include/opencv2/dnn/dnn.inl.hpp:205:10: error: ‘Param’ is not a class or namespace
     case Param::ALGORITHM:
          ^
/usr/include/opencv2/dnn/dnn.inl.hpp:206:10: error: ‘Param’ is not a class or namespace
     case Param::FLOAT:
          ^
/usr/include/opencv2/dnn/dnn.inl.hpp:207:10: error: ‘Param’ is not a class or namespace
     case Param::UNSIGNED_INT:
          ^
/usr/include/opencv2/dnn/dnn.inl.hpp:208:10: error: ‘Param’ is not a class or namespace
     case Param::UINT64:
          ^
/usr/include/opencv2/dnn/dnn.inl.hpp:209:10: error: ‘Param’ is not a class or namespace
     case Param::UCHAR:
          ^
/usr/include/opencv2/dnn/dnn.inl.hpp:210:10: error: ‘Param’ is not a class or namespace
     case Param::SCALAR:
          ^
/usr/include/opencv2/dnn/dnn.inl.hpp: In member function ‘cv::dnn::dnn4_v20210608::DictValue& cv::dnn::dnn4_v20210608::DictValue::operator=(const cv::dnn::dnn4_v20210608::DictValue&)’:
/usr/include/opencv2/dnn/dnn.inl.hpp:225:19: error: ‘Param’ is not a class or namespace
     if (r.type == Param::INT)
                   ^
/usr/include/opencv2/dnn/dnn.inl.hpp:231:24: error: ‘Param’ is not a class or namespace
     else if (r.type == Param::STRING)
                        ^
/usr/include/opencv2/dnn/dnn.inl.hpp:237:24: error: ‘Param’ is not a class or namespace
     else if (r.type == Param::REAL)
                        ^
/usr/include/opencv2/dnn/dnn.inl.hpp: In copy constructor ‘cv::dnn::dnn4_v20210608::DictValue::DictValue(const cv::dnn::dnn4_v20210608::DictValue&)’:
/usr/include/opencv2/dnn/dnn.inl.hpp:254:19: error: ‘Param’ is not a class or namespace
     if (r.type == Param::INT)
                   ^
/usr/include/opencv2/dnn/dnn.inl.hpp:256:24: error: ‘Param’ is not a class or namespace
     else if (r.type == Param::STRING)
                        ^
/usr/include/opencv2/dnn/dnn.inl.hpp:258:24: error: ‘Param’ is not a class or namespace
     else if (r.type == Param::REAL)
                        ^
/usr/include/opencv2/dnn/dnn.inl.hpp: In member function ‘bool cv::dnn::dnn4_v20210608::DictValue::isString() const’:
/usr/include/opencv2/dnn/dnn.inl.hpp:264:21: error: ‘Param’ is not a class or namespace
     return (type == Param::STRING);
                     ^
/usr/include/opencv2/dnn/dnn.inl.hpp: In member function ‘bool cv::dnn::dnn4_v20210608::DictValue::isInt() const’:
/usr/include/opencv2/dnn/dnn.inl.hpp:269:21: error: ‘Param’ is not a class or namespace
     return (type == Param::INT);
                     ^
/usr/include/opencv2/dnn/dnn.inl.hpp: In member function ‘bool cv::dnn::dnn4_v20210608::DictValue::isReal() const’:
/usr/include/opencv2/dnn/dnn.inl.hpp:274:21: error: ‘Param’ is not a class or namespace
     return (type == Param::REAL || type == Param::INT);
                     ^
/usr/include/opencv2/dnn/dnn.inl.hpp:274:44: error: ‘Param’ is not a class or namespace
     return (type == Param::REAL || type == Param::INT);
                                            ^
/usr/include/opencv2/dnn/dnn.inl.hpp: In member function ‘int cv::dnn::dnn4_v20210608::DictValue::size() const’:
/usr/include/opencv2/dnn/dnn.inl.hpp:281:10: error: ‘Param’ is not a class or namespace
     case Param::INT:
          ^
/usr/include/opencv2/dnn/dnn.inl.hpp:283:10: error: ‘Param’ is not a class or namespace
     case Param::STRING:
          ^
/usr/include/opencv2/dnn/dnn.inl.hpp:285:10: error: ‘Param’ is not a class or namespace
     case Param::REAL:
          ^
/usr/include/opencv2/dnn/dnn.inl.hpp:287:10: error: ‘Param’ is not a class or namespace
     case Param::BOOLEAN:
          ^
/usr/include/opencv2/dnn/dnn.inl.hpp:288:10: error: ‘Param’ is not a class or namespace
     case Param::MAT:
          ^
/usr/include/opencv2/dnn/dnn.inl.hpp:289:10: error: ‘Param’ is not a class or namespace
     case Param::MAT_VECTOR:
          ^
/usr/include/opencv2/dnn/dnn.inl.hpp:290:10: error: ‘Param’ is not a class or namespace
     case Param::ALGORITHM:
          ^
/usr/include/opencv2/dnn/dnn.inl.hpp:291:10: error: ‘Param’ is not a class or namespace
     case Param::FLOAT:
          ^
/usr/include/opencv2/dnn/dnn.inl.hpp:292:10: error: ‘Param’ is not a class or namespace
     case Param::UNSIGNED_INT:
          ^
/usr/include/opencv2/dnn/dnn.inl.hpp:293:10: error: ‘Param’ is not a class or namespace
     case Param::UINT64:
          ^
/usr/include/opencv2/dnn/dnn.inl.hpp:294:10: error: ‘Param’ is not a class or namespace
     case Param::UCHAR:
          ^
/usr/include/opencv2/dnn/dnn.inl.hpp:295:10: error: ‘Param’ is not a class or namespace
     case Param::SCALAR:
          ^
In file included from /usr/include/opencv2/flann/kdtree_index.h:44:0,
                 from /usr/include/opencv2/flann/all_indices.h:38,
                 from /usr/include/opencv2/flann/flann_base.hpp:44,
                 from /usr/include/opencv2/flann.hpp:48,
                 from /usr/local/include/opencv4/opencv2/opencv.hpp:65,
                 from DisplayImage.cpp:2:
/usr/include/opencv2/flann/heap.h: At global scope:
/usr/include/opencv2/flann/heap.h:85:24: error: expected ‘,’ or ‘...’ before ‘&&’ token
     Heap(std::vector<T>&& vec)
                        ^
/usr/include/opencv2/flann/heap.h:188:26: error: ‘>>’ should be ‘> >’ within a nested template argument list
     static cv::Ptr<Heap<T>> getPooledInstance(
                          ^
/usr/include/opencv2/flann/heap.h: In constructor ‘cvflann::Heap<T>::Heap(std::vector<_Tp>)’:
/usr/include/opencv2/flann/heap.h:86:16: error: ‘move’ is not a member of ‘std’
         : heap(std::move(vec))
                ^
/usr/include/opencv2/flann/heap.h:86:26: error: ‘vec’ was not declared in this scope
         : heap(std::move(vec))
                          ^
/usr/include/opencv2/flann/heap.h: In static member function ‘static cv::Ptr<cvflann::Heap<T> > cvflann::Heap<T>::getPooledInstance(const HashableT&, int, int)’:
/usr/include/opencv2/flann/heap.h:191:20: error: ‘Mutex’ in namespace ‘cv’ does not name a type
         static cv::Mutex mutex;
                    ^
/usr/include/opencv2/flann/heap.h:192:19: error: ‘AutoLock’ in namespace ‘cv’ does not name a type
         const cv::AutoLock lock(mutex);
                   ^
/usr/include/opencv2/flann/heap.h:195:27: error: ‘>>’ should be ‘> >’ within a nested template argument list
             cv::Ptr<Heap<T>> heapPtr;
                           ^
/usr/include/opencv2/flann/heap.h:198:22: error: ‘unordered_map’ in namespace ‘std’ does not name a template type
         typedef std::unordered_map<HashableT, HeapMapValueType> HeapMapType;
                      ^
/usr/include/opencv2/flann/heap.h:200:16: error: ‘HeapMapType’ does not name a type
         static HeapMapType heapsPool;
                ^
/usr/include/opencv2/flann/heap.h:201:18: error: ‘HeapMapType’ has not been declared
         typename HeapMapType::iterator heapIt = heapsPool.find(poolId);
                  ^
/usr/include/opencv2/flann/heap.h:201:40: error: expected ‘(’ before ‘heapIt’
         typename HeapMapType::iterator heapIt = heapsPool.find(poolId);
                                        ^
/usr/include/opencv2/flann/heap.h:203:13: error: ‘heapIt’ was not declared in this scope
         if (heapIt == heapsPool.end())
             ^
/usr/include/opencv2/flann/heap.h:203:23: error: ‘heapsPool’ was not declared in this scope
         if (heapIt == heapsPool.end())
                       ^
/usr/include/opencv2/flann/heap.h:206:67: error: ‘>>’ should be ‘> >’ within a nested template argument list
             HeapMapValueType heapAndTimePair = {cv::makePtr<Heap<T>>(capacity), 0};
                                                                   ^
/usr/include/opencv2/flann/heap.h:207:65: error: wrong number of template arguments (1, should be 2)
             const std::pair<typename HeapMapType::iterator, bool>& emplaceResult = heapsPool.emplace(poolId, std::move(heapAndTimePair));
                                                                 ^
In file included from /usr/include/c++/5/utility:70:0,
                 from /usr/include/c++/5/algorithm:60,
                 from /usr/include/opencv2/core/base.hpp:55,
                 from /usr/include/opencv2/core.hpp:53,
                 from /usr/local/include/opencv4/opencv2/opencv.hpp:52,
                 from DisplayImage.cpp:2:
/usr/include/c++/5/bits/stl_pair.h:96:12: note: provided for ‘template<class _T1, class _T2> struct std::pair’
     struct pair
            ^
In file included from /usr/include/opencv2/flann/kdtree_index.h:44:0,
                 from /usr/include/opencv2/flann/all_indices.h:38,
                 from /usr/include/opencv2/flann/flann_base.hpp:44,
                 from /usr/include/opencv2/flann.hpp:48,
                 from /usr/local/include/opencv4/opencv2/opencv.hpp:65,
                 from DisplayImage.cpp:2:
/usr/include/opencv2/flann/heap.h:207:110: error: ‘move’ is not a member of ‘std’
             const std::pair<typename HeapMapType::iterator, bool>& emplaceResult = heapsPool.emplace(poolId, std::move(heapAndTimePair));
                                                                                                              ^
In file included from /usr/include/opencv2/core/base.hpp:662:0,
                 from /usr/include/opencv2/core.hpp:53,
                 from /usr/local/include/opencv4/opencv2/opencv.hpp:52,
                 from DisplayImage.cpp:2:
/usr/include/opencv2/flann/heap.h:208:13: error: request for member ‘second’ in ‘emplaceResult’, which is of non-class type ‘const int’
             CV_CheckEQ(static_cast<int>(emplaceResult.second), 1, "Failed to insert the heap into its memory pool");
             ^
/usr/include/opencv2/flann/heap.h:208:13: error: request for member ‘second’ in ‘emplaceResult’, which is of non-class type ‘const int’
             CV_CheckEQ(static_cast<int>(emplaceResult.second), 1, "Failed to insert the heap into its memory pool");
             ^
In file included from /usr/include/opencv2/flann/kdtree_index.h:44:0,
                 from /usr/include/opencv2/flann/all_indices.h:38,
                 from /usr/include/opencv2/flann/flann_base.hpp:44,
                 from /usr/include/opencv2/flann.hpp:48,
                 from /usr/local/include/opencv4/opencv2/opencv.hpp:65,
                 from DisplayImage.cpp:2:
/usr/include/opencv2/flann/heap.h:209:36: error: request for member ‘first’ in ‘emplaceResult’, which is of non-class type ‘const int’
             heapIt = emplaceResult.first;
                                    ^
/usr/include/opencv2/flann/heap.h:224:18: error: ‘HeapMapType’ has not been declared
         typename HeapMapType::iterator cleanupIt = heapsPool.begin();
                  ^
/usr/include/opencv2/flann/heap.h:224:40: error: expected ‘(’ before ‘cleanupIt’
         typename HeapMapType::iterator cleanupIt = heapsPool.begin();
                                        ^
/usr/include/opencv2/flann/heap.h:225:16: error: ‘cleanupIt’ was not declared in this scope
         while (cleanupIt != heapsPool.end())
                ^
/usr/include/opencv2/flann/heap.h:225:29: error: ‘heapsPool’ was not declared in this scope
         while (cleanupIt != heapsPool.end())
                             ^
In file included from /usr/include/opencv2/core.hpp:53:0,
                 from /usr/local/include/opencv4/opencv2/opencv.hpp:52,
                 from DisplayImage.cpp:2:
/usr/include/opencv2/flann/heap.h:229:17: error: ‘heapIt’ was not declared in this scope
                 CV_Assert(cleanupIt != heapIt);
                 ^
In file included from /usr/include/opencv2/flann/kdtree_index.h:44:0,
                 from /usr/include/opencv2/flann/all_indices.h:38,
                 from /usr/include/opencv2/flann/flann_base.hpp:44,
                 from /usr/include/opencv2/flann.hpp:48,
                 from /usr/local/include/opencv4/opencv2/opencv.hpp:65,
                 from DisplayImage.cpp:2:
/usr/include/opencv2/flann/heap.h:236:16: error: ‘heapIt’ was not declared in this scope
         return heapIt->second.heapPtr;
                ^
In file included from /usr/include/opencv2/flann/all_indices.h:38:0,
                 from /usr/include/opencv2/flann/flann_base.hpp:44,
                 from /usr/include/opencv2/flann.hpp:48,
                 from /usr/local/include/opencv4/opencv2/opencv.hpp:65,
                 from DisplayImage.cpp:2:
/usr/include/opencv2/flann/kdtree_index.h: At global scope:
/usr/include/opencv2/flann/kdtree_index.h:478:65: error: ‘>>’ should be ‘> >’ within a nested template argument list
                      float epsError, const cv::Ptr<Heap<BranchSt>>& heap, DynamicBitset& checked, bool explore_all_trees = false)
                                                                 ^
In file included from /usr/include/opencv2/flann/all_indices.h:38:0,
                 from /usr/include/opencv2/flann/flann_base.hpp:44,
                 from /usr/include/opencv2/flann.hpp:48,
                 from /usr/local/include/opencv4/opencv2/opencv.hpp:65,
                 from DisplayImage.cpp:2:
/usr/include/opencv2/flann/kdtree_index.h: In member function ‘void cvflann::KDTreeIndex<Distance>::getNeighbors(cvflann::ResultSet<typename Distance::ResultType>&, const ElementType*, int, float, bool)’:
/usr/include/opencv2/flann/kdtree_index.h:452:36: error: ‘>>’ should be ‘> >’ within a nested template argument list
         const cv::Ptr<Heap<BranchSt>>& heap = Heap<BranchSt>::getPooledInstance(cv::utils::getThreadID(), (int)size_);
                                    ^
In file included from /usr/include/opencv2/flann/all_indices.h:40:0,
                 from /usr/include/opencv2/flann/flann_base.hpp:44,
                 from /usr/include/opencv2/flann.hpp:48,
                 from /usr/local/include/opencv4/opencv2/opencv.hpp:65,
                 from DisplayImage.cpp:2:
/usr/include/opencv2/flann/kmeans_index.h: At global scope:
/usr/include/opencv2/flann/kmeans_index.h:1530:44: error: ‘>>’ should be ‘> >’ within a nested template argument list
                 const cv::Ptr<Heap<BranchSt>>& heap)
                                            ^
In file included from /usr/include/opencv2/flann/all_indices.h:40:0,
                 from /usr/include/opencv2/flann/flann_base.hpp:44,
                 from /usr/include/opencv2/flann.hpp:48,
                 from /usr/local/include/opencv4/opencv2/opencv.hpp:65,
                 from DisplayImage.cpp:2:
/usr/include/opencv2/flann/kmeans_index.h:1578:130: error: ‘>>’ should be ‘> >’ within a nested template argument list
     int exploreNodeBranches(KMeansNodePtr node, const ElementType* q, DistanceType* domain_distances, const cv::Ptr<Heap<BranchSt>>& heap)
                                                                                                                                  ^
In file included from /usr/include/opencv2/flann/all_indices.h:40:0,
                 from /usr/include/opencv2/flann/flann_base.hpp:44,
                 from /usr/include/opencv2/flann.hpp:48,
                 from /usr/local/include/opencv4/opencv2/opencv.hpp:65,
                 from DisplayImage.cpp:2:
/usr/include/opencv2/flann/kmeans_index.h: In member function ‘void cvflann::KMeansIndex<Distance>::findNeighbors(cvflann::ResultSet<typename Distance::ResultType>&, const ElementType*, const cvflann::SearchParams&)’:
/usr/include/opencv2/flann/kmeans_index.h:531:40: error: ‘>>’ should be ‘> >’ within a nested template argument list
             const cv::Ptr<Heap<BranchSt>>& heap = Heap<BranchSt>::getPooledInstance(cv::utils::getThreadID(), (int)size_);
                                        ^
In file included from /usr/include/opencv2/flann/all_indices.h:43:0,
                 from /usr/include/opencv2/flann/flann_base.hpp:44,
                 from /usr/include/opencv2/flann.hpp:48,
                 from /usr/local/include/opencv4/opencv2/opencv.hpp:65,
                 from DisplayImage.cpp:2:
/usr/include/opencv2/flann/hierarchical_clustering_index.h: At global scope:
/usr/include/opencv2/flann/hierarchical_clustering_index.h:743:44: error: ‘>>’ should be ‘> >’ within a nested template argument list
                 const cv::Ptr<Heap<BranchSt>>& heap, std::vector<bool>& checked, bool explore_all_trees = false)
                                            ^
/usr/include/opencv2/flann/hierarchical_clustering_index.h: In member function ‘void cvflann::HierarchicalClusteringIndex<Distance>::findNeighbors(cvflann::ResultSet<typename Distance::ResultType>&, const ElementType*, const cvflann::SearchParams&)’:
/usr/include/opencv2/flann/hierarchical_clustering_index.h:535:36: error: ‘>>’ should be ‘> >’ within a nested template argument list
         const cv::Ptr<Heap<BranchSt>>& heap = Heap<BranchSt>::getPooledInstance(cv::utils::getThreadID(), (int)size_);
                                    ^
In file included from /usr/include/opencv2/highgui.hpp:51:0,
                 from /usr/local/include/opencv4/opencv2/opencv.hpp:68,
                 from DisplayImage.cpp:2:
/usr/include/opencv2/videoio.hpp: At global scope:
/usr/include/opencv2/videoio.hpp:925:20: error: field ‘cap’ has incomplete type ‘cv::Ptr<CvCapture>’
     Ptr<CvCapture> cap;
                    ^
In file included from /usr/include/opencv2/core/cvstd.hpp:81:0,
                 from /usr/include/opencv2/core/base.hpp:58,
                 from /usr/include/opencv2/core.hpp:53,
                 from /usr/local/include/opencv4/opencv2/opencv.hpp:52,
                 from DisplayImage.cpp:2:
/usr/include/opencv2/core/cvstd_wrapper.hpp:73:8: note: declaration of ‘struct cv::Ptr<CvCapture>’
 struct Ptr : public std::shared_ptr<T>
        ^
In file included from /usr/include/opencv2/highgui.hpp:51:0,
                 from /usr/local/include/opencv4/opencv2/opencv.hpp:68,
                 from DisplayImage.cpp:2:
/usr/include/opencv2/videoio.hpp:926:24: error: field ‘icap’ has incomplete type ‘cv::Ptr<cv::IVideoCapture>’
     Ptr<IVideoCapture> icap;
                        ^
In file included from /usr/include/opencv2/core/cvstd.hpp:81:0,
                 from /usr/include/opencv2/core/base.hpp:58,
                 from /usr/include/opencv2/core.hpp:53,
                 from /usr/local/include/opencv4/opencv2/opencv.hpp:52,
                 from DisplayImage.cpp:2:
/usr/include/opencv2/core/cvstd_wrapper.hpp:73:8: note: declaration of ‘struct cv::Ptr<cv::IVideoCapture>’
 struct Ptr : public std::shared_ptr<T>
        ^
In file included from /usr/include/opencv2/highgui.hpp:51:0,
                 from /usr/local/include/opencv4/opencv2/opencv.hpp:68,
                 from DisplayImage.cpp:2:
/usr/include/opencv2/videoio.hpp:1099:24: error: field ‘writer’ has incomplete type ‘cv::Ptr<CvVideoWriter>’
     Ptr<CvVideoWriter> writer;
                        ^
In file included from /usr/include/opencv2/core/cvstd.hpp:81:0,
                 from /usr/include/opencv2/core/base.hpp:58,
                 from /usr/include/opencv2/core.hpp:53,
                 from /usr/local/include/opencv4/opencv2/opencv.hpp:52,
                 from DisplayImage.cpp:2:
/usr/include/opencv2/core/cvstd_wrapper.hpp:73:8: note: declaration of ‘struct cv::Ptr<CvVideoWriter>’
 struct Ptr : public std::shared_ptr<T>
        ^
In file included from /usr/include/opencv2/highgui.hpp:51:0,
                 from /usr/local/include/opencv4/opencv2/opencv.hpp:68,
                 from DisplayImage.cpp:2:
/usr/include/opencv2/videoio.hpp:1100:23: error: field ‘iwriter’ has incomplete type ‘cv::Ptr<cv::IVideoWriter>’
     Ptr<IVideoWriter> iwriter;
                       ^
In file included from /usr/include/opencv2/core/cvstd.hpp:81:0,
                 from /usr/include/opencv2/core/base.hpp:58,
                 from /usr/include/opencv2/core.hpp:53,
                 from /usr/local/include/opencv4/opencv2/opencv.hpp:52,
                 from DisplayImage.cpp:2:
/usr/include/opencv2/core/cvstd_wrapper.hpp:73:8: note: declaration of ‘struct cv::Ptr<cv::IVideoWriter>’
 struct Ptr : public std::shared_ptr<T>
        ^
In file included from /usr/local/include/opencv4/opencv2/opencv.hpp:74:0,
                 from DisplayImage.cpp:2:
/usr/include/opencv2/imgproc.hpp:3278:68: error: invalid use of incomplete type ‘struct cv::Ptr<float>’
                       CV_IN_OUT Ptr<float> lowerBound = Ptr<float>(), OutputArray flow = noArray() );
                                                                    ^
In file included from /usr/include/opencv2/core/cvstd.hpp:81:0,
                 from /usr/include/opencv2/core/base.hpp:58,
                 from /usr/include/opencv2/core.hpp:53,
                 from /usr/local/include/opencv4/opencv2/opencv.hpp:52,
                 from DisplayImage.cpp:2:
/usr/include/opencv2/core/cvstd_wrapper.hpp:73:8: note: declaration of ‘struct cv::Ptr<float>’
 struct Ptr : public std::shared_ptr<T>
        ^
In file included from /usr/include/opencv2/imgproc.hpp:4941:0,
                 from /usr/local/include/opencv4/opencv2/opencv.hpp:74,
                 from DisplayImage.cpp:2:
/usr/include/opencv2/imgproc/segmentation.hpp:132:10: error: ‘shared_ptr’ in namespace ‘std’ does not name a template type
     std::shared_ptr<Impl> impl;
          ^
/usr/include/opencv2/imgproc/segmentation.hpp: In member function ‘cv::segmentation::IntelligentScissorsMB::Impl* cv::segmentation::IntelligentScissorsMB::getImpl() const’:
/usr/include/opencv2/imgproc/segmentation.hpp:130:43: error: ‘impl’ was not declared in this scope
     inline Impl* getImpl() const { return impl.get(); }
                                           ^
In file included from /usr/local/include/opencv4/opencv2/opencv.hpp:77:0,
                 from DisplayImage.cpp:2:
/usr/include/opencv2/ml.hpp: At global scope:
/usr/include/opencv2/ml.hpp:753:65: error: invalid use of incomplete type ‘struct cv::Ptr<cv::ml::ParamGrid>’
             Ptr<ParamGrid> Cgrid = SVM::getDefaultGridPtr(SVM::C),
                                                                 ^
In file included from /usr/include/opencv2/core/cvstd.hpp:81:0,
                 from /usr/include/opencv2/core/base.hpp:58,
                 from /usr/include/opencv2/core.hpp:53,
                 from /usr/local/include/opencv4/opencv2/opencv.hpp:52,
                 from DisplayImage.cpp:2:
/usr/include/opencv2/core/cvstd_wrapper.hpp:73:8: note: declaration of ‘struct cv::Ptr<cv::ml::ParamGrid>’
 struct Ptr : public std::shared_ptr<T>
        ^
In file included from /usr/local/include/opencv4/opencv2/opencv.hpp:77:0,
                 from DisplayImage.cpp:2:
/usr/include/opencv2/ml.hpp:754:74: error: invalid use of incomplete type ‘struct cv::Ptr<cv::ml::ParamGrid>’
             Ptr<ParamGrid> gammaGrid  = SVM::getDefaultGridPtr(SVM::GAMMA),
                                                                          ^
In file included from /usr/include/opencv2/core/cvstd.hpp:81:0,
                 from /usr/include/opencv2/core/base.hpp:58,
                 from /usr/include/opencv2/core.hpp:53,
                 from /usr/local/include/opencv4/opencv2/opencv.hpp:52,
                 from DisplayImage.cpp:2:
/usr/include/opencv2/core/cvstd_wrapper.hpp:73:8: note: declaration of ‘struct cv::Ptr<cv::ml::ParamGrid>’
 struct Ptr : public std::shared_ptr<T>
        ^
In file included from /usr/local/include/opencv4/opencv2/opencv.hpp:77:0,
                 from DisplayImage.cpp:2:
/usr/include/opencv2/ml.hpp:755:70: error: invalid use of incomplete type ‘struct cv::Ptr<cv::ml::ParamGrid>’
             Ptr<ParamGrid> pGrid      = SVM::getDefaultGridPtr(SVM::P),
                                                                      ^
In file included from /usr/include/opencv2/core/cvstd.hpp:81:0,
                 from /usr/include/opencv2/core/base.hpp:58,
                 from /usr/include/opencv2/core.hpp:53,
                 from /usr/local/include/opencv4/opencv2/opencv.hpp:52,
                 from DisplayImage.cpp:2:
/usr/include/opencv2/core/cvstd_wrapper.hpp:73:8: note: declaration of ‘struct cv::Ptr<cv::ml::ParamGrid>’
 struct Ptr : public std::shared_ptr<T>
        ^
In file included from /usr/local/include/opencv4/opencv2/opencv.hpp:77:0,
                 from DisplayImage.cpp:2:
/usr/include/opencv2/ml.hpp:756:71: error: invalid use of incomplete type ‘struct cv::Ptr<cv::ml::ParamGrid>’
             Ptr<ParamGrid> nuGrid     = SVM::getDefaultGridPtr(SVM::NU),
                                                                       ^
In file included from /usr/include/opencv2/core/cvstd.hpp:81:0,
                 from /usr/include/opencv2/core/base.hpp:58,
                 from /usr/include/opencv2/core.hpp:53,
                 from /usr/local/include/opencv4/opencv2/opencv.hpp:52,
                 from DisplayImage.cpp:2:
/usr/include/opencv2/core/cvstd_wrapper.hpp:73:8: note: declaration of ‘struct cv::Ptr<cv::ml::ParamGrid>’
 struct Ptr : public std::shared_ptr<T>
        ^
In file included from /usr/local/include/opencv4/opencv2/opencv.hpp:77:0,
                 from DisplayImage.cpp:2:
/usr/include/opencv2/ml.hpp:757:73: error: invalid use of incomplete type ‘struct cv::Ptr<cv::ml::ParamGrid>’
             Ptr<ParamGrid> coeffGrid  = SVM::getDefaultGridPtr(SVM::COEF),
                                                                         ^
In file included from /usr/include/opencv2/core/cvstd.hpp:81:0,
                 from /usr/include/opencv2/core/base.hpp:58,
                 from /usr/include/opencv2/core.hpp:53,
                 from /usr/local/include/opencv4/opencv2/opencv.hpp:52,
                 from DisplayImage.cpp:2:
/usr/include/opencv2/core/cvstd_wrapper.hpp:73:8: note: declaration of ‘struct cv::Ptr<cv::ml::ParamGrid>’
 struct Ptr : public std::shared_ptr<T>
        ^
In file included from /usr/local/include/opencv4/opencv2/opencv.hpp:77:0,
                 from DisplayImage.cpp:2:
/usr/include/opencv2/ml.hpp:758:75: error: invalid use of incomplete type ‘struct cv::Ptr<cv::ml::ParamGrid>’
             Ptr<ParamGrid> degreeGrid = SVM::getDefaultGridPtr(SVM::DEGREE),
                                                                           ^
In file included from /usr/include/opencv2/core/cvstd.hpp:81:0,
                 from /usr/include/opencv2/core/base.hpp:58,
                 from /usr/include/opencv2/core.hpp:53,
                 from /usr/local/include/opencv4/opencv2/opencv.hpp:52,
                 from DisplayImage.cpp:2:
/usr/include/opencv2/core/cvstd_wrapper.hpp:73:8: note: declaration of ‘struct cv::Ptr<cv::ml::ParamGrid>’
 struct Ptr : public std::shared_ptr<T>
        ^
In file included from /usr/local/include/opencv4/opencv2/opencv.hpp:80:0,
                 from DisplayImage.cpp:2:
/usr/include/opencv2/objdetect.hpp:337:32: error: field ‘cc’ has incomplete type ‘cv::Ptr<cv::BaseCascadeClassifier>’
     Ptr<BaseCascadeClassifier> cc;
                                ^
In file included from /usr/include/opencv2/core/cvstd.hpp:81:0,
                 from /usr/include/opencv2/core/base.hpp:58,
                 from /usr/include/opencv2/core.hpp:53,
                 from /usr/local/include/opencv4/opencv2/opencv.hpp:52,
                 from DisplayImage.cpp:2:
/usr/include/opencv2/core/cvstd_wrapper.hpp:73:8: note: declaration of ‘struct cv::Ptr<cv::BaseCascadeClassifier>’
 struct Ptr : public std::shared_ptr<T>
        ^
In file included from /usr/local/include/opencv4/opencv2/opencv.hpp:80:0,
                 from DisplayImage.cpp:2:
/usr/include/opencv2/objdetect.hpp:764:15: error: field ‘p’ has incomplete type ‘cv::Ptr<cv::QRCodeDetector::Impl>’
     Ptr<Impl> p;
               ^
In file included from /usr/include/opencv2/core/cvstd.hpp:81:0,
                 from /usr/include/opencv2/core/base.hpp:58,
                 from /usr/include/opencv2/core.hpp:53,
                 from /usr/local/include/opencv4/opencv2/opencv.hpp:52,
                 from DisplayImage.cpp:2:
/usr/include/opencv2/core/cvstd_wrapper.hpp:73:8: note: declaration of ‘struct cv::Ptr<cv::QRCodeDetector::Impl>’
 struct Ptr : public std::shared_ptr<T>
        ^
In file included from /usr/include/opencv2/objdetect.hpp:770:0,
                 from /usr/local/include/opencv4/opencv2/opencv.hpp:80,
                 from DisplayImage.cpp:2:
/usr/include/opencv2/objdetect/detection_based_tracker.hpp:162:40: error: field ‘separateDetectionWork’ has incomplete type ‘cv::Ptr<cv::DetectionBasedTracker::SeparateDetectionWork>’
         cv::Ptr<SeparateDetectionWork> separateDetectionWork;
                                        ^
In file included from /usr/include/opencv2/core/cvstd.hpp:81:0,
                 from /usr/include/opencv2/core/base.hpp:58,
                 from /usr/include/opencv2/core.hpp:53,
                 from /usr/local/include/opencv4/opencv2/opencv.hpp:52,
                 from DisplayImage.cpp:2:
/usr/include/opencv2/core/cvstd_wrapper.hpp:73:8: note: declaration of ‘struct cv::Ptr<cv::DetectionBasedTracker::SeparateDetectionWork>’
 struct Ptr : public std::shared_ptr<T>
        ^
In file included from /usr/include/opencv2/objdetect.hpp:770:0,
                 from /usr/local/include/opencv4/opencv2/opencv.hpp:80,
                 from DisplayImage.cpp:2:
/usr/include/opencv2/objdetect/detection_based_tracker.hpp:210:28: error: field ‘cascadeForTracking’ has incomplete type ‘cv::Ptr<cv::DetectionBasedTracker::IDetector>’
         cv::Ptr<IDetector> cascadeForTracking;
                            ^
In file included from /usr/include/opencv2/core/cvstd.hpp:81:0,
                 from /usr/include/opencv2/core/base.hpp:58,
                 from /usr/include/opencv2/core.hpp:53,
                 from /usr/local/include/opencv4/opencv2/opencv.hpp:52,
                 from DisplayImage.cpp:2:
/usr/include/opencv2/core/cvstd_wrapper.hpp:73:8: note: declaration of ‘struct cv::Ptr<cv::DetectionBasedTracker::IDetector>’
 struct Ptr : public std::shared_ptr<T>
        ^
In file included from /usr/include/opencv2/objdetect.hpp:770:0,
                 from /usr/local/include/opencv4/opencv2/opencv.hpp:80,
                 from DisplayImage.cpp:2:
/usr/include/opencv2/objdetect/detection_based_tracker.hpp: In member function ‘void cv::DetectionBasedTracker::IDetector::setMinObjectSize(const Size&)’:
/usr/include/opencv2/objdetect/detection_based_tracker.hpp:82:32: error: ambiguous overload for ‘operator=’ (operand types are ‘cv::Size {aka cv::Size_<int>}’ and ‘const Size {aka const cv::Size_<int>}’)
                     minObjSize = min;
                                ^
In file included from /usr/include/opencv2/core.hpp:57:0,
                 from /usr/local/include/opencv4/opencv2/opencv.hpp:52,
                 from DisplayImage.cpp:2:
/usr/include/opencv2/core/types.hpp:1707:13: note: candidate: cv::Size_<_Tp>& cv::Size_<_Tp>::operator=(const cv::Size_<_Tp>&) [with _Tp = int]
 Size_<_Tp>& Size_<_Tp>::operator = (const Size_<_Tp>& sz)
             ^
/usr/include/opencv2/core/types.hpp:1714:13: note: candidate: cv::Size_<_Tp>& cv::Size_<_Tp>::operator=(cv::Size_<_Tp>) [with _Tp = int]
 Size_<_Tp>& Size_<_Tp>::operator = (Size_<_Tp>&& sz) CV_NOEXCEPT
             ^
In file included from /usr/include/opencv2/objdetect.hpp:770:0,
                 from /usr/local/include/opencv4/opencv2/opencv.hpp:80,
                 from DisplayImage.cpp:2:
/usr/include/opencv2/objdetect/detection_based_tracker.hpp: In member function ‘void cv::DetectionBasedTracker::IDetector::setMaxObjectSize(const Size&)’:
/usr/include/opencv2/objdetect/detection_based_tracker.hpp:86:32: error: ambiguous overload for ‘operator=’ (operand types are ‘cv::Size {aka cv::Size_<int>}’ and ‘const Size {aka const cv::Size_<int>}’)
                     maxObjSize = max;
                                ^
In file included from /usr/include/opencv2/core.hpp:57:0,
                 from /usr/local/include/opencv4/opencv2/opencv.hpp:52,
                 from DisplayImage.cpp:2:
/usr/include/opencv2/core/types.hpp:1707:13: note: candidate: cv::Size_<_Tp>& cv::Size_<_Tp>::operator=(const cv::Size_<_Tp>&) [with _Tp = int]
 Size_<_Tp>& Size_<_Tp>::operator = (const Size_<_Tp>& sz)
             ^
/usr/include/opencv2/core/types.hpp:1714:13: note: candidate: cv::Size_<_Tp>& cv::Size_<_Tp>::operator=(cv::Size_<_Tp>) [with _Tp = int]
 Size_<_Tp>& Size_<_Tp>::operator = (Size_<_Tp>&& sz) CV_NOEXCEPT
             ^
In file included from /usr/include/opencv2/stitching/detail/warpers.hpp:47:0,
                 from /usr/include/opencv2/stitching/warpers.hpp:46,
                 from /usr/include/opencv2/stitching.hpp:48,
                 from /usr/local/include/opencv4/opencv2/opencv.hpp:86,
                 from DisplayImage.cpp:2:
/usr/include/opencv2/core/cuda.hpp: At global scope:
/usr/include/opencv2/core/cuda.hpp:351:20: error: expected ‘,’ or ‘...’ before ‘&&’ token
     GpuData(GpuData&&) = delete;
                    ^
/usr/include/opencv2/core/cuda.hpp:351:26: error: invalid constructor; you probably meant ‘cv::cuda::GpuData (const cv::cuda::GpuData&)’
     GpuData(GpuData&&) = delete;
                          ^
/usr/include/opencv2/core/cuda.hpp:352:31: error: expected ‘,’ or ‘...’ before ‘&&’ token
     GpuData& operator=(GpuData&&) = delete;
                               ^
/usr/include/opencv2/core/cuda.hpp:361:11: error: expected nested-name-specifier before ‘SizeArray’
     using SizeArray = std::vector<int>;
           ^
/usr/include/opencv2/core/cuda.hpp:362:11: error: expected nested-name-specifier before ‘StepArray’
     using StepArray = std::vector<size_t>;
           ^
/usr/include/opencv2/core/cuda.hpp:363:11: error: expected nested-name-specifier before ‘IndexArray’
     using IndexArray = std::vector<int>;
           ^
/usr/include/opencv2/core/cuda.hpp:376:24: error: expected ‘)’ before ‘size’
     GpuMatND(SizeArray size, int type);
                        ^
/usr/include/opencv2/core/cuda.hpp:390:24: error: expected ‘)’ before ‘size’
     GpuMatND(SizeArray size, int type, void* data, StepArray step = StepArray());
                        ^
/usr/include/opencv2/core/cuda.hpp:399:17: error: ‘SizeArray’ has not been declared
     void create(SizeArray size, int type);
                 ^
/usr/include/opencv2/core/cuda.hpp:403:26: error: expected ‘;’ at end of member declaration
     void swap(GpuMatND& m) noexcept;
                          ^
/usr/include/opencv2/core/cuda.hpp:403:28: error: ‘noexcept’ does not name a type
     void swap(GpuMatND& m) noexcept;
                            ^
/usr/include/opencv2/core/cuda.hpp:403:28: note: C++11 ‘noexcept’ only available with -std=c++11 or -std=gnu++11
/usr/include/opencv2/core/cuda.hpp:429:31: error: ‘IndexArray’ has not been declared
     GpuMat createGpuMatHeader(IndexArray idx, Range rowRange, Range colRange) const;
                               ^
/usr/include/opencv2/core/cuda.hpp:444:23: error: ‘IndexArray’ has not been declared
     GpuMat operator()(IndexArray idx, Range rowRange, Range colRange) const;
                       ^
/usr/include/opencv2/core/cuda.hpp:462:22: error: expected ‘,’ or ‘...’ before ‘&&’ token
     GpuMatND(GpuMatND&&) noexcept = default;
                      ^
/usr/include/opencv2/core/cuda.hpp:462:24: error: invalid constructor; you probably meant ‘cv::cuda::GpuMatND (const cv::cuda::GpuMatND&)’
     GpuMatND(GpuMatND&&) noexcept = default;
                        ^
/usr/include/opencv2/core/cuda.hpp:462:24: error: expected ‘;’ at end of member declaration
/usr/include/opencv2/core/cuda.hpp:462:26: error: ‘noexcept’ does not name a type
     GpuMatND(GpuMatND&&) noexcept = default;
                          ^
/usr/include/opencv2/core/cuda.hpp:462:26: note: C++11 ‘noexcept’ only available with -std=c++11 or -std=gnu++11
/usr/include/opencv2/core/cuda.hpp:463:33: error: expected ‘,’ or ‘...’ before ‘&&’ token
     GpuMatND& operator=(GpuMatND&&) noexcept = default;
                                 ^
/usr/include/opencv2/core/cuda.hpp:463:35: error: expected ‘;’ at end of member declaration
     GpuMatND& operator=(GpuMatND&&) noexcept = default;
                                   ^
/usr/include/opencv2/core/cuda.hpp:463:37: error: ‘noexcept’ does not name a type
     GpuMatND& operator=(GpuMatND&&) noexcept = default;
                                     ^
/usr/include/opencv2/core/cuda.hpp:463:37: note: C++11 ‘noexcept’ only available with -std=c++11 or -std=gnu++11
/usr/include/opencv2/core/cuda.hpp:504:20: error: ‘SizeArray’ has not been declared
     void setFields(SizeArray size, int type, StepArray step = StepArray());
                    ^
/usr/include/opencv2/core/cuda.hpp:504:46: error: ‘StepArray’ has not been declared
     void setFields(SizeArray size, int type, StepArray step = StepArray());
                                              ^
/usr/include/opencv2/core/cuda.hpp:519:5: error: ‘SizeArray’ does not name a type
     SizeArray size;
     ^
/usr/include/opencv2/core/cuda.hpp:524:5: error: ‘StepArray’ does not name a type
     StepArray step;
     ^
/usr/include/opencv2/core/cuda.hpp:530:10: error: ‘shared_ptr’ in namespace ‘std’ does not name a template type
     std::shared_ptr<GpuData> data_;
          ^
/usr/include/opencv2/core/cuda.hpp:504:73: error: ‘StepArray’ was not declared in this scope
     void setFields(SizeArray size, int type, StepArray step = StepArray());
                                                                         ^
In file included from /usr/include/opencv2/stitching/detail/warpers.hpp:47:0,
                 from /usr/include/opencv2/stitching/warpers.hpp:46,
                 from /usr/include/opencv2/stitching.hpp:48,
                 from /usr/local/include/opencv4/opencv2/opencv.hpp:86,
                 from DisplayImage.cpp:2:
/usr/include/opencv2/core/cuda.hpp:704:28: error: field ‘allocator_’ has incomplete type ‘cv::Ptr<cv::cuda::GpuMat::Allocator>’
     Ptr<GpuMat::Allocator> allocator_;
                            ^
In file included from /usr/include/opencv2/core/cvstd.hpp:81:0,
                 from /usr/include/opencv2/core/base.hpp:58,
                 from /usr/include/opencv2/core.hpp:53,
                 from /usr/local/include/opencv4/opencv2/opencv.hpp:52,
                 from DisplayImage.cpp:2:
/usr/include/opencv2/core/cvstd_wrapper.hpp:73:8: note: declaration of ‘struct cv::Ptr<cv::cuda::GpuMat::Allocator>’
 struct Ptr : public std::shared_ptr<T>
        ^
In file included from /usr/include/opencv2/stitching/detail/warpers.hpp:47:0,
                 from /usr/include/opencv2/stitching/warpers.hpp:46,
                 from /usr/include/opencv2/stitching.hpp:48,
                 from /usr/local/include/opencv4/opencv2/opencv.hpp:86,
                 from DisplayImage.cpp:2:
/usr/include/opencv2/core/cuda.hpp: In member function ‘cv::Ptr<cv::cuda::GpuMat::Allocator> cv::cuda::BufferPool::getAllocator() const’:
/usr/include/opencv2/core/cuda.hpp:701:57: error: return type ‘struct cv::Ptr<cv::cuda::GpuMat::Allocator>’ is incomplete
     CV_WRAP Ptr<GpuMat::Allocator> getAllocator() const { return allocator_; }
                                                         ^
/usr/include/opencv2/core/cuda.hpp: At global scope:
/usr/include/opencv2/core/cuda.hpp:735:80: error: ‘cv::cuda::HostMem::AllocType’ is not a class or namespace
     static MatAllocator* getAllocator(HostMem::AllocType alloc_type = HostMem::AllocType::PAGE_LOCKED);
                                                                                ^
/usr/include/opencv2/core/cuda.hpp:737:71: error: ‘cv::cuda::HostMem::AllocType’ is not a class or namespace
     CV_WRAP explicit HostMem(HostMem::AllocType alloc_type = HostMem::AllocType::PAGE_LOCKED);
                                                                       ^
/usr/include/opencv2/core/cuda.hpp:741:92: error: ‘cv::cuda::HostMem::AllocType’ is not a class or namespace
     CV_WRAP HostMem(int rows, int cols, int type, HostMem::AllocType alloc_type = HostMem::AllocType::PAGE_LOCKED);
                                                                                            ^
/usr/include/opencv2/core/cuda.hpp:742:83: error: ‘cv::cuda::HostMem::AllocType’ is not a class or namespace
     CV_WRAP HostMem(Size size, int type, HostMem::AllocType alloc_type = HostMem::AllocType::PAGE_LOCKED);
                                                                                   ^
/usr/include/opencv2/core/cuda.hpp:745:87: error: ‘cv::cuda::HostMem::AllocType’ is not a class or namespace
     CV_WRAP explicit HostMem(InputArray arr, HostMem::AllocType alloc_type = HostMem::AllocType::PAGE_LOCKED);
                                                                                       ^
/usr/include/opencv2/core/cuda.hpp:908:15: error: field ‘impl_’ has incomplete type ‘cv::Ptr<cv::cuda::Stream::Impl>’
     Ptr<Impl> impl_;
               ^
In file included from /usr/include/opencv2/core/cvstd.hpp:81:0,
                 from /usr/include/opencv2/core/base.hpp:58,
                 from /usr/include/opencv2/core.hpp:53,
                 from /usr/local/include/opencv4/opencv2/opencv.hpp:52,
                 from DisplayImage.cpp:2:
/usr/include/opencv2/core/cvstd_wrapper.hpp:73:8: note: declaration of ‘struct cv::Ptr<cv::cuda::Stream::Impl>’
 struct Ptr : public std::shared_ptr<T>
        ^
In file included from /usr/include/opencv2/stitching/detail/warpers.hpp:47:0,
                 from /usr/include/opencv2/stitching/warpers.hpp:46,
                 from /usr/include/opencv2/stitching.hpp:48,
                 from /usr/local/include/opencv4/opencv2/opencv.hpp:86,
                 from DisplayImage.cpp:2:
/usr/include/opencv2/core/cuda.hpp:944:15: error: field ‘impl_’ has incomplete type ‘cv::Ptr<cv::cuda::Event::Impl>’
     Ptr<Impl> impl_;
               ^
In file included from /usr/include/opencv2/core/cvstd.hpp:81:0,
                 from /usr/include/opencv2/core/base.hpp:58,
                 from /usr/include/opencv2/core.hpp:53,
                 from /usr/local/include/opencv4/opencv2/opencv.hpp:52,
                 from DisplayImage.cpp:2:
/usr/include/opencv2/core/cvstd_wrapper.hpp:73:8: note: declaration of ‘struct cv::Ptr<cv::cuda::Event::Impl>’
 struct Ptr : public std::shared_ptr<T>
        ^
In file included from /usr/include/opencv2/stitching/detail/warpers.hpp:47:0,
                 from /usr/include/opencv2/stitching/warpers.hpp:46,
                 from /usr/include/opencv2/stitching.hpp:48,
                 from /usr/local/include/opencv4/opencv2/opencv.hpp:86,
                 from DisplayImage.cpp:2:
/usr/include/opencv2/core/cuda.hpp:927:62: error: ‘cv::cuda::Event::CreateFlags’ is not a class or namespace
     CV_WRAP explicit Event(Event::CreateFlags flags = Event::CreateFlags::DEFAULT);
                                                              ^
In file included from /usr/include/opencv2/core/cuda.hpp:1268:0,
                 from /usr/include/opencv2/stitching/detail/warpers.hpp:47,
                 from /usr/include/opencv2/stitching/warpers.hpp:46,
                 from /usr/include/opencv2/stitching.hpp:48,
                 from /usr/local/include/opencv4/opencv2/opencv.hpp:86,
                 from DisplayImage.cpp:2:
/usr/include/opencv2/core/cuda.inl.hpp: In constructor ‘cv::cuda::GpuMatND::GpuMatND()’:
/usr/include/opencv2/core/cuda.inl.hpp:392:29: error: ‘nullptr’ was not declared in this scope
     flags(0), dims(0), data(nullptr), offset(0)
                             ^
/usr/include/opencv2/core/cuda.inl.hpp: At global scope:
/usr/include/opencv2/core/cuda.inl.hpp:397:20: error: ‘cv::cuda::GpuMatND::GpuMatND’ declared as an ‘inline’ variable
 GpuMatND::GpuMatND(SizeArray _size, int _type) :
                    ^
/usr/include/opencv2/core/cuda.inl.hpp:397:20: error: ‘int cv::cuda::GpuMatND::GpuMatND’ is not a static data member of ‘class cv::cuda::GpuMatND’
/usr/include/opencv2/core/cuda.inl.hpp:397:20: error: ‘SizeArray’ was not declared in this scope
/usr/include/opencv2/core/cuda.inl.hpp:397:37: error: expected primary-expression before ‘int’
 GpuMatND::GpuMatND(SizeArray _size, int _type) :
                                     ^
/usr/include/opencv2/core/cuda.inl.hpp:397:46: error: expression list treated as compound expression in initializer [-fpermissive]
 GpuMatND::GpuMatND(SizeArray _size, int _type) :
                                              ^
/usr/include/opencv2/core/cuda.inl.hpp:397:48: error: expected ‘,’ or ‘;’ before ‘:’ token
 GpuMatND::GpuMatND(SizeArray _size, int _type) :
                                                ^
/usr/include/opencv2/core/cuda.inl.hpp:404:34: error: expected initializer before ‘noexcept’
 void GpuMatND::swap(GpuMatND& m) noexcept
                                  ^
/usr/include/opencv2/core/cuda.inl.hpp: In member function ‘bool cv::cuda::GpuMatND::empty() const’:
/usr/include/opencv2/core/cuda.inl.hpp:436:20: error: ‘nullptr’ was not declared in this scope
     return data == nullptr;
                    ^
/usr/include/opencv2/core/cuda.inl.hpp: In member function ‘bool cv::cuda::GpuMatND::external() const’:
/usr/include/opencv2/core/cuda.inl.hpp:442:24: error: ‘data_’ was not declared in this scope
     return !empty() && data_.use_count() == 0;
                        ^
/usr/include/opencv2/core/cuda.inl.hpp: In member function ‘size_t cv::cuda::GpuMatND::total() const’:
/usr/include/opencv2/core/cuda.inl.hpp:455:14: error: ‘s’ does not name a type
     for(auto s : size)
              ^
/usr/include/opencv2/core/cuda.inl.hpp:457:5: error: expected ‘;’ before ‘return’
     return p;
     ^
/usr/include/opencv2/core/cuda.inl.hpp:457:5: error: expected primary-expression before ‘return’
/usr/include/opencv2/core/cuda.inl.hpp:457:5: error: expected ‘;’ before ‘return’
/usr/include/opencv2/core/cuda.inl.hpp:457:5: error: expected primary-expression before ‘return’
/usr/include/opencv2/core/cuda.inl.hpp:457:5: error: expected ‘)’ before ‘return’
/usr/include/opencv2/core/cuda.inl.hpp: In member function ‘size_t cv::cuda::GpuMatND::totalMemSize() const’:
/usr/include/opencv2/core/cuda.inl.hpp:463:12: error: ‘size’ was not declared in this scope
     return size[0] * step[0];
            ^
/usr/include/opencv2/core/cuda.inl.hpp:463:22: error: ‘step’ was not declared in this scope
     return size[0] * step[0];
                      ^
In file included from /usr/include/opencv2/stitching.hpp:48:0,
                 from /usr/local/include/opencv4/opencv2/opencv.hpp:86,
                 from DisplayImage.cpp:2:
/usr/include/opencv2/stitching/warpers.hpp: At global scope:
/usr/include/opencv2/stitching/warpers.hpp:52:37: error: field ‘rw’ has incomplete type ‘cv::Ptr<cv::detail::RotationWarper>’
         Ptr<detail::RotationWarper> rw;
                                     ^
In file included from /usr/include/opencv2/core/cvstd.hpp:81:0,
                 from /usr/include/opencv2/core/base.hpp:58,
                 from /usr/include/opencv2/core.hpp:53,
                 from /usr/local/include/opencv4/opencv2/opencv.hpp:52,
                 from DisplayImage.cpp:2:
/usr/include/opencv2/core/cvstd_wrapper.hpp:73:8: note: declaration of ‘struct cv::Ptr<cv::detail::RotationWarper>’
 struct Ptr : public std::shared_ptr<T>
        ^
In file included from /usr/include/opencv2/stitching.hpp:48:0,
                 from /usr/local/include/opencv4/opencv2/opencv.hpp:86,
                 from DisplayImage.cpp:2:
/usr/include/opencv2/stitching/warpers.hpp: In member function ‘virtual cv::Ptr<cv::detail::RotationWarper> cv::PlaneWarper::create(float) const’:
/usr/include/opencv2/stitching/warpers.hpp:153:71: error: return type ‘struct cv::Ptr<cv::detail::RotationWarper>’ is incomplete
     Ptr<detail::RotationWarper> create(float scale) const CV_OVERRIDE { return makePtr<detail::PlaneWarper>(scale); }
                                                                       ^
/usr/include/opencv2/stitching/warpers.hpp:153:114: error: invalid use of incomplete type ‘struct cv::Ptr<cv::detail::PlaneWarper>’
     Ptr<detail::RotationWarper> create(float scale) const CV_OVERRIDE { return makePtr<detail::PlaneWarper>(scale); }
                                                                                                                  ^
In file included from /usr/include/opencv2/core/cvstd.hpp:81:0,
                 from /usr/include/opencv2/core/base.hpp:58,
                 from /usr/include/opencv2/core.hpp:53,
                 from /usr/local/include/opencv4/opencv2/opencv.hpp:52,
                 from DisplayImage.cpp:2:
/usr/include/opencv2/core/cvstd_wrapper.hpp:73:8: note: declaration of ‘struct cv::Ptr<cv::detail::PlaneWarper>’
 struct Ptr : public std::shared_ptr<T>
        ^
In file included from /usr/include/opencv2/stitching.hpp:48:0,
                 from /usr/local/include/opencv4/opencv2/opencv.hpp:86,
                 from DisplayImage.cpp:2:
/usr/include/opencv2/stitching/warpers.hpp: In member function ‘virtual cv::Ptr<cv::detail::RotationWarper> cv::AffineWarper::create(float) const’:
/usr/include/opencv2/stitching/warpers.hpp:162:71: error: return type ‘struct cv::Ptr<cv::detail::RotationWarper>’ is incomplete
     Ptr<detail::RotationWarper> create(float scale) const CV_OVERRIDE { return makePtr<detail::AffineWarper>(scale); }
                                                                       ^
/usr/include/opencv2/stitching/warpers.hpp:162:115: error: invalid use of incomplete type ‘struct cv::Ptr<cv::detail::AffineWarper>’
     Ptr<detail::RotationWarper> create(float scale) const CV_OVERRIDE { return makePtr<detail::AffineWarper>(scale); }
                                                                                                                   ^
In file included from /usr/include/opencv2/core/cvstd.hpp:81:0,
                 from /usr/include/opencv2/core/base.hpp:58,
                 from /usr/include/opencv2/core.hpp:53,
                 from /usr/local/include/opencv4/opencv2/opencv.hpp:52,
                 from DisplayImage.cpp:2:
/usr/include/opencv2/core/cvstd_wrapper.hpp:73:8: note: declaration of ‘struct cv::Ptr<cv::detail::AffineWarper>’
 struct Ptr : public std::shared_ptr<T>
        ^
In file included from /usr/include/opencv2/stitching.hpp:48:0,
                 from /usr/local/include/opencv4/opencv2/opencv.hpp:86,
                 from DisplayImage.cpp:2:
/usr/include/opencv2/stitching/warpers.hpp: In member function ‘virtual cv::Ptr<cv::detail::RotationWarper> cv::CylindricalWarper::create(float) const’:
/usr/include/opencv2/stitching/warpers.hpp:171:71: error: return type ‘struct cv::Ptr<cv::detail::RotationWarper>’ is incomplete
     Ptr<detail::RotationWarper> create(float scale) const CV_OVERRIDE { return makePtr<detail::CylindricalWarper>(scale); }
                                                                       ^
/usr/include/opencv2/stitching/warpers.hpp:171:120: error: invalid use of incomplete type ‘struct cv::Ptr<cv::detail::CylindricalWarper>’
     Ptr<detail::RotationWarper> create(float scale) const CV_OVERRIDE { return makePtr<detail::CylindricalWarper>(scale); }
                                                                                                                        ^
In file included from /usr/include/opencv2/core/cvstd.hpp:81:0,
                 from /usr/include/opencv2/core/base.hpp:58,
                 from /usr/include/opencv2/core.hpp:53,
                 from /usr/local/include/opencv4/opencv2/opencv.hpp:52,
                 from DisplayImage.cpp:2:
/usr/include/opencv2/core/cvstd_wrapper.hpp:73:8: note: declaration of ‘struct cv::Ptr<cv::detail::CylindricalWarper>’
 struct Ptr : public std::shared_ptr<T>
        ^
In file included from /usr/include/opencv2/stitching.hpp:48:0,
                 from /usr/local/include/opencv4/opencv2/opencv.hpp:86,
                 from DisplayImage.cpp:2:
/usr/include/opencv2/stitching/warpers.hpp: In member function ‘virtual cv::Ptr<cv::detail::RotationWarper> cv::SphericalWarper::create(float) const’:
/usr/include/opencv2/stitching/warpers.hpp:178:71: error: return type ‘struct cv::Ptr<cv::detail::RotationWarper>’ is incomplete
     Ptr<detail::RotationWarper> create(float scale) const CV_OVERRIDE { return makePtr<detail::SphericalWarper>(scale); }
                                                                       ^
/usr/include/opencv2/stitching/warpers.hpp:178:118: error: invalid use of incomplete type ‘struct cv::Ptr<cv::detail::SphericalWarper>’
     Ptr<detail::RotationWarper> create(float scale) const CV_OVERRIDE { return makePtr<detail::SphericalWarper>(scale); }
                                                                                                                      ^
In file included from /usr/include/opencv2/core/cvstd.hpp:81:0,
                 from /usr/include/opencv2/core/base.hpp:58,
                 from /usr/include/opencv2/core.hpp:53,
                 from /usr/local/include/opencv4/opencv2/opencv.hpp:52,
                 from DisplayImage.cpp:2:
/usr/include/opencv2/core/cvstd_wrapper.hpp:73:8: note: declaration of ‘struct cv::Ptr<cv::detail::SphericalWarper>’
 struct Ptr : public std::shared_ptr<T>
        ^
In file included from /usr/include/opencv2/stitching.hpp:48:0,
                 from /usr/local/include/opencv4/opencv2/opencv.hpp:86,
                 from DisplayImage.cpp:2:
/usr/include/opencv2/stitching/warpers.hpp: In member function ‘virtual cv::Ptr<cv::detail::RotationWarper> cv::FisheyeWarper::create(float) const’:
/usr/include/opencv2/stitching/warpers.hpp:184:71: error: return type ‘struct cv::Ptr<cv::detail::RotationWarper>’ is incomplete
     Ptr<detail::RotationWarper> create(float scale) const CV_OVERRIDE { return makePtr<detail::FisheyeWarper>(scale); }
                                                                       ^
/usr/include/opencv2/stitching/warpers.hpp:184:116: error: invalid use of incomplete type ‘struct cv::Ptr<cv::detail::FisheyeWarper>’
     Ptr<detail::RotationWarper> create(float scale) const CV_OVERRIDE { return makePtr<detail::FisheyeWarper>(scale); }
                                                                                                                    ^
In file included from /usr/include/opencv2/core/cvstd.hpp:81:0,
                 from /usr/include/opencv2/core/base.hpp:58,
                 from /usr/include/opencv2/core.hpp:53,
                 from /usr/local/include/opencv4/opencv2/opencv.hpp:52,
                 from DisplayImage.cpp:2:
/usr/include/opencv2/core/cvstd_wrapper.hpp:73:8: note: declaration of ‘struct cv::Ptr<cv::detail::FisheyeWarper>’
 struct Ptr : public std::shared_ptr<T>
        ^
In file included from /usr/include/opencv2/stitching.hpp:48:0,
                 from /usr/local/include/opencv4/opencv2/opencv.hpp:86,
                 from DisplayImage.cpp:2:
/usr/include/opencv2/stitching/warpers.hpp: In member function ‘virtual cv::Ptr<cv::detail::RotationWarper> cv::StereographicWarper::create(float) const’:
/usr/include/opencv2/stitching/warpers.hpp:190:71: error: return type ‘struct cv::Ptr<cv::detail::RotationWarper>’ is incomplete
     Ptr<detail::RotationWarper> create(float scale) const CV_OVERRIDE { return makePtr<detail::StereographicWarper>(scale); }
                                                                       ^
/usr/include/opencv2/stitching/warpers.hpp:190:122: error: invalid use of incomplete type ‘struct cv::Ptr<cv::detail::StereographicWarper>’
     Ptr<detail::RotationWarper> create(float scale) const CV_OVERRIDE { return makePtr<detail::StereographicWarper>(scale); }
                                                                                                                          ^
In file included from /usr/include/opencv2/core/cvstd.hpp:81:0,
                 from /usr/include/opencv2/core/base.hpp:58,
                 from /usr/include/opencv2/core.hpp:53,
                 from /usr/local/include/opencv4/opencv2/opencv.hpp:52,
                 from DisplayImage.cpp:2:
/usr/include/opencv2/core/cvstd_wrapper.hpp:73:8: note: declaration of ‘struct cv::Ptr<cv::detail::StereographicWarper>’
 struct Ptr : public std::shared_ptr<T>
        ^
In file included from /usr/include/opencv2/stitching.hpp:48:0,
                 from /usr/local/include/opencv4/opencv2/opencv.hpp:86,
                 from DisplayImage.cpp:2:
/usr/include/opencv2/stitching/warpers.hpp: In member function ‘virtual cv::Ptr<cv::detail::RotationWarper> cv::CompressedRectilinearWarper::create(float) const’:
/usr/include/opencv2/stitching/warpers.hpp:201:71: error: return type ‘struct cv::Ptr<cv::detail::RotationWarper>’ is incomplete
     Ptr<detail::RotationWarper> create(float scale) const CV_OVERRIDE { return makePtr<detail::CompressedRectilinearWarper>(scale, a, b); }
                                                                       ^
In file included from /usr/include/opencv2/stitching.hpp:48:0,
                 from /usr/local/include/opencv4/opencv2/opencv.hpp:86,
                 from DisplayImage.cpp:2:
/usr/include/opencv2/stitching/warpers.hpp:201:136: error: invalid use of incomplete type ‘struct cv::Ptr<cv::detail::CompressedRectilinearWarper>’
     Ptr<detail::RotationWarper> create(float scale) const CV_OVERRIDE { return makePtr<detail::CompressedRectilinearWarper>(scale, a, b); }
                                                                                                                                        ^
In file included from /usr/include/opencv2/core/cvstd.hpp:81:0,
                 from /usr/include/opencv2/core/base.hpp:58,
                 from /usr/include/opencv2/core.hpp:53,
                 from /usr/local/include/opencv4/opencv2/opencv.hpp:52,
                 from DisplayImage.cpp:2:
/usr/include/opencv2/core/cvstd_wrapper.hpp:73:8: note: declaration of ‘struct cv::Ptr<cv::detail::CompressedRectilinearWarper>’
 struct Ptr : public std::shared_ptr<T>
        ^
In file included from /usr/include/opencv2/stitching.hpp:48:0,
                 from /usr/local/include/opencv4/opencv2/opencv.hpp:86,
                 from DisplayImage.cpp:2:
/usr/include/opencv2/stitching/warpers.hpp: In member function ‘virtual cv::Ptr<cv::detail::RotationWarper> cv::CompressedRectilinearPortraitWarper::create(float) const’:
/usr/include/opencv2/stitching/warpers.hpp:212:71: error: return type ‘struct cv::Ptr<cv::detail::RotationWarper>’ is incomplete
     Ptr<detail::RotationWarper> create(float scale) const CV_OVERRIDE { return makePtr<detail::CompressedRectilinearPortraitWarper>(scale, a, 
                                                                       ^
/usr/include/opencv2/stitching/warpers.hpp:212:144: error: invalid use of incomplete type ‘struct cv::Ptr<cv::detail::CompressedRectilinearPortraitWarper>’
 tr<detail::RotationWarper> create(float scale) const CV_OVERRIDE { return makePtr<detail::CompressedRectilinearPortraitWarper>(scale, a, b); }
                                                                                                                                           ^
In file included from /usr/include/opencv2/core/cvstd.hpp:81:0,
                 from /usr/include/opencv2/core/base.hpp:58,
                 from /usr/include/opencv2/core.hpp:53,
                 from /usr/local/include/opencv4/opencv2/opencv.hpp:52,
                 from DisplayImage.cpp:2:
/usr/include/opencv2/core/cvstd_wrapper.hpp:73:8: note: declaration of ‘struct cv::Ptr<cv::detail::CompressedRectilinearPortraitWarper>’
 struct Ptr : public std::shared_ptr<T>
        ^
In file included from /usr/include/opencv2/stitching.hpp:48:0,
                 from /usr/local/include/opencv4/opencv2/opencv.hpp:86,
                 from DisplayImage.cpp:2:
/usr/include/opencv2/stitching/warpers.hpp: In member function ‘virtual cv::Ptr<cv::detail::RotationWarper> cv::PaniniWarper::create(float) const’:
/usr/include/opencv2/stitching/warpers.hpp:223:71: error: return type ‘struct cv::Ptr<cv::detail::RotationWarper>’ is incomplete
     Ptr<detail::RotationWarper> create(float scale) const CV_OVERRIDE { return makePtr<detail::PaniniWarper>(scale, a, b); }
                                                                       ^
/usr/include/opencv2/stitching/warpers.hpp:223:121: error: invalid use of incomplete type ‘struct cv::Ptr<cv::detail::PaniniWarper>’
     Ptr<detail::RotationWarper> create(float scale) const CV_OVERRIDE { return makePtr<detail::PaniniWarper>(scale, a, b); }
                                                                                                                         ^
In file included from /usr/include/opencv2/core/cvstd.hpp:81:0,
                 from /usr/include/opencv2/core/base.hpp:58,
                 from /usr/include/opencv2/core.hpp:53,
                 from /usr/local/include/opencv4/opencv2/opencv.hpp:52,
                 from DisplayImage.cpp:2:
/usr/include/opencv2/core/cvstd_wrapper.hpp:73:8: note: declaration of ‘struct cv::Ptr<cv::detail::PaniniWarper>’
 struct Ptr : public std::shared_ptr<T>
        ^
In file included from /usr/include/opencv2/stitching.hpp:48:0,
                 from /usr/local/include/opencv4/opencv2/opencv.hpp:86,
                 from DisplayImage.cpp:2:
/usr/include/opencv2/stitching/warpers.hpp: In member function ‘virtual cv::Ptr<cv::detail::RotationWarper> cv::PaniniPortraitWarper::create(float) const’:
/usr/include/opencv2/stitching/warpers.hpp:234:71: error: return type ‘struct cv::Ptr<cv::detail::RotationWarper>’ is incomplete
     Ptr<detail::RotationWarper> create(float scale) const CV_OVERRIDE { return makePtr<detail::PaniniPortraitWarper>(scale, a, b); }
                                                                       ^
/usr/include/opencv2/stitching/warpers.hpp:234:129: error: invalid use of incomplete type ‘struct cv::Ptr<cv::detail::PaniniPortraitWarper>’
     Ptr<detail::RotationWarper> create(float scale) const CV_OVERRIDE { return makePtr<detail::PaniniPortraitWarper>(scale, a, b); }
                                                                                                                                 ^
In file included from /usr/include/opencv2/core/cvstd.hpp:81:0,
                 from /usr/include/opencv2/core/base.hpp:58,
                 from /usr/include/opencv2/core.hpp:53,
                 from /usr/local/include/opencv4/opencv2/opencv.hpp:52,
                 from DisplayImage.cpp:2:
/usr/include/opencv2/core/cvstd_wrapper.hpp:73:8: note: declaration of ‘struct cv::Ptr<cv::detail::PaniniPortraitWarper>’
 struct Ptr : public std::shared_ptr<T>
        ^
In file included from /usr/include/opencv2/stitching.hpp:48:0,
                 from /usr/local/include/opencv4/opencv2/opencv.hpp:86,
                 from DisplayImage.cpp:2:
/usr/include/opencv2/stitching/warpers.hpp: In member function ‘virtual cv::Ptr<cv::detail::RotationWarper> cv::MercatorWarper::create(float) const’:
/usr/include/opencv2/stitching/warpers.hpp:240:71: error: return type ‘struct cv::Ptr<cv::detail::RotationWarper>’ is incomplete
     Ptr<detail::RotationWarper> create(float scale) const CV_OVERRIDE { return makePtr<detail::MercatorWarper>(scale); }
                                                                       ^
/usr/include/opencv2/stitching/warpers.hpp:240:117: error: invalid use of incomplete type ‘struct cv::Ptr<cv::detail::MercatorWarper>’
     Ptr<detail::RotationWarper> create(float scale) const CV_OVERRIDE { return makePtr<detail::MercatorWarper>(scale); }
                                                                                                                     ^
In file included from /usr/include/opencv2/core/cvstd.hpp:81:0,
                 from /usr/include/opencv2/core/base.hpp:58,
                 from /usr/include/opencv2/core.hpp:53,
                 from /usr/local/include/opencv4/opencv2/opencv.hpp:52,
                 from DisplayImage.cpp:2:
/usr/include/opencv2/core/cvstd_wrapper.hpp:73:8: note: declaration of ‘struct cv::Ptr<cv::detail::MercatorWarper>’
 struct Ptr : public std::shared_ptr<T>
        ^
In file included from /usr/include/opencv2/stitching.hpp:48:0,
                 from /usr/local/include/opencv4/opencv2/opencv.hpp:86,
                 from DisplayImage.cpp:2:
/usr/include/opencv2/stitching/warpers.hpp: In member function ‘virtual cv::Ptr<cv::detail::RotationWarper> cv::TransverseMercatorWarper::create(float) const’:
/usr/include/opencv2/stitching/warpers.hpp:246:71: error: return type ‘struct cv::Ptr<cv::detail::RotationWarper>’ is incomplete
     Ptr<detail::RotationWarper> create(float scale) const CV_OVERRIDE { return makePtr<detail::TransverseMercatorWarper>(scale); }
                                                                       ^
/usr/include/opencv2/stitching/warpers.hpp:246:127: error: invalid use of incomplete type ‘struct cv::Ptr<cv::detail::TransverseMercatorWarper>’
     Ptr<detail::RotationWarper> create(float scale) const CV_OVERRIDE { return makePtr<detail::TransverseMercatorWarper>(scale); }
                                                                                                                               ^
In file included from /usr/include/opencv2/core/cvstd.hpp:81:0,
                 from /usr/include/opencv2/core/base.hpp:58,
                 from /usr/include/opencv2/core.hpp:53,
                 from /usr/local/include/opencv4/opencv2/opencv.hpp:52,
                 from DisplayImage.cpp:2:
/usr/include/opencv2/core/cvstd_wrapper.hpp:73:8: note: declaration of ‘struct cv::Ptr<cv::detail::TransverseMercatorWarper>’
 struct Ptr : public std::shared_ptr<T>
        ^
In file included from /usr/include/opencv2/stitching.hpp:49:0,
                 from /usr/local/include/opencv4/opencv2/opencv.hpp:86,
                 from DisplayImage.cpp:2:
/usr/include/opencv2/stitching/detail/matchers.hpp: At global scope:
/usr/include/opencv2/stitching/detail/matchers.hpp:196:26: error: field ‘impl_’ has incomplete type ‘cv::Ptr<cv::detail::FeaturesMatcher>’
     Ptr<FeaturesMatcher> impl_;
                          ^
In file included from /usr/include/opencv2/core/cvstd.hpp:81:0,
                 from /usr/include/opencv2/core/base.hpp:58,
                 from /usr/include/opencv2/core.hpp:53,
                 from /usr/local/include/opencv4/opencv2/opencv.hpp:52,
                 from DisplayImage.cpp:2:
/usr/include/opencv2/core/cvstd_wrapper.hpp:73:8: note: declaration of ‘struct cv::Ptr<cv::detail::FeaturesMatcher>’
 struct Ptr : public std::shared_ptr<T>
        ^
In file included from /usr/include/opencv2/stitching.hpp:50:0,
                 from /usr/local/include/opencv4/opencv2/opencv.hpp:86,
                 from DisplayImage.cpp:2:
/usr/include/opencv2/stitching/detail/motion_estimators.hpp: In member function ‘void cv::detail::BundleAdjusterBase::setRefinementMask(const cv::Mat&)’:
/usr/include/opencv2/stitching/detail/motion_estimators.hpp:140:26: error: ambiguous overload for ‘operator=’ (operand types are ‘cv::Mat’ and ‘cv::Mat’)
         refinement_mask_ = mask.clone();
                          ^
In file included from /usr/include/opencv2/core.hpp:58:0,
                 from /usr/local/include/opencv4/opencv2/opencv.hpp:52,
                 from DisplayImage.cpp:2:
/usr/include/opencv2/core/mat.hpp:1064:10: note: candidate: cv::Mat& cv::Mat::operator=(const cv::Mat&)
     Mat& operator = (const Mat& m);
          ^
/usr/include/opencv2/core/mat.hpp:2092:10: note: candidate: cv::Mat& cv::Mat::operator=(cv::Mat)
     Mat& operator = (Mat&& m);
          ^
In file included from /usr/include/opencv2/stitching.hpp:52:0,
                 from /usr/local/include/opencv4/opencv2/opencv.hpp:86,
                 from DisplayImage.cpp:2:
/usr/include/opencv2/stitching/detail/seam_finders.hpp: In member function ‘bool cv::detail::DpSeamFinder::ImagePairLess::operator()(const std::pair<unsigned int, unsigned int>&, const std::pair<unsigned int, unsigned int>&) const’:
/usr/include/opencv2/stitching/detail/seam_finders.hpp:155:16: error: ambiguous overload for ‘operator=’ (operand types are ‘cv::Point {aka cv::Point_<int>}’ and ‘cv::Point_<int>’)
             c1 = corners_[r.first] + Point(src_[r.first].cols / 2, src_[r.first].rows / 2);
                ^
In file included from /usr/include/opencv2/core.hpp:57:0,
                 from /usr/local/include/opencv4/opencv2/opencv.hpp:52,
                 from DisplayImage.cpp:2:
/usr/include/opencv2/core/types.hpp:1184:14: note: candidate: cv::Point_<_Tp>& cv::Point_<_Tp>::operator=(const cv::Point_<_Tp>&) [with _Tp = int]
 Point_<_Tp>& Point_<_Tp>::operator = (const Point_& pt)
              ^
/usr/include/opencv2/core/types.hpp:1191:14: note: candidate: cv::Point_<_Tp>& cv::Point_<_Tp>::operator=(cv::Point_<_Tp>) [with _Tp = int; cv::Point_<_Tp> = cv::Point_<int>]
 Point_<_Tp>& Point_<_Tp>::operator = (Point_&& pt) CV_NOEXCEPT
              ^
In file included from /usr/include/opencv2/stitching.hpp:52:0,
                 from /usr/local/include/opencv4/opencv2/opencv.hpp:86,
                 from DisplayImage.cpp:2:
/usr/include/opencv2/stitching/detail/seam_finders.hpp:156:16: error: ambiguous overload for ‘operator=’ (operand types are ‘cv::Point {aka cv::Point_<int>}’ and ‘cv::Point_<int>’)
             c2 = corners_[r.second] + Point(src_[r.second].cols / 2, src_[r.second].rows / 2);
                ^
In file included from /usr/include/opencv2/core.hpp:57:0,
                 from /usr/local/include/opencv4/opencv2/opencv.hpp:52,
                 from DisplayImage.cpp:2:
/usr/include/opencv2/core/types.hpp:1184:14: note: candidate: cv::Point_<_Tp>& cv::Point_<_Tp>::operator=(const cv::Point_<_Tp>&) [with _Tp = int]
 Point_<_Tp>& Point_<_Tp>::operator = (const Point_& pt)
              ^
/usr/include/opencv2/core/types.hpp:1191:14: note: candidate: cv::Point_<_Tp>& cv::Point_<_Tp>::operator=(cv::Point_<_Tp>) [with _Tp = int; cv::Point_<_Tp> = cv::Point_<int>]
 Point_<_Tp>& Point_<_Tp>::operator = (Point_&& pt) CV_NOEXCEPT
              ^
In file included from /usr/include/opencv2/stitching.hpp:52:0,
                 from /usr/local/include/opencv4/opencv2/opencv.hpp:86,
                 from DisplayImage.cpp:2:
/usr/include/opencv2/stitching/detail/seam_finders.hpp: At global scope:
/usr/include/opencv2/stitching/detail/seam_finders.hpp:256:29: error: field ‘impl_’ has incomplete type ‘cv::Ptr<cv::detail::PairwiseSeamFinder>’
     Ptr<PairwiseSeamFinder> impl_;
                             ^
In file included from /usr/include/opencv2/core/cvstd.hpp:81:0,
                 from /usr/include/opencv2/core/base.hpp:58,
                 from /usr/include/opencv2/core.hpp:53,
                 from /usr/local/include/opencv4/opencv2/opencv.hpp:52,
                 from DisplayImage.cpp:2:
/usr/include/opencv2/core/cvstd_wrapper.hpp:73:8: note: declaration of ‘struct cv::Ptr<cv::detail::PairwiseSeamFinder>’
 struct Ptr : public std::shared_ptr<T>
        ^
In file included from /usr/local/include/opencv4/opencv2/opencv.hpp:86:0,
                 from DisplayImage.cpp:2:
/usr/include/opencv2/stitching.hpp:316:20: error: field ‘features_finder_’ has incomplete type ‘cv::Ptr<cv::Feature2D>’
     Ptr<Feature2D> features_finder_;
                    ^
In file included from /usr/include/opencv2/core/cvstd.hpp:81:0,
                 from /usr/include/opencv2/core/base.hpp:58,
                 from /usr/include/opencv2/core.hpp:53,
                 from /usr/local/include/opencv4/opencv2/opencv.hpp:52,
                 from DisplayImage.cpp:2:
/usr/include/opencv2/core/cvstd_wrapper.hpp:73:8: note: declaration of ‘struct cv::Ptr<cv::Feature2D>’
 struct Ptr : public std::shared_ptr<T>
        ^
In file included from /usr/local/include/opencv4/opencv2/opencv.hpp:86:0,
                 from DisplayImage.cpp:2:
/usr/include/opencv2/stitching.hpp:317:34: error: field ‘features_matcher_’ has incomplete type ‘cv::Ptr<cv::detail::FeaturesMatcher>’
     Ptr<detail::FeaturesMatcher> features_matcher_;
                                  ^
In file included from /usr/include/opencv2/core/cvstd.hpp:81:0,
                 from /usr/include/opencv2/core/base.hpp:58,
                 from /usr/include/opencv2/core.hpp:53,
                 from /usr/local/include/opencv4/opencv2/opencv.hpp:52,
                 from DisplayImage.cpp:2:
/usr/include/opencv2/core/cvstd_wrapper.hpp:73:8: note: declaration of ‘struct cv::Ptr<cv::detail::FeaturesMatcher>’
 struct Ptr : public std::shared_ptr<T>
        ^
In file included from /usr/local/include/opencv4/opencv2/opencv.hpp:86:0,
                 from DisplayImage.cpp:2:
/usr/include/opencv2/stitching.hpp:319:37: error: field ‘bundle_adjuster_’ has incomplete type ‘cv::Ptr<cv::detail::BundleAdjusterBase>’
     Ptr<detail::BundleAdjusterBase> bundle_adjuster_;
                                     ^
In file included from /usr/include/opencv2/core/cvstd.hpp:81:0,
                 from /usr/include/opencv2/core/base.hpp:58,
                 from /usr/include/opencv2/core.hpp:53,
                 from /usr/local/include/opencv4/opencv2/opencv.hpp:52,
                 from DisplayImage.cpp:2:
/usr/include/opencv2/core/cvstd_wrapper.hpp:73:8: note: declaration of ‘struct cv::Ptr<cv::detail::BundleAdjusterBase>’
 struct Ptr : public std::shared_ptr<T>
        ^
In file included from /usr/local/include/opencv4/opencv2/opencv.hpp:86:0,
                 from DisplayImage.cpp:2:
/usr/include/opencv2/stitching.hpp:320:28: error: field ‘estimator_’ has incomplete type ‘cv::Ptr<cv::detail::Estimator>’
     Ptr<detail::Estimator> estimator_;
                            ^
In file included from /usr/include/opencv2/core/cvstd.hpp:81:0,
                 from /usr/include/opencv2/core/base.hpp:58,
                 from /usr/include/opencv2/core.hpp:53,
                 from /usr/local/include/opencv4/opencv2/opencv.hpp:52,
                 from DisplayImage.cpp:2:
/usr/include/opencv2/core/cvstd_wrapper.hpp:73:8: note: declaration of ‘struct cv::Ptr<cv::detail::Estimator>’
 struct Ptr : public std::shared_ptr<T>
        ^
In file included from /usr/local/include/opencv4/opencv2/opencv.hpp:86:0,
                 from DisplayImage.cpp:2:
/usr/include/opencv2/stitching.hpp:323:24: error: field ‘warper_’ has incomplete type ‘cv::Ptr<cv::WarperCreator>’
     Ptr<WarperCreator> warper_;
                        ^
In file included from /usr/include/opencv2/core/cvstd.hpp:81:0,
                 from /usr/include/opencv2/core/base.hpp:58,
                 from /usr/include/opencv2/core.hpp:53,
                 from /usr/local/include/opencv4/opencv2/opencv.hpp:52,
                 from DisplayImage.cpp:2:
/usr/include/opencv2/core/cvstd_wrapper.hpp:73:8: note: declaration of ‘struct cv::Ptr<cv::WarperCreator>’
 struct Ptr : public std::shared_ptr<T>
        ^
In file included from /usr/local/include/opencv4/opencv2/opencv.hpp:86:0,
                 from DisplayImage.cpp:2:
/usr/include/opencv2/stitching.hpp:324:38: error: field ‘exposure_comp_’ has incomplete type ‘cv::Ptr<cv::detail::ExposureCompensator>’
     Ptr<detail::ExposureCompensator> exposure_comp_;
                                      ^
In file included from /usr/include/opencv2/core/cvstd.hpp:81:0,
                 from /usr/include/opencv2/core/base.hpp:58,
                 from /usr/include/opencv2/core.hpp:53,
                 from /usr/local/include/opencv4/opencv2/opencv.hpp:52,
                 from DisplayImage.cpp:2:
/usr/include/opencv2/core/cvstd_wrapper.hpp:73:8: note: declaration of ‘struct cv::Ptr<cv::detail::ExposureCompensator>’
 struct Ptr : public std::shared_ptr<T>
        ^
In file included from /usr/local/include/opencv4/opencv2/opencv.hpp:86:0,
                 from DisplayImage.cpp:2:
/usr/include/opencv2/stitching.hpp:325:29: error: field ‘seam_finder_’ has incomplete type ‘cv::Ptr<cv::detail::SeamFinder>’
     Ptr<detail::SeamFinder> seam_finder_;
                             ^
In file included from /usr/include/opencv2/core/cvstd.hpp:81:0,
                 from /usr/include/opencv2/core/base.hpp:58,
                 from /usr/include/opencv2/core.hpp:53,
                 from /usr/local/include/opencv4/opencv2/opencv.hpp:52,
                 from DisplayImage.cpp:2:
/usr/include/opencv2/core/cvstd_wrapper.hpp:73:8: note: declaration of ‘struct cv::Ptr<cv::detail::SeamFinder>’
 struct Ptr : public std::shared_ptr<T>
        ^
In file included from /usr/local/include/opencv4/opencv2/opencv.hpp:86:0,
                 from DisplayImage.cpp:2:
/usr/include/opencv2/stitching.hpp:326:26: error: field ‘blender_’ has incomplete type ‘cv::Ptr<cv::detail::Blender>’
     Ptr<detail::Blender> blender_;
                          ^
In file included from /usr/include/opencv2/core/cvstd.hpp:81:0,
                 from /usr/include/opencv2/core/base.hpp:58,
                 from /usr/include/opencv2/core.hpp:53,
                 from /usr/local/include/opencv4/opencv2/opencv.hpp:52,
                 from DisplayImage.cpp:2:
/usr/include/opencv2/core/cvstd_wrapper.hpp:73:8: note: declaration of ‘struct cv::Ptr<cv::detail::Blender>’
 struct Ptr : public std::shared_ptr<T>
        ^
In file included from /usr/local/include/opencv4/opencv2/opencv.hpp:86:0,
                 from DisplayImage.cpp:2:
/usr/include/opencv2/stitching.hpp: In member function ‘cv::Ptr<cv::Feature2D> cv::Stitcher::featuresFinder()’:
/usr/include/opencv2/stitching.hpp:207:37: error: return type ‘struct cv::Ptr<cv::Feature2D>’ is incomplete
     Ptr<Feature2D> featuresFinder() { return features_finder_; }
                                     ^
/usr/include/opencv2/stitching.hpp: In member function ‘const cv::Ptr<cv::Feature2D> cv::Stitcher::featuresFinder() const’:
/usr/include/opencv2/stitching.hpp:208:49: error: return type ‘const struct cv::Ptr<cv::Feature2D>’ is incomplete
     const Ptr<Feature2D> featuresFinder() const { return features_finder_; }
                                                 ^
/usr/include/opencv2/stitching.hpp: In member function ‘void cv::Stitcher::setFeaturesFinder(cv::Ptr<cv::Feature2D>)’:
/usr/include/opencv2/stitching.hpp:209:43: error: ‘features_finder’ has incomplete type
     void setFeaturesFinder(Ptr<Feature2D> features_finder)
                                           ^
In file included from /usr/include/opencv2/core/cvstd.hpp:81:0,
                 from /usr/include/opencv2/core/base.hpp:58,
                 from /usr/include/opencv2/core.hpp:53,
                 from /usr/local/include/opencv4/opencv2/opencv.hpp:52,
                 from DisplayImage.cpp:2:
/usr/include/opencv2/core/cvstd_wrapper.hpp:73:8: note: declaration of ‘struct cv::Ptr<cv::Feature2D>’
 struct Ptr : public std::shared_ptr<T>
        ^
In file included from /usr/local/include/opencv4/opencv2/opencv.hpp:86:0,
                 from DisplayImage.cpp:2:
/usr/include/opencv2/stitching.hpp: In member function ‘cv::Ptr<cv::detail::FeaturesMatcher> cv::Stitcher::featuresMatcher()’:
/usr/include/opencv2/stitching.hpp:212:52: error: return type ‘struct cv::Ptr<cv::detail::FeaturesMatcher>’ is incomplete
     Ptr<detail::FeaturesMatcher> featuresMatcher() { return features_matcher_; }
                                                    ^
/usr/include/opencv2/stitching.hpp: In member function ‘const cv::Ptr<cv::detail::FeaturesMatcher> cv::Stitcher::featuresMatcher() const’:
/usr/include/opencv2/stitching.hpp:213:64: error: return type ‘const struct cv::Ptr<cv::detail::FeaturesMatcher>’ is incomplete
     const Ptr<detail::FeaturesMatcher> featuresMatcher() const { return features_matcher_; }
                                                                ^
/usr/include/opencv2/stitching.hpp: In member function ‘void cv::Stitcher::setFeaturesMatcher(cv::Ptr<cv::detail::FeaturesMatcher>)’:
/usr/include/opencv2/stitching.hpp:214:58: error: ‘features_matcher’ has incomplete type
     void setFeaturesMatcher(Ptr<detail::FeaturesMatcher> features_matcher)
                                                          ^
In file included from /usr/include/opencv2/core/cvstd.hpp:81:0,
                 from /usr/include/opencv2/core/base.hpp:58,
                 from /usr/include/opencv2/core.hpp:53,
                 from /usr/local/include/opencv4/opencv2/opencv.hpp:52,
                 from DisplayImage.cpp:2:
/usr/include/opencv2/core/cvstd_wrapper.hpp:73:8: note: declaration of ‘struct cv::Ptr<cv::detail::FeaturesMatcher>’
 struct Ptr : public std::shared_ptr<T>
        ^
In file included from /usr/local/include/opencv4/opencv2/opencv.hpp:86:0,
                 from DisplayImage.cpp:2:
/usr/include/opencv2/stitching.hpp: In member function ‘void cv::Stitcher::setMatchingMask(const cv::UMat&)’:
/usr/include/opencv2/stitching.hpp:221:24: error: ambiguous overload for ‘operator=’ (operand types are ‘cv::UMat’ and ‘cv::UMat’)
         matching_mask_ = mask.clone();
                        ^
In file included from /usr/include/opencv2/core.hpp:58:0,
                 from /usr/local/include/opencv4/opencv2/opencv.hpp:52,
                 from DisplayImage.cpp:2:
/usr/include/opencv2/core/mat.hpp:2434:11: note: candidate: cv::UMat& cv::UMat::operator=(const cv::UMat&)
     UMat& operator = (const UMat& m);
           ^
/usr/include/opencv2/core/mat.hpp:2565:11: note: candidate: cv::UMat& cv::UMat::operator=(cv::UMat)
     UMat& operator = (UMat&& m);
           ^
In file included from /usr/local/include/opencv4/opencv2/opencv.hpp:86:0,
                 from DisplayImage.cpp:2:
/usr/include/opencv2/stitching.hpp: In member function ‘cv::Ptr<cv::detail::BundleAdjusterBase> cv::Stitcher::bundleAdjuster()’:
/usr/include/opencv2/stitching.hpp:224:54: error: return type ‘struct cv::Ptr<cv::detail::BundleAdjusterBase>’ is incomplete
     Ptr<detail::BundleAdjusterBase> bundleAdjuster() { return bundle_adjuster_; }
                                                      ^
/usr/include/opencv2/stitching.hpp: In member function ‘const cv::Ptr<cv::detail::BundleAdjusterBase> cv::Stitcher::bundleAdjuster() const’:
/usr/include/opencv2/stitching.hpp:225:66: error: return type ‘const struct cv::Ptr<cv::detail::BundleAdjusterBase>’ is incomplete
     const Ptr<detail::BundleAdjusterBase> bundleAdjuster() const { return bundle_adjuster_; }
                                                                  ^
/usr/include/opencv2/stitching.hpp: In member function ‘void cv::Stitcher::setBundleAdjuster(cv::Ptr<cv::detail::BundleAdjusterBase>)’:
/usr/include/opencv2/stitching.hpp:226:60: error: ‘bundle_adjuster’ has incomplete type
     void setBundleAdjuster(Ptr<detail::BundleAdjusterBase> bundle_adjuster)
                                                            ^
In file included from /usr/include/opencv2/core/cvstd.hpp:81:0,
                 from /usr/include/opencv2/core/base.hpp:58,
                 from /usr/include/opencv2/core.hpp:53,
                 from /usr/local/include/opencv4/opencv2/opencv.hpp:52,
                 from DisplayImage.cpp:2:
/usr/include/opencv2/core/cvstd_wrapper.hpp:73:8: note: declaration of ‘struct cv::Ptr<cv::detail::BundleAdjusterBase>’
 struct Ptr : public std::shared_ptr<T>
        ^
In file included from /usr/local/include/opencv4/opencv2/opencv.hpp:86:0,
                 from DisplayImage.cpp:2:
/usr/include/opencv2/stitching.hpp: In member function ‘cv::Ptr<cv::detail::Estimator> cv::Stitcher::estimator()’:
/usr/include/opencv2/stitching.hpp:229:40: error: return type ‘struct cv::Ptr<cv::detail::Estimator>’ is incomplete
     Ptr<detail::Estimator> estimator() { return estimator_; }
                                        ^
/usr/include/opencv2/stitching.hpp: In member function ‘const cv::Ptr<cv::detail::Estimator> cv::Stitcher::estimator() const’:
/usr/include/opencv2/stitching.hpp:230:52: error: return type ‘const struct cv::Ptr<cv::detail::Estimator>’ is incomplete
     const Ptr<detail::Estimator> estimator() const { return estimator_; }
                                                    ^
/usr/include/opencv2/stitching.hpp: In member function ‘void cv::Stitcher::setEstimator(cv::Ptr<cv::detail::Estimator>)’:
/usr/include/opencv2/stitching.hpp:231:46: error: ‘estimator’ has incomplete type
     void setEstimator(Ptr<detail::Estimator> estimator)
                                              ^
In file included from /usr/include/opencv2/core/cvstd.hpp:81:0,
                 from /usr/include/opencv2/core/base.hpp:58,
                 from /usr/include/opencv2/core.hpp:53,
                 from /usr/local/include/opencv4/opencv2/opencv.hpp:52,
                 from DisplayImage.cpp:2:
/usr/include/opencv2/core/cvstd_wrapper.hpp:73:8: note: declaration of ‘struct cv::Ptr<cv::detail::Estimator>’
 struct Ptr : public std::shared_ptr<T>
        ^
In file included from /usr/local/include/opencv4/opencv2/opencv.hpp:86:0,
                 from DisplayImage.cpp:2:
/usr/include/opencv2/stitching.hpp: In member function ‘cv::Ptr<cv::WarperCreator> cv::Stitcher::warper()’:
/usr/include/opencv2/stitching.hpp:234:33: error: return type ‘struct cv::Ptr<cv::WarperCreator>’ is incomplete
     Ptr<WarperCreator> warper() { return warper_; }
                                 ^
/usr/include/opencv2/stitching.hpp: In member function ‘const cv::Ptr<cv::WarperCreator> cv::Stitcher::warper() const’:
/usr/include/opencv2/stitching.hpp:235:45: error: return type ‘const struct cv::Ptr<cv::WarperCreator>’ is incomplete
     const Ptr<WarperCreator> warper() const { return warper_; }
                                             ^
/usr/include/opencv2/stitching.hpp: In member function ‘void cv::Stitcher::setWarper(cv::Ptr<cv::WarperCreator>)’:
/usr/include/opencv2/stitching.hpp:236:39: error: ‘creator’ has incomplete type
     void setWarper(Ptr<WarperCreator> creator) { warper_ = creator; }
                                       ^
In file included from /usr/include/opencv2/core/cvstd.hpp:81:0,
                 from /usr/include/opencv2/core/base.hpp:58,
                 from /usr/include/opencv2/core.hpp:53,
                 from /usr/local/include/opencv4/opencv2/opencv.hpp:52,
                 from DisplayImage.cpp:2:
/usr/include/opencv2/core/cvstd_wrapper.hpp:73:8: note: declaration of ‘struct cv::Ptr<cv::WarperCreator>’
 struct Ptr : public std::shared_ptr<T>
        ^
In file included from /usr/local/include/opencv4/opencv2/opencv.hpp:86:0,
                 from DisplayImage.cpp:2:
/usr/include/opencv2/stitching.hpp: In member function ‘cv::Ptr<cv::detail::ExposureCompensator> cv::Stitcher::exposureCompensator()’:
/usr/include/opencv2/stitching.hpp:238:60: error: return type ‘struct cv::Ptr<cv::detail::ExposureCompensator>’ is incomplete
     Ptr<detail::ExposureCompensator> exposureCompensator() { return exposure_comp_; }
                                                            ^
/usr/include/opencv2/stitching.hpp: In member function ‘const cv::Ptr<cv::detail::ExposureCompensator> cv::Stitcher::exposureCompensator() const’:
/usr/include/opencv2/stitching.hpp:239:72: error: return type ‘const struct cv::Ptr<cv::detail::ExposureCompensator>’ is incomplete
     const Ptr<detail::ExposureCompensator> exposureCompensator() const { return exposure_comp_; }
                                                                        ^
/usr/include/opencv2/stitching.hpp: In member function ‘void cv::Stitcher::setExposureCompensator(cv::Ptr<cv::detail::ExposureCompensator>)’:
/usr/include/opencv2/stitching.hpp:240:66: error: ‘exposure_comp’ has incomplete type
     void setExposureCompensator(Ptr<detail::ExposureCompensator> exposure_comp)
                                                                  ^
In file included from /usr/include/opencv2/core/cvstd.hpp:81:0,
                 from /usr/include/opencv2/core/base.hpp:58,
                 from /usr/include/opencv2/core.hpp:53,
                 from /usr/local/include/opencv4/opencv2/opencv.hpp:52,
                 from DisplayImage.cpp:2:
/usr/include/opencv2/core/cvstd_wrapper.hpp:73:8: note: declaration of ‘struct cv::Ptr<cv::detail::ExposureCompensator>’
 struct Ptr : public std::shared_ptr<T>
        ^
In file included from /usr/local/include/opencv4/opencv2/opencv.hpp:86:0,
                 from DisplayImage.cpp:2:
/usr/include/opencv2/stitching.hpp: In member function ‘cv::Ptr<cv::detail::SeamFinder> cv::Stitcher::seamFinder()’:
/usr/include/opencv2/stitching.hpp:243:42: error: return type ‘struct cv::Ptr<cv::detail::SeamFinder>’ is incomplete
     Ptr<detail::SeamFinder> seamFinder() { return seam_finder_; }
                                          ^
/usr/include/opencv2/stitching.hpp: In member function ‘const cv::Ptr<cv::detail::SeamFinder> cv::Stitcher::seamFinder() const’:
/usr/include/opencv2/stitching.hpp:244:54: error: return type ‘const struct cv::Ptr<cv::detail::SeamFinder>’ is incomplete
     const Ptr<detail::SeamFinder> seamFinder() const { return seam_finder_; }
                                                      ^
/usr/include/opencv2/stitching.hpp: In member function ‘void cv::Stitcher::setSeamFinder(cv::Ptr<cv::detail::SeamFinder>)’:
/usr/include/opencv2/stitching.hpp:245:48: error: ‘seam_finder’ has incomplete type
     void setSeamFinder(Ptr<detail::SeamFinder> seam_finder) { seam_finder_ = seam_finder; }
                                                ^
In file included from /usr/include/opencv2/core/cvstd.hpp:81:0,
                 from /usr/include/opencv2/core/base.hpp:58,
                 from /usr/include/opencv2/core.hpp:53,
                 from /usr/local/include/opencv4/opencv2/opencv.hpp:52,
                 from DisplayImage.cpp:2:
/usr/include/opencv2/core/cvstd_wrapper.hpp:73:8: note: declaration of ‘struct cv::Ptr<cv::detail::SeamFinder>’
 struct Ptr : public std::shared_ptr<T>
        ^
In file included from /usr/local/include/opencv4/opencv2/opencv.hpp:86:0,
                 from DisplayImage.cpp:2:
/usr/include/opencv2/stitching.hpp: In member function ‘cv::Ptr<cv::detail::Blender> cv::Stitcher::blender()’:
/usr/include/opencv2/stitching.hpp:247:36: error: return type ‘struct cv::Ptr<cv::detail::Blender>’ is incomplete
     Ptr<detail::Blender> blender() { return blender_; }
                                    ^
/usr/include/opencv2/stitching.hpp: In member function ‘const cv::Ptr<cv::detail::Blender> cv::Stitcher::blender() const’:
/usr/include/opencv2/stitching.hpp:248:48: error: return type ‘const struct cv::Ptr<cv::detail::Blender>’ is incomplete
     const Ptr<detail::Blender> blender() const { return blender_; }
                                                ^
/usr/include/opencv2/stitching.hpp: In member function ‘void cv::Stitcher::setBlender(cv::Ptr<cv::detail::Blender>)’:
/usr/include/opencv2/stitching.hpp:249:42: error: ‘b’ has incomplete type
     void setBlender(Ptr<detail::Blender> b) { blender_ = b; }
                                          ^
In file included from /usr/include/opencv2/core/cvstd.hpp:81:0,
                 from /usr/include/opencv2/core/base.hpp:58,
                 from /usr/include/opencv2/core.hpp:53,
                 from /usr/local/include/opencv4/opencv2/opencv.hpp:52,
                 from DisplayImage.cpp:2:
/usr/include/opencv2/core/cvstd_wrapper.hpp:73:8: note: declaration of ‘struct cv::Ptr<cv::detail::Blender>’
 struct Ptr : public std::shared_ptr<T>
        ^
DisplayImage.cpp: In function ‘int main(int, char**)’:
DisplayImage.cpp:12:11: error: ambiguous overload for ‘operator=’ (operand types are ‘cv::Mat’ and ‘cv::Mat’)
     image = imread( argv[1], 1 );
           ^
In file included from /usr/include/opencv2/core.hpp:58:0,
                 from /usr/local/include/opencv4/opencv2/opencv.hpp:52,
                 from DisplayImage.cpp:2:
/usr/include/opencv2/core/mat.hpp:1064:10: note: candidate: cv::Mat& cv::Mat::operator=(const cv::Mat&)
     Mat& operator = (const Mat& m);
          ^
/usr/include/opencv2/core/mat.hpp:2092:10: note: candidate: cv::Mat& cv::Mat::operator=(cv::Mat)
     Mat& operator = (Mat&& m);
          ^
In file included from /usr/include/opencv2/core.hpp:59:0,
                 from /usr/local/include/opencv4/opencv2/opencv.hpp:52,
                 from DisplayImage.cpp:2:
/usr/include/opencv2/core/persistence.hpp: In instantiation of ‘void cv::read(const cv::FileNode&, cv::Point_<_Tp>&, const cv::Point_<_Tp>&) [with _Tp = int]’:
/usr/include/opencv2/core/persistence.hpp:795:34:   required from here
/usr/include/opencv2/core/persistence.hpp:739:11: error: ambiguous overload for ‘operator=’ (operand types are ‘cv::Point_<int>’ and ‘const cv::Point_<int>’)
     value = temp.size() != 2 ? default_value : Point_<_Tp>(saturate_cast<_Tp>(temp[0]), saturate_cast<_Tp>(temp[1]));
           ^
In file included from /usr/include/opencv2/core.hpp:57:0,
                 from /usr/local/include/opencv4/opencv2/opencv.hpp:52,
                 from DisplayImage.cpp:2:
/usr/include/opencv2/core/types.hpp:1184:14: note: candidate: cv::Point_<_Tp>& cv::Point_<_Tp>::operator=(const cv::Point_<_Tp>&) [with _Tp = int]
 Point_<_Tp>& Point_<_Tp>::operator = (const Point_& pt)
              ^
/usr/include/opencv2/core/types.hpp:1191:14: note: candidate: cv::Point_<_Tp>& cv::Point_<_Tp>::operator=(cv::Point_<_Tp>) [with _Tp = int; cv::Point_<_Tp> = cv::Point_<int>]
 Point_<_Tp>& Point_<_Tp>::operator = (Point_&& pt) CV_NOEXCEPT
              ^
In file included from /usr/include/opencv2/core/cvstd.hpp:81:0,
                 from /usr/include/opencv2/core/base.hpp:58,
                 from /usr/include/opencv2/core.hpp:53,
                 from /usr/local/include/opencv4/opencv2/opencv.hpp:52,
                 from DisplayImage.cpp:2:
/usr/include/opencv2/core/cvstd_wrapper.hpp: In instantiation of ‘cv::Ptr<_Tp> cv::makePtr(const A1& ...) [with _Tp = cv::flann::KDTreeIndexParams; A1 = {}]’:
/usr/include/opencv2/features2d.hpp:1232:109:   required from here
/usr/include/opencv2/core/cvstd_wrapper.hpp:143:10: error: return type ‘struct cv::Ptr<cv::flann::KDTreeIndexParams>’ is incomplete
 Ptr<_Tp> makePtr(const A1&... a1)
          ^
/usr/include/opencv2/core/cvstd_wrapper.hpp:145:20: error: ‘value’ is not a member of ‘cv::has_custom_delete<cv::flann::KDTreeIndexParams, void>’
     static_assert( !has_custom_delete<_Tp>::value, "Can't use this makePtr with custom DefaultDeleter");
                    ^
/usr/include/opencv2/core/cvstd_wrapper.hpp:145:18: error: ‘static_assert’ was not declared in this scope
     static_assert( !has_custom_delete<_Tp>::value, "Can't use this makePtr with custom DefaultDeleter");
                  ^
/usr/include/opencv2/core/cvstd_wrapper.hpp: In instantiation of ‘cv::Ptr<_Tp> cv::makePtr(const A1& ...) [with _Tp = cv::flann::SearchParams; A1 = {}]’:
/usr/include/opencv2/features2d.hpp:1233:98:   required from here
/usr/include/opencv2/core/cvstd_wrapper.hpp:143:10: error: return type ‘struct cv::Ptr<cv::flann::SearchParams>’ is incomplete
 Ptr<_Tp> makePtr(const A1&... a1)
          ^
/usr/include/opencv2/core/cvstd_wrapper.hpp:145:20: error: ‘value’ is not a member of ‘cv::has_custom_delete<cv::flann::SearchParams, void>’
     static_assert( !has_custom_delete<_Tp>::value, "Can't use this makePtr with custom DefaultDeleter");
                    ^
/usr/include/opencv2/core/cvstd_wrapper.hpp:145:18: error: ‘static_assert’ was not declared in this scope
     static_assert( !has_custom_delete<_Tp>::value, "Can't use this makePtr with custom DefaultDeleter");
                  ^
/usr/include/opencv2/core/cvstd_wrapper.hpp: In instantiation of ‘cv::Ptr<_Tp> cv::makePtr(const A1& ...) [with _Tp = cv::detail::PlaneWarper; A1 = {float}]’:
/usr/include/opencv2/stitching/warpers.hpp:153:114:   required from here
/usr/include/opencv2/core/cvstd_wrapper.hpp:143:10: error: return type ‘struct cv::Ptr<cv::detail::PlaneWarper>’ is incomplete
 Ptr<_Tp> makePtr(const A1&... a1)
          ^
/usr/include/opencv2/core/cvstd_wrapper.hpp:145:20: error: ‘value’ is not a member of ‘cv::has_custom_delete<cv::detail::PlaneWarper, void>’
     static_assert( !has_custom_delete<_Tp>::value, "Can't use this makePtr with custom DefaultDeleter");
                    ^
/usr/include/opencv2/core/cvstd_wrapper.hpp:145:18: error: ‘static_assert’ was not declared in this scope
     static_assert( !has_custom_delete<_Tp>::value, "Can't use this makePtr with custom DefaultDeleter");
                  ^
/usr/include/opencv2/core/cvstd_wrapper.hpp: In instantiation of ‘cv::Ptr<_Tp> cv::makePtr(const A1& ...) [with _Tp = cv::detail::AffineWarper; A1 = {float}]’:
/usr/include/opencv2/stitching/warpers.hpp:162:115:   required from here
/usr/include/opencv2/core/cvstd_wrapper.hpp:143:10: error: return type ‘struct cv::Ptr<cv::detail::AffineWarper>’ is incomplete
 Ptr<_Tp> makePtr(const A1&... a1)
          ^
/usr/include/opencv2/core/cvstd_wrapper.hpp:145:20: error: ‘value’ is not a member of ‘cv::has_custom_delete<cv::detail::AffineWarper, void>’
     static_assert( !has_custom_delete<_Tp>::value, "Can't use this makePtr with custom DefaultDeleter");
                    ^
/usr/include/opencv2/core/cvstd_wrapper.hpp:145:18: error: ‘static_assert’ was not declared in this scope
     static_assert( !has_custom_delete<_Tp>::value, "Can't use this makePtr with custom DefaultDeleter");
                  ^
/usr/include/opencv2/core/cvstd_wrapper.hpp: In instantiation of ‘cv::Ptr<_Tp> cv::makePtr(const A1& ...) [with _Tp = cv::detail::CylindricalWarper; A1 = {float}]’:
/usr/include/opencv2/stitching/warpers.hpp:171:120:   required from here
/usr/include/opencv2/core/cvstd_wrapper.hpp:143:10: error: return type ‘struct cv::Ptr<cv::detail::CylindricalWarper>’ is incomplete
 Ptr<_Tp> makePtr(const A1&... a1)
          ^
/usr/include/opencv2/core/cvstd_wrapper.hpp:145:20: error: ‘value’ is not a member of ‘cv::has_custom_delete<cv::detail::CylindricalWarper, void>’
     static_assert( !has_custom_delete<_Tp>::value, "Can't use this makePtr with custom DefaultDeleter");
                    ^
/usr/include/opencv2/core/cvstd_wrapper.hpp:145:18: error: ‘static_assert’ was not declared in this scope
     static_assert( !has_custom_delete<_Tp>::value, "Can't use this makePtr with custom DefaultDeleter");
                  ^
/usr/include/opencv2/core/cvstd_wrapper.hpp: In instantiation of ‘cv::Ptr<_Tp> cv::makePtr(const A1& ...) [with _Tp = cv::detail::SphericalWarper; A1 = {float}]’:
/usr/include/opencv2/stitching/warpers.hpp:178:118:   required from here
/usr/include/opencv2/core/cvstd_wrapper.hpp:143:10: error: return type ‘struct cv::Ptr<cv::detail::SphericalWarper>’ is incomplete
 Ptr<_Tp> makePtr(const A1&... a1)
          ^
/usr/include/opencv2/core/cvstd_wrapper.hpp:145:20: error: ‘value’ is not a member of ‘cv::has_custom_delete<cv::detail::SphericalWarper, void>’
     static_assert( !has_custom_delete<_Tp>::value, "Can't use this makePtr with custom DefaultDeleter");
                    ^
/usr/include/opencv2/core/cvstd_wrapper.hpp:145:18: error: ‘static_assert’ was not declared in this scope
     static_assert( !has_custom_delete<_Tp>::value, "Can't use this makePtr with custom DefaultDeleter");
                  ^
/usr/include/opencv2/core/cvstd_wrapper.hpp: In instantiation of ‘cv::Ptr<_Tp> cv::makePtr(const A1& ...) [with _Tp = cv::detail::FisheyeWarper; A1 = {float}]’:
/usr/include/opencv2/stitching/warpers.hpp:184:116:   required from here
/usr/include/opencv2/core/cvstd_wrapper.hpp:143:10: error: return type ‘struct cv::Ptr<cv::detail::FisheyeWarper>’ is incomplete
 Ptr<_Tp> makePtr(const A1&... a1)
          ^
/usr/include/opencv2/core/cvstd_wrapper.hpp:145:20: error: ‘value’ is not a member of ‘cv::has_custom_delete<cv::detail::FisheyeWarper, void>’
     static_assert( !has_custom_delete<_Tp>::value, "Can't use this makePtr with custom DefaultDeleter");
                    ^
/usr/include/opencv2/core/cvstd_wrapper.hpp:145:18: error: ‘static_assert’ was not declared in this scope
     static_assert( !has_custom_delete<_Tp>::value, "Can't use this makePtr with custom DefaultDeleter");
                  ^
/usr/include/opencv2/core/cvstd_wrapper.hpp: In instantiation of ‘cv::Ptr<_Tp> cv::makePtr(const A1& ...) [with _Tp = cv::detail::StereographicWarper; A1 = {float}]’:
/usr/include/opencv2/stitching/warpers.hpp:190:122:   required from here
/usr/include/opencv2/core/cvstd_wrapper.hpp:143:10: error: return type ‘struct cv::Ptr<cv::detail::StereographicWarper>’ is incomplete
 Ptr<_Tp> makePtr(const A1&... a1)
          ^
/usr/include/opencv2/core/cvstd_wrapper.hpp:145:20: error: ‘value’ is not a member of ‘cv::has_custom_delete<cv::detail::StereographicWarper, void>’
     static_assert( !has_custom_delete<_Tp>::value, "Can't use this makePtr with custom DefaultDeleter");
                    ^
/usr/include/opencv2/core/cvstd_wrapper.hpp:145:18: error: ‘static_assert’ was not declared in this scope
     static_assert( !has_custom_delete<_Tp>::value, "Can't use this makePtr with custom DefaultDeleter");
                  ^
/usr/include/opencv2/core/cvstd_wrapper.hpp: In instantiation of ‘cv::Ptr<_Tp> cv::makePtr(const A1& ...) [with _Tp = cv::detail::CompressedRectilinearWarper; A1 = {float, float, float}]’:
/usr/include/opencv2/stitching/warpers.hpp:201:136:   required from here
/usr/include/opencv2/core/cvstd_wrapper.hpp:143:10: error: return type ‘struct cv::Ptr<cv::detail::CompressedRectilinearWarper>’ is incomplete
 Ptr<_Tp> makePtr(const A1&... a1)
          ^
/usr/include/opencv2/core/cvstd_wrapper.hpp:145:20: error: ‘value’ is not a member of ‘cv::has_custom_delete<cv::detail::CompressedRectilinearWarper, void>’
     static_assert( !has_custom_delete<_Tp>::value, "Can't use this makePtr with custom DefaultDeleter");
                    ^
/usr/include/opencv2/core/cvstd_wrapper.hpp:145:18: error: ‘static_assert’ was not declared in this scope
     static_assert( !has_custom_delete<_Tp>::value, "Can't use this makePtr with custom DefaultDeleter");
                  ^
/usr/include/opencv2/core/cvstd_wrapper.hpp: In instantiation of ‘cv::Ptr<_Tp> cv::makePtr(const A1& ...) [with _Tp = cv::detail::CompressedRectilinearPortraitWarper; A1 = {float, float, float}]’:
/usr/include/opencv2/stitching/warpers.hpp:212:144:   required from here
/usr/include/opencv2/core/cvstd_wrapper.hpp:143:10: error: return type ‘struct cv::Ptr<cv::detail::CompressedRectilinearPortraitWarper>’ is incomplete
 Ptr<_Tp> makePtr(const A1&... a1)
          ^
/usr/include/opencv2/core/cvstd_wrapper.hpp:145:20: error: ‘value’ is not a member of ‘cv::has_custom_delete<cv::detail::CompressedRectilinearPortraitWarper, void>’
     static_assert( !has_custom_delete<_Tp>::value, "Can't use this makePtr with custom DefaultDeleter");
                    ^
/usr/include/opencv2/core/cvstd_wrapper.hpp:145:18: error: ‘static_assert’ was not declared in this scope
     static_assert( !has_custom_delete<_Tp>::value, "Can't use this makePtr with custom DefaultDeleter");
                  ^
/usr/include/opencv2/core/cvstd_wrapper.hpp: In instantiation of ‘cv::Ptr<_Tp> cv::makePtr(const A1& ...) [with _Tp = cv::detail::PaniniWarper; A1 = {float, float, float}]’:
/usr/include/opencv2/stitching/warpers.hpp:223:121:   required from here
/usr/include/opencv2/core/cvstd_wrapper.hpp:143:10: error: return type ‘struct cv::Ptr<cv::detail::PaniniWarper>’ is incomplete
 Ptr<_Tp> makePtr(const A1&... a1)
          ^
/usr/include/opencv2/core/cvstd_wrapper.hpp:145:20: error: ‘value’ is not a member of ‘cv::has_custom_delete<cv::detail::PaniniWarper, void>’
     static_assert( !has_custom_delete<_Tp>::value, "Can't use this makePtr with custom DefaultDeleter");
                    ^
/usr/include/opencv2/core/cvstd_wrapper.hpp:145:18: error: ‘static_assert’ was not declared in this scope
     static_assert( !has_custom_delete<_Tp>::value, "Can't use this makePtr with custom DefaultDeleter");
                  ^
/usr/include/opencv2/core/cvstd_wrapper.hpp: In instantiation of ‘cv::Ptr<_Tp> cv::makePtr(const A1& ...) [with _Tp = cv::detail::PaniniPortraitWarper; A1 = {float, float, float}]’:
/usr/include/opencv2/stitching/warpers.hpp:234:129:   required from here
/usr/include/opencv2/core/cvstd_wrapper.hpp:143:10: error: return type ‘struct cv::Ptr<cv::detail::PaniniPortraitWarper>’ is incomplete
 Ptr<_Tp> makePtr(const A1&... a1)
          ^
/usr/include/opencv2/core/cvstd_wrapper.hpp:145:20: error: ‘value’ is not a member of ‘cv::has_custom_delete<cv::detail::PaniniPortraitWarper, void>’
     static_assert( !has_custom_delete<_Tp>::value, "Can't use this makePtr with custom DefaultDeleter");
                    ^
/usr/include/opencv2/core/cvstd_wrapper.hpp:145:18: error: ‘static_assert’ was not declared in this scope
     static_assert( !has_custom_delete<_Tp>::value, "Can't use this makePtr with custom DefaultDeleter");
                  ^
/usr/include/opencv2/core/cvstd_wrapper.hpp: In instantiation of ‘cv::Ptr<_Tp> cv::makePtr(const A1& ...) [with _Tp = cv::detail::MercatorWarper; A1 = {float}]’:
/usr/include/opencv2/stitching/warpers.hpp:240:117:   required from here
/usr/include/opencv2/core/cvstd_wrapper.hpp:143:10: error: return type ‘struct cv::Ptr<cv::detail::MercatorWarper>’ is incomplete
 Ptr<_Tp> makePtr(const A1&... a1)
          ^
/usr/include/opencv2/core/cvstd_wrapper.hpp:145:20: error: ‘value’ is not a member of ‘cv::has_custom_delete<cv::detail::MercatorWarper, void>’
     static_assert( !has_custom_delete<_Tp>::value, "Can't use this makePtr with custom DefaultDeleter");
                    ^
/usr/include/opencv2/core/cvstd_wrapper.hpp:145:18: error: ‘static_assert’ was not declared in this scope
     static_assert( !has_custom_delete<_Tp>::value, "Can't use this makePtr with custom DefaultDeleter");
                  ^
/usr/include/opencv2/core/cvstd_wrapper.hpp: In instantiation of ‘cv::Ptr<_Tp> cv::makePtr(const A1& ...) [with _Tp = cv::detail::TransverseMercatorWarper; A1 = {float}]’:
/usr/include/opencv2/stitching/warpers.hpp:246:127:   required from here
/usr/include/opencv2/core/cvstd_wrapper.hpp:143:10: error: return type ‘struct cv::Ptr<cv::detail::TransverseMercatorWarper>’ is incomplete
 Ptr<_Tp> makePtr(const A1&... a1)
          ^
/usr/include/opencv2/core/cvstd_wrapper.hpp:145:20: error: ‘value’ is not a member of ‘cv::has_custom_delete<cv::detail::TransverseMercatorWarper, void>’
     static_assert( !has_custom_delete<_Tp>::value, "Can't use this makePtr with custom DefaultDeleter");
                    ^
/usr/include/opencv2/core/cvstd_wrapper.hpp:145:18: error: ‘static_assert’ was not declared in this scope
     static_assert( !has_custom_delete<_Tp>::value, "Can't use this makePtr with custom DefaultDeleter");
                  ^
In file included from /usr/include/c++/5/vector:69:0,
                 from /usr/include/opencv2/core/types.hpp:53,
                 from /usr/include/opencv2/core.hpp:57,
                 from /usr/local/include/opencv4/opencv2/opencv.hpp:52,
                 from DisplayImage.cpp:2:
/usr/include/c++/5/bits/vector.tcc: In instantiation of ‘void std::vector<_Tp, _Alloc>::_M_insert_aux(std::vector<_Tp, _Alloc>::iterator, const _Tp&) [with _Tp = cv::Rect_<int>; _Alloc = std::allocator<cv::Rect_<int> >; std::vector<_Tp, _Alloc>::iterator = __gnu_cxx::__normal_iterator<cv::Rect_<int>*, std::vector<cv::Rect_<int> > >; typename std::_Vector_base<_Tp, _Alloc>::pointer = cv::Rect_<int>*]’:
/usr/include/c++/5/bits/stl_vector.h:925:17:   required from ‘void std::vector<_Tp, _Alloc>::push_back(const value_type&) [with _Tp = cv::Rect_<int>; _Alloc = std::allocator<cv::Rect_<int> >; std::vector<_Tp, _Alloc>::value_type = cv::Rect_<int>]’
/usr/include/opencv2/objdetect/detection_based_tracker.hpp:193:45:   required from here
/usr/include/c++/5/bits/vector.tcc:343:16: error: ambiguous overload for ‘operator=’ (operand types are ‘cv::Rect_<int>’ and ‘cv::Rect_<int>’)
    *__position = __x_copy;
                ^
In file included from /usr/include/opencv2/core.hpp:57:0,
                 from /usr/local/include/opencv4/opencv2/opencv.hpp:52,
                 from DisplayImage.cpp:2:
/usr/include/opencv2/core/types.hpp:1852:13: note: candidate: cv::Rect_<_Tp>& cv::Rect_<_Tp>::operator=(const cv::Rect_<_Tp>&) [with _Tp = int]
 Rect_<_Tp>& Rect_<_Tp>::operator = ( const Rect_<_Tp>& r )
             ^
/usr/include/opencv2/core/types.hpp:1862:13: note: candidate: cv::Rect_<_Tp>& cv::Rect_<_Tp>::operator=(cv::Rect_<_Tp>) [with _Tp = int]
 Rect_<_Tp>& Rect_<_Tp>::operator = ( Rect_<_Tp>&& r ) CV_NOEXCEPT
             ^
/usr/include/opencv2/core/types.hpp: In instantiation of ‘static _OI std::__copy_move<false, false, std::random_access_iterator_tag>::__copy_m(_II, _II, _OI) [with _II = const cv::KeyPoint*; _OI = cv::KeyPoint*]’:
/usr/include/c++/5/bits/stl_algobase.h:402:44:   required from ‘_OI std::__copy_move_a(_II, _II, _OI) [with bool _IsMove = false; _II = const cv::KeyPoint*; _OI = cv::KeyPoint*]’
/usr/include/c++/5/bits/stl_algobase.h:438:45:   required from ‘_OI std::__copy_move_a2(_II, _II, _OI) [with bool _IsMove = false; _II = __gnu_cxx::__normal_iterator<const cv::KeyPoint*, std::vector<cv::KeyPoint> >; _OI = __gnu_cxx::__normal_iterator<cv::KeyPoint*, std::vector<cv::KeyPoint> >]’
/usr/include/c++/5/bits/stl_algobase.h:471:8:   required from ‘_OI std::copy(_II, _II, _OI) [with _II = __gnu_cxx::__normal_iterator<const cv::KeyPoint*, std::vector<cv::KeyPoint> >; _OI = __gnu_cxx::__normal_iterator<cv::KeyPoint*, std::vector<cv::KeyPoint> >]’
/usr/include/c++/5/bits/vector.tcc:206:31:   required from ‘std::vector<_Tp, _Alloc>& std::vector<_Tp, _Alloc>::operator=(const std::vector<_Tp, _Alloc>&) [with _Tp = cv::KeyPoint; _Alloc = std::allocator<cv::KeyPoint>]’
/usr/include/opencv2/core/persistence.hpp:1197:13:   required from here
/usr/include/opencv2/core/types.hpp:711:27: error: ambiguous overload for ‘operator=’ (operand types are ‘cv::Point2f {aka cv::Point_<float>}’ and ‘const Point2f {aka const cv::Point_<float>}’)
 class CV_EXPORTS_W_SIMPLE KeyPoint
                           ^
In file included from /usr/include/opencv2/core.hpp:57:0,
                 from /usr/local/include/opencv4/opencv2/opencv.hpp:52,
                 from DisplayImage.cpp:2:
/usr/include/opencv2/core/types.hpp:170:13: note: candidate: cv::Point_<_Tp>& cv::Point_<_Tp>::operator=(const cv::Point_<_Tp>&) [with _Tp = float]
     Point_& operator = (const Point_& pt);
             ^
/usr/include/opencv2/core/types.hpp:171:13: note: candidate: cv::Point_<_Tp>& cv::Point_<_Tp>::operator=(cv::Point_<_Tp>) [with _Tp = float; cv::Point_<_Tp> = cv::Point_<float>]
     Point_& operator = (Point_&& pt) CV_NOEXCEPT;
             ^
In file included from /usr/include/c++/5/algorithm:61:0,
                 from /usr/include/opencv2/core/base.hpp:55,
                 from /usr/include/opencv2/core.hpp:53,
                 from /usr/local/include/opencv4/opencv2/opencv.hpp:52,
                 from DisplayImage.cpp:2:
/usr/include/c++/5/bits/stl_algobase.h:340:18: note: synthesized method ‘cv::KeyPoint& cv::KeyPoint::operator=(const cv::KeyPoint&)’ first required here 
        *__result = *__first;
                  ^
/usr/include/c++/5/bits/stl_algobase.h: In instantiation of ‘static _BI2 std::__copy_move_backward<false, false, std::random_access_iterator_tag>::__copy_move_b(_BI1, _BI1, _BI2) [with _BI1 = cv::Rect_<int>*; _BI2 = cv::Rect_<int>*]’:
/usr/include/c++/5/bits/stl_algobase.h:604:58:   required from ‘_BI2 std::__copy_move_backward_a(_BI1, _BI1, _BI2) [with bool _IsMove = false; _BI1 = cv::Rect_<int>*; _BI2 = cv::Rect_<int>*]’
/usr/include/c++/5/bits/stl_algobase.h:614:5:   required from ‘_BI2 std::__copy_move_backward_a2(_BI1, _BI1, _BI2) [with bool _IsMove = false; _BI1 = cv::Rect_<int>*; _BI2 = cv::Rect_<int>*]’
/usr/include/c++/5/bits/stl_algobase.h:649:8:   required from ‘_BI2 std::copy_backward(_BI1, _BI1, _BI2) [with _BI1 = cv::Rect_<int>*; _BI2 = cv::Rect_<int>*]’
/usr/include/c++/5/bits/vector.tcc:339:4:   required from ‘void std::vector<_Tp, _Alloc>::_M_insert_aux(std::vector<_Tp, _Alloc>::iterator, const _Tp&) [with _Tp = cv::Rect_<int>; _Alloc = std::allocator<cv::Rect_<int> >; std::vector<_Tp, _Alloc>::iterator = __gnu_cxx::__normal_iterator<cv::Rect_<int>*, std::vector<cv::Rect_<int> > >; typename std::_Vector_base<_Tp, _Alloc>::pointer = cv::Rect_<int>*]’
/usr/include/c++/5/bits/stl_vector.h:925:17:   required from ‘void std::vector<_Tp, _Alloc>::push_back(const value_type&) [with _Tp = cv::Rect_<int>; _Alloc = std::allocator<cv::Rect_<int> >; std::vector<_Tp, _Alloc>::value_type = cv::Rect_<int>]’
/usr/include/opencv2/objdetect/detection_based_tracker.hpp:193:45:   required from here
/usr/include/c++/5/bits/stl_algobase.h:549:18: error: ambiguous overload for ‘operator=’ (operand types are ‘cv::Rect_<int>’ and ‘cv::Rect_<int>’)
      *--__result = *--__last;
                  ^
In file included from /usr/include/opencv2/core.hpp:57:0,
                 from /usr/local/include/opencv4/opencv2/opencv.hpp:52,
                 from DisplayImage.cpp:2:
/usr/include/opencv2/core/types.hpp:1852:13: note: candidate: cv::Rect_<_Tp>& cv::Rect_<_Tp>::operator=(const cv::Rect_<_Tp>&) [with _Tp = int]
 Rect_<_Tp>& Rect_<_Tp>::operator = ( const Rect_<_Tp>& r )
             ^
/usr/include/opencv2/core/types.hpp:1862:13: note: candidate: cv::Rect_<_Tp>& cv::Rect_<_Tp>::operator=(cv::Rect_<_Tp>) [with _Tp = int]
 Rect_<_Tp>& Rect_<_Tp>::operator = ( Rect_<_Tp>&& r ) CV_NOEXCEPT
             ^
